.\Tut 16 Gamma RampD.ilk
.\Tut 16 Gamma RampD.pdb
F:\modern_opengl_course\tut_visual_studio\Tutorial 0.3.8\Tut 16 Gamma and Textures\.\Tut 16 Gamma RampD.exe
F:\modern_opengl_course\tut_visual_studio\Tutorial 0.3.8\Tut 16 Gamma and Textures\obj\Debug\Tut 16 Gamma Ramp\cl.command.1.tlog
F:\modern_opengl_course\tut_visual_studio\Tutorial 0.3.8\Tut 16 Gamma and Textures\obj\Debug\Tut 16 Gamma Ramp\CL.read.1.tlog
F:\modern_opengl_course\tut_visual_studio\Tutorial 0.3.8\Tut 16 Gamma and Textures\obj\Debug\Tut 16 Gamma Ramp\CL.write.1.tlog
F:\MODERN_OPENGL_COURSE\TUT_VISUAL_STUDIO\TUTORIAL 0.3.8\TUT 16 GAMMA AND TEXTURES\OBJ\DEBUG\TUT 16 GAMMA RAMP\GAMMARAMP.OBJ
F:\modern_opengl_course\tut_visual_studio\Tutorial 0.3.8\Tut 16 Gamma and Textures\obj\Debug\Tut 16 Gamma Ramp\link.9612.read.1.tlog
F:\modern_opengl_course\tut_visual_studio\Tutorial 0.3.8\Tut 16 Gamma and Textures\obj\Debug\Tut 16 Gamma Ramp\link.9612.read.2.tlog
F:\modern_opengl_course\tut_visual_studio\Tutorial 0.3.8\Tut 16 Gamma and Textures\obj\Debug\Tut 16 Gamma Ramp\link.9612.write.1.tlog
F:\modern_opengl_course\tut_visual_studio\Tutorial 0.3.8\Tut 16 Gamma and Textures\obj\Debug\Tut 16 Gamma Ramp\link.9612-cvtres.read.1.tlog
F:\modern_opengl_course\tut_visual_studio\Tutorial 0.3.8\Tut 16 Gamma and Textures\obj\Debug\Tut 16 Gamma Ramp\link.9612-cvtres.write.1.tlog
F:\modern_opengl_course\tut_visual_studio\Tutorial 0.3.8\Tut 16 Gamma and Textures\obj\Debug\Tut 16 Gamma Ramp\link.command.1.tlog
F:\modern_opengl_course\tut_visual_studio\Tutorial 0.3.8\Tut 16 Gamma and Textures\obj\Debug\Tut 16 Gamma Ramp\link.read.1.tlog
F:\modern_opengl_course\tut_visual_studio\Tutorial 0.3.8\Tut 16 Gamma and Textures\obj\Debug\Tut 16 Gamma Ramp\link.read.2.tlog
F:\modern_opengl_course\tut_visual_studio\Tutorial 0.3.8\Tut 16 Gamma and Textures\obj\Debug\Tut 16 Gamma Ramp\link.write.1.tlog
F:\modern_opengl_course\tut_visual_studio\Tutorial 0.3.8\Tut 16 Gamma and Textures\obj\Debug\Tut 16 Gamma Ramp\link-cvtres.read.1.tlog
F:\modern_opengl_course\tut_visual_studio\Tutorial 0.3.8\Tut 16 Gamma and Textures\obj\Debug\Tut 16 Gamma Ramp\link-cvtres.write.1.tlog
F:\modern_opengl_course\tut_visual_studio\Tutorial 0.3.8\Tut 16 Gamma and Textures\obj\Debug\Tut 16 Gamma Ramp\mt.command.1.tlog
F:\modern_opengl_course\tut_visual_studio\Tutorial 0.3.8\Tut 16 Gamma and Textures\obj\Debug\Tut 16 Gamma Ramp\mt.read.1.tlog
F:\modern_opengl_course\tut_visual_studio\Tutorial 0.3.8\Tut 16 Gamma and Textures\obj\Debug\Tut 16 Gamma Ramp\mt.write.1.tlog
F:\modern_opengl_course\tut_visual_studio\Tutorial 0.3.8\Tut 16 Gamma and Textures\obj\Debug\Tut 16 Gamma Ramp\rc.command.1.tlog
F:\modern_opengl_course\tut_visual_studio\Tutorial 0.3.8\Tut 16 Gamma and Textures\obj\Debug\Tut 16 Gamma Ramp\rc.read.1.tlog
F:\modern_opengl_course\tut_visual_studio\Tutorial 0.3.8\Tut 16 Gamma and Textures\obj\Debug\Tut 16 Gamma Ramp\rc.write.1.tlog
F:\MODERN_OPENGL_COURSE\TUT_VISUAL_STUDIO\TUTORIAL 0.3.8\TUT 16 GAMMA AND TEXTURES\OBJ\DEBUG\TUT 16 GAMMA RAMP\TUT 16 GAMMA RAMPD.EXE.EMBED.MANIFEST
F:\MODERN_OPENGL_COURSE\TUT_VISUAL_STUDIO\TUTORIAL 0.3.8\TUT 16 GAMMA AND TEXTURES\OBJ\DEBUG\TUT 16 GAMMA RAMP\TUT 16 GAMMA RAMPD.EXE.EMBED.MANIFEST.RES
F:\MODERN_OPENGL_COURSE\TUT_VISUAL_STUDIO\TUTORIAL 0.3.8\TUT 16 GAMMA AND TEXTURES\OBJ\DEBUG\TUT 16 GAMMA RAMP\TUT 16 GAMMA RAMPD.EXE.INTERMEDIATE.MANIFEST
F:\modern_opengl_course\tut_visual_studio\Tutorial 0.3.8\Tut 16 Gamma and Textures\obj\Debug\Tut 16 Gamma Ramp\Tut 16 Gamma RampD_manifest.rc
F:\modern_opengl_course\tut_visual_studio\Tutorial 0.3.8\Tut 16 Gamma and Textures\obj\Debug\Tut 16 Gamma Ramp\vc100.idb
F:\MODERN_OPENGL_COURSE\TUT_VISUAL_STUDIO\TUTORIAL 0.3.8\TUT 16 GAMMA AND TEXTURES\OBJ\DEBUG\TUT 16 GAMMA RAMP\VC100.PDB
F:\MODERN_OPENGL_COURSE\TUT_VISUAL_STUDIO\TUTORIAL 0.3.8\TUT 16 GAMMA AND TEXTURES\TUT 16 GAMMA RAMPD.EXE
F:\MODERN_OPENGL_COURSE\TUT_VISUAL_STUDIO\TUTORIAL 0.3.8\TUT 16 GAMMA AND TEXTURES\TUT 16 GAMMA RAMPD.ILK
F:\MODERN_OPENGL_COURSE\TUT_VISUAL_STUDIO\TUTORIAL 0.3.8\TUT 16 GAMMA AND TEXTURES\TUT 16 GAMMA RAMPD.PDB
