.\Tut 15 Many ImagesD.ilk
.\Tut 15 Many ImagesD.pdb
F:\modern_opengl_course\tut_visual_studio\Tutorial 0.3.8\Tut 15 Many Images\.\Tut 15 Many ImagesD.exe
F:\modern_opengl_course\tut_visual_studio\Tutorial 0.3.8\Tut 15 Many Images\obj\Debug\cl.command.1.tlog
F:\modern_opengl_course\tut_visual_studio\Tutorial 0.3.8\Tut 15 Many Images\obj\Debug\CL.read.1.tlog
F:\modern_opengl_course\tut_visual_studio\Tutorial 0.3.8\Tut 15 Many Images\obj\Debug\CL.write.1.tlog
F:\modern_opengl_course\tut_visual_studio\Tutorial 0.3.8\Tut 15 Many Images\obj\Debug\link.4800.read.1.tlog
F:\modern_opengl_course\tut_visual_studio\Tutorial 0.3.8\Tut 15 Many Images\obj\Debug\link.4800.read.2.tlog
F:\modern_opengl_course\tut_visual_studio\Tutorial 0.3.8\Tut 15 Many Images\obj\Debug\link.4800.write.1.tlog
F:\modern_opengl_course\tut_visual_studio\Tutorial 0.3.8\Tut 15 Many Images\obj\Debug\link.4800-cvtres.read.1.tlog
F:\modern_opengl_course\tut_visual_studio\Tutorial 0.3.8\Tut 15 Many Images\obj\Debug\link.4800-cvtres.write.1.tlog
F:\modern_opengl_course\tut_visual_studio\Tutorial 0.3.8\Tut 15 Many Images\obj\Debug\link.command.1.tlog
F:\modern_opengl_course\tut_visual_studio\Tutorial 0.3.8\Tut 15 Many Images\obj\Debug\link.read.1.tlog
F:\modern_opengl_course\tut_visual_studio\Tutorial 0.3.8\Tut 15 Many Images\obj\Debug\link.read.2.tlog
F:\modern_opengl_course\tut_visual_studio\Tutorial 0.3.8\Tut 15 Many Images\obj\Debug\link.write.1.tlog
F:\modern_opengl_course\tut_visual_studio\Tutorial 0.3.8\Tut 15 Many Images\obj\Debug\link-cvtres.read.1.tlog
F:\modern_opengl_course\tut_visual_studio\Tutorial 0.3.8\Tut 15 Many Images\obj\Debug\link-cvtres.write.1.tlog
F:\MODERN_OPENGL_COURSE\TUT_VISUAL_STUDIO\TUTORIAL 0.3.8\TUT 15 MANY IMAGES\OBJ\DEBUG\MANY IMAGES.OBJ
F:\modern_opengl_course\tut_visual_studio\Tutorial 0.3.8\Tut 15 Many Images\obj\Debug\mt.command.1.tlog
F:\modern_opengl_course\tut_visual_studio\Tutorial 0.3.8\Tut 15 Many Images\obj\Debug\mt.read.1.tlog
F:\modern_opengl_course\tut_visual_studio\Tutorial 0.3.8\Tut 15 Many Images\obj\Debug\mt.write.1.tlog
F:\modern_opengl_course\tut_visual_studio\Tutorial 0.3.8\Tut 15 Many Images\obj\Debug\rc.command.1.tlog
F:\modern_opengl_course\tut_visual_studio\Tutorial 0.3.8\Tut 15 Many Images\obj\Debug\rc.read.1.tlog
F:\modern_opengl_course\tut_visual_studio\Tutorial 0.3.8\Tut 15 Many Images\obj\Debug\rc.write.1.tlog
F:\MODERN_OPENGL_COURSE\TUT_VISUAL_STUDIO\TUTORIAL 0.3.8\TUT 15 MANY IMAGES\OBJ\DEBUG\TUT 15 MANY IMAGESD.EXE.EMBED.MANIFEST
F:\MODERN_OPENGL_COURSE\TUT_VISUAL_STUDIO\TUTORIAL 0.3.8\TUT 15 MANY IMAGES\OBJ\DEBUG\TUT 15 MANY IMAGESD.EXE.EMBED.MANIFEST.RES
F:\MODERN_OPENGL_COURSE\TUT_VISUAL_STUDIO\TUTORIAL 0.3.8\TUT 15 MANY IMAGES\OBJ\DEBUG\TUT 15 MANY IMAGESD.EXE.INTERMEDIATE.MANIFEST
F:\modern_opengl_course\tut_visual_studio\Tutorial 0.3.8\Tut 15 Many Images\obj\Debug\Tut 15 Many ImagesD_manifest.rc
F:\modern_opengl_course\tut_visual_studio\Tutorial 0.3.8\Tut 15 Many Images\obj\Debug\vc100.idb
F:\MODERN_OPENGL_COURSE\TUT_VISUAL_STUDIO\TUTORIAL 0.3.8\TUT 15 MANY IMAGES\OBJ\DEBUG\VC100.PDB
F:\MODERN_OPENGL_COURSE\TUT_VISUAL_STUDIO\TUTORIAL 0.3.8\TUT 15 MANY IMAGES\TUT 15 MANY IMAGESD.EXE
F:\MODERN_OPENGL_COURSE\TUT_VISUAL_STUDIO\TUTORIAL 0.3.8\TUT 15 MANY IMAGES\TUT 15 MANY IMAGESD.ILK
F:\MODERN_OPENGL_COURSE\TUT_VISUAL_STUDIO\TUTORIAL 0.3.8\TUT 15 MANY IMAGES\TUT 15 MANY IMAGESD.PDB
