.\Tut 05 Overlap No DepthD.ilk
.\Tut 05 Overlap No DepthD.pdb
F:\modern_opengl_course\tut_visual_studio\Tutorial 0.3.8\Tut 05 Objects in Depth\.\Tut 05 Overlap No DepthD.exe
F:\modern_opengl_course\tut_visual_studio\Tutorial 0.3.8\Tut 05 Objects in Depth\obj\Debug\Tut 05 Overlap No Depth\cl.command.1.tlog
F:\modern_opengl_course\tut_visual_studio\Tutorial 0.3.8\Tut 05 Objects in Depth\obj\Debug\Tut 05 Overlap No Depth\CL.read.1.tlog
F:\modern_opengl_course\tut_visual_studio\Tutorial 0.3.8\Tut 05 Objects in Depth\obj\Debug\Tut 05 Overlap No Depth\CL.write.1.tlog
F:\modern_opengl_course\tut_visual_studio\Tutorial 0.3.8\Tut 05 Objects in Depth\obj\Debug\Tut 05 Overlap No Depth\link.2624.read.1.tlog
F:\modern_opengl_course\tut_visual_studio\Tutorial 0.3.8\Tut 05 Objects in Depth\obj\Debug\Tut 05 Overlap No Depth\link.2624.read.2.tlog
F:\modern_opengl_course\tut_visual_studio\Tutorial 0.3.8\Tut 05 Objects in Depth\obj\Debug\Tut 05 Overlap No Depth\link.2624.write.1.tlog
F:\modern_opengl_course\tut_visual_studio\Tutorial 0.3.8\Tut 05 Objects in Depth\obj\Debug\Tut 05 Overlap No Depth\link.2624-cvtres.read.1.tlog
F:\modern_opengl_course\tut_visual_studio\Tutorial 0.3.8\Tut 05 Objects in Depth\obj\Debug\Tut 05 Overlap No Depth\link.2624-cvtres.write.1.tlog
F:\modern_opengl_course\tut_visual_studio\Tutorial 0.3.8\Tut 05 Objects in Depth\obj\Debug\Tut 05 Overlap No Depth\link.command.1.tlog
F:\modern_opengl_course\tut_visual_studio\Tutorial 0.3.8\Tut 05 Objects in Depth\obj\Debug\Tut 05 Overlap No Depth\link.read.1.tlog
F:\modern_opengl_course\tut_visual_studio\Tutorial 0.3.8\Tut 05 Objects in Depth\obj\Debug\Tut 05 Overlap No Depth\link.read.2.tlog
F:\modern_opengl_course\tut_visual_studio\Tutorial 0.3.8\Tut 05 Objects in Depth\obj\Debug\Tut 05 Overlap No Depth\link.write.1.tlog
F:\modern_opengl_course\tut_visual_studio\Tutorial 0.3.8\Tut 05 Objects in Depth\obj\Debug\Tut 05 Overlap No Depth\link-cvtres.read.1.tlog
F:\modern_opengl_course\tut_visual_studio\Tutorial 0.3.8\Tut 05 Objects in Depth\obj\Debug\Tut 05 Overlap No Depth\link-cvtres.write.1.tlog
F:\modern_opengl_course\tut_visual_studio\Tutorial 0.3.8\Tut 05 Objects in Depth\obj\Debug\Tut 05 Overlap No Depth\mt.command.1.tlog
F:\modern_opengl_course\tut_visual_studio\Tutorial 0.3.8\Tut 05 Objects in Depth\obj\Debug\Tut 05 Overlap No Depth\mt.read.1.tlog
F:\modern_opengl_course\tut_visual_studio\Tutorial 0.3.8\Tut 05 Objects in Depth\obj\Debug\Tut 05 Overlap No Depth\mt.write.1.tlog
F:\MODERN_OPENGL_COURSE\TUT_VISUAL_STUDIO\TUTORIAL 0.3.8\TUT 05 OBJECTS IN DEPTH\OBJ\DEBUG\TUT 05 OVERLAP NO DEPTH\OVERLAPNODEPTH.OBJ
F:\modern_opengl_course\tut_visual_studio\Tutorial 0.3.8\Tut 05 Objects in Depth\obj\Debug\Tut 05 Overlap No Depth\rc.command.1.tlog
F:\modern_opengl_course\tut_visual_studio\Tutorial 0.3.8\Tut 05 Objects in Depth\obj\Debug\Tut 05 Overlap No Depth\rc.read.1.tlog
F:\modern_opengl_course\tut_visual_studio\Tutorial 0.3.8\Tut 05 Objects in Depth\obj\Debug\Tut 05 Overlap No Depth\rc.write.1.tlog
F:\MODERN_OPENGL_COURSE\TUT_VISUAL_STUDIO\TUTORIAL 0.3.8\TUT 05 OBJECTS IN DEPTH\OBJ\DEBUG\TUT 05 OVERLAP NO DEPTH\TUT 05 OVERLAP NO DEPTHD.EXE.EMBED.MANIFEST
F:\MODERN_OPENGL_COURSE\TUT_VISUAL_STUDIO\TUTORIAL 0.3.8\TUT 05 OBJECTS IN DEPTH\OBJ\DEBUG\TUT 05 OVERLAP NO DEPTH\TUT 05 OVERLAP NO DEPTHD.EXE.EMBED.MANIFEST.RES
F:\MODERN_OPENGL_COURSE\TUT_VISUAL_STUDIO\TUTORIAL 0.3.8\TUT 05 OBJECTS IN DEPTH\OBJ\DEBUG\TUT 05 OVERLAP NO DEPTH\TUT 05 OVERLAP NO DEPTHD.EXE.INTERMEDIATE.MANIFEST
F:\modern_opengl_course\tut_visual_studio\Tutorial 0.3.8\Tut 05 Objects in Depth\obj\Debug\Tut 05 Overlap No Depth\Tut 05 Overlap No DepthD_manifest.rc
F:\modern_opengl_course\tut_visual_studio\Tutorial 0.3.8\Tut 05 Objects in Depth\obj\Debug\Tut 05 Overlap No Depth\vc100.idb
F:\MODERN_OPENGL_COURSE\TUT_VISUAL_STUDIO\TUTORIAL 0.3.8\TUT 05 OBJECTS IN DEPTH\OBJ\DEBUG\TUT 05 OVERLAP NO DEPTH\VC100.PDB
F:\MODERN_OPENGL_COURSE\TUT_VISUAL_STUDIO\TUTORIAL 0.3.8\TUT 05 OBJECTS IN DEPTH\TUT 05 OVERLAP NO DEPTHD.EXE
F:\MODERN_OPENGL_COURSE\TUT_VISUAL_STUDIO\TUTORIAL 0.3.8\TUT 05 OBJECTS IN DEPTH\TUT 05 OVERLAP NO DEPTHD.ILK
F:\MODERN_OPENGL_COURSE\TUT_VISUAL_STUDIO\TUTORIAL 0.3.8\TUT 05 OBJECTS IN DEPTH\TUT 05 OVERLAP NO DEPTHD.PDB
