.\Tut 12 Gamma CorrectionD.ilk
.\Tut 12 Gamma CorrectionD.pdb
F:\modern_opengl_course\tut_visual_studio\Tutorial 0.3.8\Tut 12 Dynamic Range\.\Tut 12 Gamma CorrectionD.exe
F:\modern_opengl_course\tut_visual_studio\Tutorial 0.3.8\Tut 12 Dynamic Range\obj\Debug\Tut 12 Gamma Correction\cl.command.1.tlog
F:\modern_opengl_course\tut_visual_studio\Tutorial 0.3.8\Tut 12 Dynamic Range\obj\Debug\Tut 12 Gamma Correction\CL.read.1.tlog
F:\modern_opengl_course\tut_visual_studio\Tutorial 0.3.8\Tut 12 Dynamic Range\obj\Debug\Tut 12 Gamma Correction\CL.write.1.tlog
F:\MODERN_OPENGL_COURSE\TUT_VISUAL_STUDIO\TUTORIAL 0.3.8\TUT 12 DYNAMIC RANGE\OBJ\DEBUG\TUT 12 GAMMA CORRECTION\GAMMA CORRECTION.OBJ
F:\MODERN_OPENGL_COURSE\TUT_VISUAL_STUDIO\TUTORIAL 0.3.8\TUT 12 DYNAMIC RANGE\OBJ\DEBUG\TUT 12 GAMMA CORRECTION\LIGHTS.OBJ
F:\modern_opengl_course\tut_visual_studio\Tutorial 0.3.8\Tut 12 Dynamic Range\obj\Debug\Tut 12 Gamma Correction\link.8568.read.1.tlog
F:\modern_opengl_course\tut_visual_studio\Tutorial 0.3.8\Tut 12 Dynamic Range\obj\Debug\Tut 12 Gamma Correction\link.8568.read.2.tlog
F:\modern_opengl_course\tut_visual_studio\Tutorial 0.3.8\Tut 12 Dynamic Range\obj\Debug\Tut 12 Gamma Correction\link.8568.write.1.tlog
F:\modern_opengl_course\tut_visual_studio\Tutorial 0.3.8\Tut 12 Dynamic Range\obj\Debug\Tut 12 Gamma Correction\link.8568-cvtres.read.1.tlog
F:\modern_opengl_course\tut_visual_studio\Tutorial 0.3.8\Tut 12 Dynamic Range\obj\Debug\Tut 12 Gamma Correction\link.8568-cvtres.write.1.tlog
F:\modern_opengl_course\tut_visual_studio\Tutorial 0.3.8\Tut 12 Dynamic Range\obj\Debug\Tut 12 Gamma Correction\link.command.1.tlog
F:\modern_opengl_course\tut_visual_studio\Tutorial 0.3.8\Tut 12 Dynamic Range\obj\Debug\Tut 12 Gamma Correction\link.read.1.tlog
F:\modern_opengl_course\tut_visual_studio\Tutorial 0.3.8\Tut 12 Dynamic Range\obj\Debug\Tut 12 Gamma Correction\link.read.2.tlog
F:\modern_opengl_course\tut_visual_studio\Tutorial 0.3.8\Tut 12 Dynamic Range\obj\Debug\Tut 12 Gamma Correction\link.write.1.tlog
F:\modern_opengl_course\tut_visual_studio\Tutorial 0.3.8\Tut 12 Dynamic Range\obj\Debug\Tut 12 Gamma Correction\link-cvtres.read.1.tlog
F:\modern_opengl_course\tut_visual_studio\Tutorial 0.3.8\Tut 12 Dynamic Range\obj\Debug\Tut 12 Gamma Correction\link-cvtres.write.1.tlog
F:\modern_opengl_course\tut_visual_studio\Tutorial 0.3.8\Tut 12 Dynamic Range\obj\Debug\Tut 12 Gamma Correction\mt.command.1.tlog
F:\modern_opengl_course\tut_visual_studio\Tutorial 0.3.8\Tut 12 Dynamic Range\obj\Debug\Tut 12 Gamma Correction\mt.read.1.tlog
F:\modern_opengl_course\tut_visual_studio\Tutorial 0.3.8\Tut 12 Dynamic Range\obj\Debug\Tut 12 Gamma Correction\mt.write.1.tlog
F:\modern_opengl_course\tut_visual_studio\Tutorial 0.3.8\Tut 12 Dynamic Range\obj\Debug\Tut 12 Gamma Correction\rc.command.1.tlog
F:\modern_opengl_course\tut_visual_studio\Tutorial 0.3.8\Tut 12 Dynamic Range\obj\Debug\Tut 12 Gamma Correction\rc.read.1.tlog
F:\modern_opengl_course\tut_visual_studio\Tutorial 0.3.8\Tut 12 Dynamic Range\obj\Debug\Tut 12 Gamma Correction\rc.write.1.tlog
F:\MODERN_OPENGL_COURSE\TUT_VISUAL_STUDIO\TUTORIAL 0.3.8\TUT 12 DYNAMIC RANGE\OBJ\DEBUG\TUT 12 GAMMA CORRECTION\SCENE.OBJ
F:\MODERN_OPENGL_COURSE\TUT_VISUAL_STUDIO\TUTORIAL 0.3.8\TUT 12 DYNAMIC RANGE\OBJ\DEBUG\TUT 12 GAMMA CORRECTION\TUT 12 GAMMA CORRECTIOND.EXE.EMBED.MANIFEST
F:\MODERN_OPENGL_COURSE\TUT_VISUAL_STUDIO\TUTORIAL 0.3.8\TUT 12 DYNAMIC RANGE\OBJ\DEBUG\TUT 12 GAMMA CORRECTION\TUT 12 GAMMA CORRECTIOND.EXE.EMBED.MANIFEST.RES
F:\MODERN_OPENGL_COURSE\TUT_VISUAL_STUDIO\TUTORIAL 0.3.8\TUT 12 DYNAMIC RANGE\OBJ\DEBUG\TUT 12 GAMMA CORRECTION\TUT 12 GAMMA CORRECTIOND.EXE.INTERMEDIATE.MANIFEST
F:\modern_opengl_course\tut_visual_studio\Tutorial 0.3.8\Tut 12 Dynamic Range\obj\Debug\Tut 12 Gamma Correction\Tut 12 Gamma CorrectionD_manifest.rc
F:\modern_opengl_course\tut_visual_studio\Tutorial 0.3.8\Tut 12 Dynamic Range\obj\Debug\Tut 12 Gamma Correction\vc100.idb
F:\MODERN_OPENGL_COURSE\TUT_VISUAL_STUDIO\TUTORIAL 0.3.8\TUT 12 DYNAMIC RANGE\OBJ\DEBUG\TUT 12 GAMMA CORRECTION\VC100.PDB
F:\MODERN_OPENGL_COURSE\TUT_VISUAL_STUDIO\TUTORIAL 0.3.8\TUT 12 DYNAMIC RANGE\TUT 12 GAMMA CORRECTIOND.EXE
F:\MODERN_OPENGL_COURSE\TUT_VISUAL_STUDIO\TUTORIAL 0.3.8\TUT 12 DYNAMIC RANGE\TUT 12 GAMMA CORRECTIOND.ILK
F:\MODERN_OPENGL_COURSE\TUT_VISUAL_STUDIO\TUTORIAL 0.3.8\TUT 12 DYNAMIC RANGE\TUT 12 GAMMA CORRECTIOND.PDB
