.\Tut 13 Basic ImpostorD.ilk
.\Tut 13 Basic ImpostorD.pdb
F:\modern_opengl_course\tut_visual_studio\Tutorial 0.3.8\Tut 13 Impostors\.\Tut 13 Basic ImpostorD.exe
F:\MODERN_OPENGL_COURSE\TUT_VISUAL_STUDIO\TUTORIAL 0.3.8\TUT 13 IMPOSTORS\OBJ\DEBUG\TUT 13 BASIC IMPOSTOR\BASICIMPOSTOR.OBJ
F:\modern_opengl_course\tut_visual_studio\Tutorial 0.3.8\Tut 13 Impostors\obj\Debug\Tut 13 Basic Impostor\cl.command.1.tlog
F:\modern_opengl_course\tut_visual_studio\Tutorial 0.3.8\Tut 13 Impostors\obj\Debug\Tut 13 Basic Impostor\CL.read.1.tlog
F:\modern_opengl_course\tut_visual_studio\Tutorial 0.3.8\Tut 13 Impostors\obj\Debug\Tut 13 Basic Impostor\CL.write.1.tlog
F:\modern_opengl_course\tut_visual_studio\Tutorial 0.3.8\Tut 13 Impostors\obj\Debug\Tut 13 Basic Impostor\link.10028.read.1.tlog
F:\modern_opengl_course\tut_visual_studio\Tutorial 0.3.8\Tut 13 Impostors\obj\Debug\Tut 13 Basic Impostor\link.10028.read.2.tlog
F:\modern_opengl_course\tut_visual_studio\Tutorial 0.3.8\Tut 13 Impostors\obj\Debug\Tut 13 Basic Impostor\link.10028.write.1.tlog
F:\modern_opengl_course\tut_visual_studio\Tutorial 0.3.8\Tut 13 Impostors\obj\Debug\Tut 13 Basic Impostor\link.10028-cvtres.read.1.tlog
F:\modern_opengl_course\tut_visual_studio\Tutorial 0.3.8\Tut 13 Impostors\obj\Debug\Tut 13 Basic Impostor\link.10028-cvtres.write.1.tlog
F:\modern_opengl_course\tut_visual_studio\Tutorial 0.3.8\Tut 13 Impostors\obj\Debug\Tut 13 Basic Impostor\link.command.1.tlog
F:\modern_opengl_course\tut_visual_studio\Tutorial 0.3.8\Tut 13 Impostors\obj\Debug\Tut 13 Basic Impostor\link.read.1.tlog
F:\modern_opengl_course\tut_visual_studio\Tutorial 0.3.8\Tut 13 Impostors\obj\Debug\Tut 13 Basic Impostor\link.read.2.tlog
F:\modern_opengl_course\tut_visual_studio\Tutorial 0.3.8\Tut 13 Impostors\obj\Debug\Tut 13 Basic Impostor\link.write.1.tlog
F:\modern_opengl_course\tut_visual_studio\Tutorial 0.3.8\Tut 13 Impostors\obj\Debug\Tut 13 Basic Impostor\link-cvtres.read.1.tlog
F:\modern_opengl_course\tut_visual_studio\Tutorial 0.3.8\Tut 13 Impostors\obj\Debug\Tut 13 Basic Impostor\link-cvtres.write.1.tlog
F:\modern_opengl_course\tut_visual_studio\Tutorial 0.3.8\Tut 13 Impostors\obj\Debug\Tut 13 Basic Impostor\mt.command.1.tlog
F:\modern_opengl_course\tut_visual_studio\Tutorial 0.3.8\Tut 13 Impostors\obj\Debug\Tut 13 Basic Impostor\mt.read.1.tlog
F:\modern_opengl_course\tut_visual_studio\Tutorial 0.3.8\Tut 13 Impostors\obj\Debug\Tut 13 Basic Impostor\mt.write.1.tlog
F:\modern_opengl_course\tut_visual_studio\Tutorial 0.3.8\Tut 13 Impostors\obj\Debug\Tut 13 Basic Impostor\rc.command.1.tlog
F:\modern_opengl_course\tut_visual_studio\Tutorial 0.3.8\Tut 13 Impostors\obj\Debug\Tut 13 Basic Impostor\rc.read.1.tlog
F:\modern_opengl_course\tut_visual_studio\Tutorial 0.3.8\Tut 13 Impostors\obj\Debug\Tut 13 Basic Impostor\rc.write.1.tlog
F:\MODERN_OPENGL_COURSE\TUT_VISUAL_STUDIO\TUTORIAL 0.3.8\TUT 13 IMPOSTORS\OBJ\DEBUG\TUT 13 BASIC IMPOSTOR\TUT 13 BASIC IMPOSTORD.EXE.EMBED.MANIFEST
F:\MODERN_OPENGL_COURSE\TUT_VISUAL_STUDIO\TUTORIAL 0.3.8\TUT 13 IMPOSTORS\OBJ\DEBUG\TUT 13 BASIC IMPOSTOR\TUT 13 BASIC IMPOSTORD.EXE.EMBED.MANIFEST.RES
F:\MODERN_OPENGL_COURSE\TUT_VISUAL_STUDIO\TUTORIAL 0.3.8\TUT 13 IMPOSTORS\OBJ\DEBUG\TUT 13 BASIC IMPOSTOR\TUT 13 BASIC IMPOSTORD.EXE.INTERMEDIATE.MANIFEST
F:\modern_opengl_course\tut_visual_studio\Tutorial 0.3.8\Tut 13 Impostors\obj\Debug\Tut 13 Basic Impostor\Tut 13 Basic ImpostorD_manifest.rc
F:\modern_opengl_course\tut_visual_studio\Tutorial 0.3.8\Tut 13 Impostors\obj\Debug\Tut 13 Basic Impostor\vc100.idb
F:\MODERN_OPENGL_COURSE\TUT_VISUAL_STUDIO\TUTORIAL 0.3.8\TUT 13 IMPOSTORS\OBJ\DEBUG\TUT 13 BASIC IMPOSTOR\VC100.PDB
F:\MODERN_OPENGL_COURSE\TUT_VISUAL_STUDIO\TUTORIAL 0.3.8\TUT 13 IMPOSTORS\TUT 13 BASIC IMPOSTORD.EXE
F:\MODERN_OPENGL_COURSE\TUT_VISUAL_STUDIO\TUTORIAL 0.3.8\TUT 13 IMPOSTORS\TUT 13 BASIC IMPOSTORD.ILK
F:\MODERN_OPENGL_COURSE\TUT_VISUAL_STUDIO\TUTORIAL 0.3.8\TUT 13 IMPOSTORS\TUT 13 BASIC IMPOSTORD.PDB
