.\Tut 17 Cube Point LightD.ilk
.\Tut 17 Cube Point LightD.pdb
F:\modern_opengl_course\tut_visual_studio\Tutorial 0.3.8\Tut 17 Spotlight on Textures\.\Tut 17 Cube Point LightD.exe
F:\modern_opengl_course\tut_visual_studio\Tutorial 0.3.8\Tut 17 Spotlight on Textures\obj\Debug\Tut 17 Cube Point Light\cl.command.1.tlog
F:\modern_opengl_course\tut_visual_studio\Tutorial 0.3.8\Tut 17 Spotlight on Textures\obj\Debug\Tut 17 Cube Point Light\CL.read.1.tlog
F:\modern_opengl_course\tut_visual_studio\Tutorial 0.3.8\Tut 17 Spotlight on Textures\obj\Debug\Tut 17 Cube Point Light\CL.write.1.tlog
F:\MODERN_OPENGL_COURSE\TUT_VISUAL_STUDIO\TUTORIAL 0.3.8\TUT 17 SPOTLIGHT ON TEXTURES\OBJ\DEBUG\TUT 17 CUBE POINT LIGHT\CUBE POINT LIGHT.OBJ
F:\modern_opengl_course\tut_visual_studio\Tutorial 0.3.8\Tut 17 Spotlight on Textures\obj\Debug\Tut 17 Cube Point Light\link.7980.read.1.tlog
F:\modern_opengl_course\tut_visual_studio\Tutorial 0.3.8\Tut 17 Spotlight on Textures\obj\Debug\Tut 17 Cube Point Light\link.7980.read.2.tlog
F:\modern_opengl_course\tut_visual_studio\Tutorial 0.3.8\Tut 17 Spotlight on Textures\obj\Debug\Tut 17 Cube Point Light\link.7980.write.1.tlog
F:\modern_opengl_course\tut_visual_studio\Tutorial 0.3.8\Tut 17 Spotlight on Textures\obj\Debug\Tut 17 Cube Point Light\link.7980-cvtres.read.1.tlog
F:\modern_opengl_course\tut_visual_studio\Tutorial 0.3.8\Tut 17 Spotlight on Textures\obj\Debug\Tut 17 Cube Point Light\link.7980-cvtres.write.1.tlog
F:\modern_opengl_course\tut_visual_studio\Tutorial 0.3.8\Tut 17 Spotlight on Textures\obj\Debug\Tut 17 Cube Point Light\link.command.1.tlog
F:\modern_opengl_course\tut_visual_studio\Tutorial 0.3.8\Tut 17 Spotlight on Textures\obj\Debug\Tut 17 Cube Point Light\link.read.1.tlog
F:\modern_opengl_course\tut_visual_studio\Tutorial 0.3.8\Tut 17 Spotlight on Textures\obj\Debug\Tut 17 Cube Point Light\link.read.2.tlog
F:\modern_opengl_course\tut_visual_studio\Tutorial 0.3.8\Tut 17 Spotlight on Textures\obj\Debug\Tut 17 Cube Point Light\link.write.1.tlog
F:\modern_opengl_course\tut_visual_studio\Tutorial 0.3.8\Tut 17 Spotlight on Textures\obj\Debug\Tut 17 Cube Point Light\link-cvtres.read.1.tlog
F:\modern_opengl_course\tut_visual_studio\Tutorial 0.3.8\Tut 17 Spotlight on Textures\obj\Debug\Tut 17 Cube Point Light\link-cvtres.write.1.tlog
F:\modern_opengl_course\tut_visual_studio\Tutorial 0.3.8\Tut 17 Spotlight on Textures\obj\Debug\Tut 17 Cube Point Light\mt.command.1.tlog
F:\modern_opengl_course\tut_visual_studio\Tutorial 0.3.8\Tut 17 Spotlight on Textures\obj\Debug\Tut 17 Cube Point Light\mt.read.1.tlog
F:\modern_opengl_course\tut_visual_studio\Tutorial 0.3.8\Tut 17 Spotlight on Textures\obj\Debug\Tut 17 Cube Point Light\mt.write.1.tlog
F:\modern_opengl_course\tut_visual_studio\Tutorial 0.3.8\Tut 17 Spotlight on Textures\obj\Debug\Tut 17 Cube Point Light\rc.command.1.tlog
F:\modern_opengl_course\tut_visual_studio\Tutorial 0.3.8\Tut 17 Spotlight on Textures\obj\Debug\Tut 17 Cube Point Light\rc.read.1.tlog
F:\modern_opengl_course\tut_visual_studio\Tutorial 0.3.8\Tut 17 Spotlight on Textures\obj\Debug\Tut 17 Cube Point Light\rc.write.1.tlog
F:\MODERN_OPENGL_COURSE\TUT_VISUAL_STUDIO\TUTORIAL 0.3.8\TUT 17 SPOTLIGHT ON TEXTURES\OBJ\DEBUG\TUT 17 CUBE POINT LIGHT\TUT 17 CUBE POINT LIGHTD.EXE.EMBED.MANIFEST
F:\MODERN_OPENGL_COURSE\TUT_VISUAL_STUDIO\TUTORIAL 0.3.8\TUT 17 SPOTLIGHT ON TEXTURES\OBJ\DEBUG\TUT 17 CUBE POINT LIGHT\TUT 17 CUBE POINT LIGHTD.EXE.EMBED.MANIFEST.RES
F:\MODERN_OPENGL_COURSE\TUT_VISUAL_STUDIO\TUTORIAL 0.3.8\TUT 17 SPOTLIGHT ON TEXTURES\OBJ\DEBUG\TUT 17 CUBE POINT LIGHT\TUT 17 CUBE POINT LIGHTD.EXE.INTERMEDIATE.MANIFEST
F:\modern_opengl_course\tut_visual_studio\Tutorial 0.3.8\Tut 17 Spotlight on Textures\obj\Debug\Tut 17 Cube Point Light\Tut 17 Cube Point LightD_manifest.rc
F:\modern_opengl_course\tut_visual_studio\Tutorial 0.3.8\Tut 17 Spotlight on Textures\obj\Debug\Tut 17 Cube Point Light\vc100.idb
F:\MODERN_OPENGL_COURSE\TUT_VISUAL_STUDIO\TUTORIAL 0.3.8\TUT 17 SPOTLIGHT ON TEXTURES\OBJ\DEBUG\TUT 17 CUBE POINT LIGHT\VC100.PDB
F:\MODERN_OPENGL_COURSE\TUT_VISUAL_STUDIO\TUTORIAL 0.3.8\TUT 17 SPOTLIGHT ON TEXTURES\TUT 17 CUBE POINT LIGHTD.EXE
F:\MODERN_OPENGL_COURSE\TUT_VISUAL_STUDIO\TUTORIAL 0.3.8\TUT 17 SPOTLIGHT ON TEXTURES\TUT 17 CUBE POINT LIGHTD.ILK
F:\MODERN_OPENGL_COURSE\TUT_VISUAL_STUDIO\TUTORIAL 0.3.8\TUT 17 SPOTLIGHT ON TEXTURES\TUT 17 CUBE POINT LIGHTD.PDB
