.\Tut 04 MatrixPerspectiveD.ilk
.\Tut 04 MatrixPerspectiveD.pdb
F:\modern_opengl_course\tut_visual_studio\Tutorial 0.3.8\Tut 04 Objects at Rest\.\Tut 04 MatrixPerspectiveD.exe
F:\modern_opengl_course\tut_visual_studio\Tutorial 0.3.8\Tut 04 Objects at Rest\obj\Debug\Tut 04 MatrixPerspective\cl.command.1.tlog
F:\modern_opengl_course\tut_visual_studio\Tutorial 0.3.8\Tut 04 Objects at Rest\obj\Debug\Tut 04 MatrixPerspective\CL.read.1.tlog
F:\modern_opengl_course\tut_visual_studio\Tutorial 0.3.8\Tut 04 Objects at Rest\obj\Debug\Tut 04 MatrixPerspective\CL.write.1.tlog
F:\modern_opengl_course\tut_visual_studio\Tutorial 0.3.8\Tut 04 Objects at Rest\obj\Debug\Tut 04 MatrixPerspective\link.9696.read.1.tlog
F:\modern_opengl_course\tut_visual_studio\Tutorial 0.3.8\Tut 04 Objects at Rest\obj\Debug\Tut 04 MatrixPerspective\link.9696.read.2.tlog
F:\modern_opengl_course\tut_visual_studio\Tutorial 0.3.8\Tut 04 Objects at Rest\obj\Debug\Tut 04 MatrixPerspective\link.9696.write.1.tlog
F:\modern_opengl_course\tut_visual_studio\Tutorial 0.3.8\Tut 04 Objects at Rest\obj\Debug\Tut 04 MatrixPerspective\link.9696-cvtres.read.1.tlog
F:\modern_opengl_course\tut_visual_studio\Tutorial 0.3.8\Tut 04 Objects at Rest\obj\Debug\Tut 04 MatrixPerspective\link.9696-cvtres.write.1.tlog
F:\modern_opengl_course\tut_visual_studio\Tutorial 0.3.8\Tut 04 Objects at Rest\obj\Debug\Tut 04 MatrixPerspective\link.command.1.tlog
F:\modern_opengl_course\tut_visual_studio\Tutorial 0.3.8\Tut 04 Objects at Rest\obj\Debug\Tut 04 MatrixPerspective\link.read.1.tlog
F:\modern_opengl_course\tut_visual_studio\Tutorial 0.3.8\Tut 04 Objects at Rest\obj\Debug\Tut 04 MatrixPerspective\link.read.2.tlog
F:\modern_opengl_course\tut_visual_studio\Tutorial 0.3.8\Tut 04 Objects at Rest\obj\Debug\Tut 04 MatrixPerspective\link.write.1.tlog
F:\modern_opengl_course\tut_visual_studio\Tutorial 0.3.8\Tut 04 Objects at Rest\obj\Debug\Tut 04 MatrixPerspective\link-cvtres.read.1.tlog
F:\modern_opengl_course\tut_visual_studio\Tutorial 0.3.8\Tut 04 Objects at Rest\obj\Debug\Tut 04 MatrixPerspective\link-cvtres.write.1.tlog
F:\MODERN_OPENGL_COURSE\TUT_VISUAL_STUDIO\TUTORIAL 0.3.8\TUT 04 OBJECTS AT REST\OBJ\DEBUG\TUT 04 MATRIXPERSPECTIVE\MATRIXPERSPECTIVE.OBJ
F:\modern_opengl_course\tut_visual_studio\Tutorial 0.3.8\Tut 04 Objects at Rest\obj\Debug\Tut 04 MatrixPerspective\mt.command.1.tlog
F:\modern_opengl_course\tut_visual_studio\Tutorial 0.3.8\Tut 04 Objects at Rest\obj\Debug\Tut 04 MatrixPerspective\mt.read.1.tlog
F:\modern_opengl_course\tut_visual_studio\Tutorial 0.3.8\Tut 04 Objects at Rest\obj\Debug\Tut 04 MatrixPerspective\mt.write.1.tlog
F:\modern_opengl_course\tut_visual_studio\Tutorial 0.3.8\Tut 04 Objects at Rest\obj\Debug\Tut 04 MatrixPerspective\rc.command.1.tlog
F:\modern_opengl_course\tut_visual_studio\Tutorial 0.3.8\Tut 04 Objects at Rest\obj\Debug\Tut 04 MatrixPerspective\rc.read.1.tlog
F:\modern_opengl_course\tut_visual_studio\Tutorial 0.3.8\Tut 04 Objects at Rest\obj\Debug\Tut 04 MatrixPerspective\rc.write.1.tlog
F:\MODERN_OPENGL_COURSE\TUT_VISUAL_STUDIO\TUTORIAL 0.3.8\TUT 04 OBJECTS AT REST\OBJ\DEBUG\TUT 04 MATRIXPERSPECTIVE\TUT 04 MATRIXPERSPECTIVED.EXE.EMBED.MANIFEST
F:\MODERN_OPENGL_COURSE\TUT_VISUAL_STUDIO\TUTORIAL 0.3.8\TUT 04 OBJECTS AT REST\OBJ\DEBUG\TUT 04 MATRIXPERSPECTIVE\TUT 04 MATRIXPERSPECTIVED.EXE.EMBED.MANIFEST.RES
F:\MODERN_OPENGL_COURSE\TUT_VISUAL_STUDIO\TUTORIAL 0.3.8\TUT 04 OBJECTS AT REST\OBJ\DEBUG\TUT 04 MATRIXPERSPECTIVE\TUT 04 MATRIXPERSPECTIVED.EXE.INTERMEDIATE.MANIFEST
F:\modern_opengl_course\tut_visual_studio\Tutorial 0.3.8\Tut 04 Objects at Rest\obj\Debug\Tut 04 MatrixPerspective\Tut 04 MatrixPerspectiveD_manifest.rc
F:\modern_opengl_course\tut_visual_studio\Tutorial 0.3.8\Tut 04 Objects at Rest\obj\Debug\Tut 04 MatrixPerspective\vc100.idb
F:\MODERN_OPENGL_COURSE\TUT_VISUAL_STUDIO\TUTORIAL 0.3.8\TUT 04 OBJECTS AT REST\OBJ\DEBUG\TUT 04 MATRIXPERSPECTIVE\VC100.PDB
F:\MODERN_OPENGL_COURSE\TUT_VISUAL_STUDIO\TUTORIAL 0.3.8\TUT 04 OBJECTS AT REST\TUT 04 MATRIXPERSPECTIVED.EXE
F:\MODERN_OPENGL_COURSE\TUT_VISUAL_STUDIO\TUTORIAL 0.3.8\TUT 04 OBJECTS AT REST\TUT 04 MATRIXPERSPECTIVED.ILK
F:\MODERN_OPENGL_COURSE\TUT_VISUAL_STUDIO\TUTORIAL 0.3.8\TUT 04 OBJECTS AT REST\TUT 04 MATRIXPERSPECTIVED.PDB
