.\Tut 02 Vertex ColorsD.ilk
.\Tut 02 Vertex ColorsD.pdb
F:\modern_opengl_course\tut_visual_studio\Tutorial 0.3.8\Tut 02 Playing with Colors\.\Tut 02 Vertex ColorsD.exe
F:\modern_opengl_course\tut_visual_studio\Tutorial 0.3.8\Tut 02 Playing with Colors\obj\Debug\Tut 02 Vertex Colors\cl.command.1.tlog
F:\modern_opengl_course\tut_visual_studio\Tutorial 0.3.8\Tut 02 Playing with Colors\obj\Debug\Tut 02 Vertex Colors\CL.read.1.tlog
F:\modern_opengl_course\tut_visual_studio\Tutorial 0.3.8\Tut 02 Playing with Colors\obj\Debug\Tut 02 Vertex Colors\CL.write.1.tlog
F:\modern_opengl_course\tut_visual_studio\Tutorial 0.3.8\Tut 02 Playing with Colors\obj\Debug\Tut 02 Vertex Colors\link.8604.read.1.tlog
F:\modern_opengl_course\tut_visual_studio\Tutorial 0.3.8\Tut 02 Playing with Colors\obj\Debug\Tut 02 Vertex Colors\link.8604.read.2.tlog
F:\modern_opengl_course\tut_visual_studio\Tutorial 0.3.8\Tut 02 Playing with Colors\obj\Debug\Tut 02 Vertex Colors\link.8604.write.1.tlog
F:\modern_opengl_course\tut_visual_studio\Tutorial 0.3.8\Tut 02 Playing with Colors\obj\Debug\Tut 02 Vertex Colors\link.8604-cvtres.read.1.tlog
F:\modern_opengl_course\tut_visual_studio\Tutorial 0.3.8\Tut 02 Playing with Colors\obj\Debug\Tut 02 Vertex Colors\link.8604-cvtres.write.1.tlog
F:\modern_opengl_course\tut_visual_studio\Tutorial 0.3.8\Tut 02 Playing with Colors\obj\Debug\Tut 02 Vertex Colors\link.command.1.tlog
F:\modern_opengl_course\tut_visual_studio\Tutorial 0.3.8\Tut 02 Playing with Colors\obj\Debug\Tut 02 Vertex Colors\link.read.1.tlog
F:\modern_opengl_course\tut_visual_studio\Tutorial 0.3.8\Tut 02 Playing with Colors\obj\Debug\Tut 02 Vertex Colors\link.read.2.tlog
F:\modern_opengl_course\tut_visual_studio\Tutorial 0.3.8\Tut 02 Playing with Colors\obj\Debug\Tut 02 Vertex Colors\link.write.1.tlog
F:\modern_opengl_course\tut_visual_studio\Tutorial 0.3.8\Tut 02 Playing with Colors\obj\Debug\Tut 02 Vertex Colors\link-cvtres.read.1.tlog
F:\modern_opengl_course\tut_visual_studio\Tutorial 0.3.8\Tut 02 Playing with Colors\obj\Debug\Tut 02 Vertex Colors\link-cvtres.write.1.tlog
F:\modern_opengl_course\tut_visual_studio\Tutorial 0.3.8\Tut 02 Playing with Colors\obj\Debug\Tut 02 Vertex Colors\mt.command.1.tlog
F:\modern_opengl_course\tut_visual_studio\Tutorial 0.3.8\Tut 02 Playing with Colors\obj\Debug\Tut 02 Vertex Colors\mt.read.1.tlog
F:\modern_opengl_course\tut_visual_studio\Tutorial 0.3.8\Tut 02 Playing with Colors\obj\Debug\Tut 02 Vertex Colors\mt.write.1.tlog
F:\modern_opengl_course\tut_visual_studio\Tutorial 0.3.8\Tut 02 Playing with Colors\obj\Debug\Tut 02 Vertex Colors\rc.command.1.tlog
F:\modern_opengl_course\tut_visual_studio\Tutorial 0.3.8\Tut 02 Playing with Colors\obj\Debug\Tut 02 Vertex Colors\rc.read.1.tlog
F:\modern_opengl_course\tut_visual_studio\Tutorial 0.3.8\Tut 02 Playing with Colors\obj\Debug\Tut 02 Vertex Colors\rc.write.1.tlog
F:\MODERN_OPENGL_COURSE\TUT_VISUAL_STUDIO\TUTORIAL 0.3.8\TUT 02 PLAYING WITH COLORS\OBJ\DEBUG\TUT 02 VERTEX COLORS\TUT 02 VERTEX COLORSD.EXE.EMBED.MANIFEST
F:\MODERN_OPENGL_COURSE\TUT_VISUAL_STUDIO\TUTORIAL 0.3.8\TUT 02 PLAYING WITH COLORS\OBJ\DEBUG\TUT 02 VERTEX COLORS\TUT 02 VERTEX COLORSD.EXE.EMBED.MANIFEST.RES
F:\MODERN_OPENGL_COURSE\TUT_VISUAL_STUDIO\TUTORIAL 0.3.8\TUT 02 PLAYING WITH COLORS\OBJ\DEBUG\TUT 02 VERTEX COLORS\TUT 02 VERTEX COLORSD.EXE.INTERMEDIATE.MANIFEST
F:\modern_opengl_course\tut_visual_studio\Tutorial 0.3.8\Tut 02 Playing with Colors\obj\Debug\Tut 02 Vertex Colors\Tut 02 Vertex ColorsD_manifest.rc
F:\modern_opengl_course\tut_visual_studio\Tutorial 0.3.8\Tut 02 Playing with Colors\obj\Debug\Tut 02 Vertex Colors\vc100.idb
F:\MODERN_OPENGL_COURSE\TUT_VISUAL_STUDIO\TUTORIAL 0.3.8\TUT 02 PLAYING WITH COLORS\OBJ\DEBUG\TUT 02 VERTEX COLORS\VC100.PDB
F:\MODERN_OPENGL_COURSE\TUT_VISUAL_STUDIO\TUTORIAL 0.3.8\TUT 02 PLAYING WITH COLORS\OBJ\DEBUG\TUT 02 VERTEX COLORS\VERTEXCOLORS.OBJ
F:\MODERN_OPENGL_COURSE\TUT_VISUAL_STUDIO\TUTORIAL 0.3.8\TUT 02 PLAYING WITH COLORS\TUT 02 VERTEX COLORSD.EXE
F:\MODERN_OPENGL_COURSE\TUT_VISUAL_STUDIO\TUTORIAL 0.3.8\TUT 02 PLAYING WITH COLORS\TUT 02 VERTEX COLORSD.ILK
F:\MODERN_OPENGL_COURSE\TUT_VISUAL_STUDIO\TUTORIAL 0.3.8\TUT 02 PLAYING WITH COLORS\TUT 02 VERTEX COLORSD.PDB
