.\Tut 05 Depth ClampingD.ilk
.\Tut 05 Depth ClampingD.pdb
F:\modern_opengl_course\tut_visual_studio\Tutorial 0.3.8\Tut 05 Objects in Depth\.\Tut 05 Depth ClampingD.exe
F:\modern_opengl_course\tut_visual_studio\Tutorial 0.3.8\Tut 05 Objects in Depth\obj\Debug\Tut 05 Depth Clamping\cl.command.1.tlog
F:\modern_opengl_course\tut_visual_studio\Tutorial 0.3.8\Tut 05 Objects in Depth\obj\Debug\Tut 05 Depth Clamping\CL.read.1.tlog
F:\modern_opengl_course\tut_visual_studio\Tutorial 0.3.8\Tut 05 Objects in Depth\obj\Debug\Tut 05 Depth Clamping\CL.write.1.tlog
F:\MODERN_OPENGL_COURSE\TUT_VISUAL_STUDIO\TUTORIAL 0.3.8\TUT 05 OBJECTS IN DEPTH\OBJ\DEBUG\TUT 05 DEPTH CLAMPING\DEPTHCLAMPING.OBJ
F:\modern_opengl_course\tut_visual_studio\Tutorial 0.3.8\Tut 05 Objects in Depth\obj\Debug\Tut 05 Depth Clamping\link.5156.read.1.tlog
F:\modern_opengl_course\tut_visual_studio\Tutorial 0.3.8\Tut 05 Objects in Depth\obj\Debug\Tut 05 Depth Clamping\link.5156.read.2.tlog
F:\modern_opengl_course\tut_visual_studio\Tutorial 0.3.8\Tut 05 Objects in Depth\obj\Debug\Tut 05 Depth Clamping\link.5156.write.1.tlog
F:\modern_opengl_course\tut_visual_studio\Tutorial 0.3.8\Tut 05 Objects in Depth\obj\Debug\Tut 05 Depth Clamping\link.5156-cvtres.read.1.tlog
F:\modern_opengl_course\tut_visual_studio\Tutorial 0.3.8\Tut 05 Objects in Depth\obj\Debug\Tut 05 Depth Clamping\link.5156-cvtres.write.1.tlog
F:\modern_opengl_course\tut_visual_studio\Tutorial 0.3.8\Tut 05 Objects in Depth\obj\Debug\Tut 05 Depth Clamping\link.command.1.tlog
F:\modern_opengl_course\tut_visual_studio\Tutorial 0.3.8\Tut 05 Objects in Depth\obj\Debug\Tut 05 Depth Clamping\link.read.1.tlog
F:\modern_opengl_course\tut_visual_studio\Tutorial 0.3.8\Tut 05 Objects in Depth\obj\Debug\Tut 05 Depth Clamping\link.read.2.tlog
F:\modern_opengl_course\tut_visual_studio\Tutorial 0.3.8\Tut 05 Objects in Depth\obj\Debug\Tut 05 Depth Clamping\link.write.1.tlog
F:\modern_opengl_course\tut_visual_studio\Tutorial 0.3.8\Tut 05 Objects in Depth\obj\Debug\Tut 05 Depth Clamping\link-cvtres.read.1.tlog
F:\modern_opengl_course\tut_visual_studio\Tutorial 0.3.8\Tut 05 Objects in Depth\obj\Debug\Tut 05 Depth Clamping\link-cvtres.write.1.tlog
F:\modern_opengl_course\tut_visual_studio\Tutorial 0.3.8\Tut 05 Objects in Depth\obj\Debug\Tut 05 Depth Clamping\mt.command.1.tlog
F:\modern_opengl_course\tut_visual_studio\Tutorial 0.3.8\Tut 05 Objects in Depth\obj\Debug\Tut 05 Depth Clamping\mt.read.1.tlog
F:\modern_opengl_course\tut_visual_studio\Tutorial 0.3.8\Tut 05 Objects in Depth\obj\Debug\Tut 05 Depth Clamping\mt.write.1.tlog
F:\modern_opengl_course\tut_visual_studio\Tutorial 0.3.8\Tut 05 Objects in Depth\obj\Debug\Tut 05 Depth Clamping\rc.command.1.tlog
F:\modern_opengl_course\tut_visual_studio\Tutorial 0.3.8\Tut 05 Objects in Depth\obj\Debug\Tut 05 Depth Clamping\rc.read.1.tlog
F:\modern_opengl_course\tut_visual_studio\Tutorial 0.3.8\Tut 05 Objects in Depth\obj\Debug\Tut 05 Depth Clamping\rc.write.1.tlog
F:\MODERN_OPENGL_COURSE\TUT_VISUAL_STUDIO\TUTORIAL 0.3.8\TUT 05 OBJECTS IN DEPTH\OBJ\DEBUG\TUT 05 DEPTH CLAMPING\TUT 05 DEPTH CLAMPINGD.EXE.EMBED.MANIFEST
F:\MODERN_OPENGL_COURSE\TUT_VISUAL_STUDIO\TUTORIAL 0.3.8\TUT 05 OBJECTS IN DEPTH\OBJ\DEBUG\TUT 05 DEPTH CLAMPING\TUT 05 DEPTH CLAMPINGD.EXE.EMBED.MANIFEST.RES
F:\MODERN_OPENGL_COURSE\TUT_VISUAL_STUDIO\TUTORIAL 0.3.8\TUT 05 OBJECTS IN DEPTH\OBJ\DEBUG\TUT 05 DEPTH CLAMPING\TUT 05 DEPTH CLAMPINGD.EXE.INTERMEDIATE.MANIFEST
F:\modern_opengl_course\tut_visual_studio\Tutorial 0.3.8\Tut 05 Objects in Depth\obj\Debug\Tut 05 Depth Clamping\Tut 05 Depth ClampingD_manifest.rc
F:\modern_opengl_course\tut_visual_studio\Tutorial 0.3.8\Tut 05 Objects in Depth\obj\Debug\Tut 05 Depth Clamping\vc100.idb
F:\MODERN_OPENGL_COURSE\TUT_VISUAL_STUDIO\TUTORIAL 0.3.8\TUT 05 OBJECTS IN DEPTH\OBJ\DEBUG\TUT 05 DEPTH CLAMPING\VC100.PDB
F:\MODERN_OPENGL_COURSE\TUT_VISUAL_STUDIO\TUTORIAL 0.3.8\TUT 05 OBJECTS IN DEPTH\TUT 05 DEPTH CLAMPINGD.EXE
F:\MODERN_OPENGL_COURSE\TUT_VISUAL_STUDIO\TUTORIAL 0.3.8\TUT 05 OBJECTS IN DEPTH\TUT 05 DEPTH CLAMPINGD.ILK
F:\MODERN_OPENGL_COURSE\TUT_VISUAL_STUDIO\TUTORIAL 0.3.8\TUT 05 OBJECTS IN DEPTH\TUT 05 DEPTH CLAMPINGD.PDB
