.\Tut 11 Phong LightingD.ilk
.\Tut 11 Phong LightingD.pdb
F:\modern_opengl_course\tut_visual_studio\Tutorial 0.3.8\Tut 11 Shinies\.\Tut 11 Phong LightingD.exe
F:\modern_opengl_course\tut_visual_studio\Tutorial 0.3.8\Tut 11 Shinies\obj\Debug\Tut 11 Phong Lighting\cl.command.1.tlog
F:\modern_opengl_course\tut_visual_studio\Tutorial 0.3.8\Tut 11 Shinies\obj\Debug\Tut 11 Phong Lighting\CL.read.1.tlog
F:\modern_opengl_course\tut_visual_studio\Tutorial 0.3.8\Tut 11 Shinies\obj\Debug\Tut 11 Phong Lighting\CL.write.1.tlog
F:\modern_opengl_course\tut_visual_studio\Tutorial 0.3.8\Tut 11 Shinies\obj\Debug\Tut 11 Phong Lighting\link.9968.read.1.tlog
F:\modern_opengl_course\tut_visual_studio\Tutorial 0.3.8\Tut 11 Shinies\obj\Debug\Tut 11 Phong Lighting\link.9968.read.2.tlog
F:\modern_opengl_course\tut_visual_studio\Tutorial 0.3.8\Tut 11 Shinies\obj\Debug\Tut 11 Phong Lighting\link.9968.write.1.tlog
F:\modern_opengl_course\tut_visual_studio\Tutorial 0.3.8\Tut 11 Shinies\obj\Debug\Tut 11 Phong Lighting\link.9968-cvtres.read.1.tlog
F:\modern_opengl_course\tut_visual_studio\Tutorial 0.3.8\Tut 11 Shinies\obj\Debug\Tut 11 Phong Lighting\link.9968-cvtres.write.1.tlog
F:\modern_opengl_course\tut_visual_studio\Tutorial 0.3.8\Tut 11 Shinies\obj\Debug\Tut 11 Phong Lighting\link.command.1.tlog
F:\modern_opengl_course\tut_visual_studio\Tutorial 0.3.8\Tut 11 Shinies\obj\Debug\Tut 11 Phong Lighting\link.read.1.tlog
F:\modern_opengl_course\tut_visual_studio\Tutorial 0.3.8\Tut 11 Shinies\obj\Debug\Tut 11 Phong Lighting\link.read.2.tlog
F:\modern_opengl_course\tut_visual_studio\Tutorial 0.3.8\Tut 11 Shinies\obj\Debug\Tut 11 Phong Lighting\link.write.1.tlog
F:\modern_opengl_course\tut_visual_studio\Tutorial 0.3.8\Tut 11 Shinies\obj\Debug\Tut 11 Phong Lighting\link-cvtres.read.1.tlog
F:\modern_opengl_course\tut_visual_studio\Tutorial 0.3.8\Tut 11 Shinies\obj\Debug\Tut 11 Phong Lighting\link-cvtres.write.1.tlog
F:\modern_opengl_course\tut_visual_studio\Tutorial 0.3.8\Tut 11 Shinies\obj\Debug\Tut 11 Phong Lighting\mt.command.1.tlog
F:\modern_opengl_course\tut_visual_studio\Tutorial 0.3.8\Tut 11 Shinies\obj\Debug\Tut 11 Phong Lighting\mt.read.1.tlog
F:\modern_opengl_course\tut_visual_studio\Tutorial 0.3.8\Tut 11 Shinies\obj\Debug\Tut 11 Phong Lighting\mt.write.1.tlog
F:\MODERN_OPENGL_COURSE\TUT_VISUAL_STUDIO\TUTORIAL 0.3.8\TUT 11 SHINIES\OBJ\DEBUG\TUT 11 PHONG LIGHTING\PHONG LIGHTING.OBJ
F:\modern_opengl_course\tut_visual_studio\Tutorial 0.3.8\Tut 11 Shinies\obj\Debug\Tut 11 Phong Lighting\rc.command.1.tlog
F:\modern_opengl_course\tut_visual_studio\Tutorial 0.3.8\Tut 11 Shinies\obj\Debug\Tut 11 Phong Lighting\rc.read.1.tlog
F:\modern_opengl_course\tut_visual_studio\Tutorial 0.3.8\Tut 11 Shinies\obj\Debug\Tut 11 Phong Lighting\rc.write.1.tlog
F:\MODERN_OPENGL_COURSE\TUT_VISUAL_STUDIO\TUTORIAL 0.3.8\TUT 11 SHINIES\OBJ\DEBUG\TUT 11 PHONG LIGHTING\TUT 11 PHONG LIGHTINGD.EXE.EMBED.MANIFEST
F:\MODERN_OPENGL_COURSE\TUT_VISUAL_STUDIO\TUTORIAL 0.3.8\TUT 11 SHINIES\OBJ\DEBUG\TUT 11 PHONG LIGHTING\TUT 11 PHONG LIGHTINGD.EXE.EMBED.MANIFEST.RES
F:\MODERN_OPENGL_COURSE\TUT_VISUAL_STUDIO\TUTORIAL 0.3.8\TUT 11 SHINIES\OBJ\DEBUG\TUT 11 PHONG LIGHTING\TUT 11 PHONG LIGHTINGD.EXE.INTERMEDIATE.MANIFEST
F:\modern_opengl_course\tut_visual_studio\Tutorial 0.3.8\Tut 11 Shinies\obj\Debug\Tut 11 Phong Lighting\Tut 11 Phong LightingD_manifest.rc
F:\modern_opengl_course\tut_visual_studio\Tutorial 0.3.8\Tut 11 Shinies\obj\Debug\Tut 11 Phong Lighting\vc100.idb
F:\MODERN_OPENGL_COURSE\TUT_VISUAL_STUDIO\TUTORIAL 0.3.8\TUT 11 SHINIES\OBJ\DEBUG\TUT 11 PHONG LIGHTING\VC100.PDB
F:\MODERN_OPENGL_COURSE\TUT_VISUAL_STUDIO\TUTORIAL 0.3.8\TUT 11 SHINIES\TUT 11 PHONG LIGHTINGD.EXE
F:\MODERN_OPENGL_COURSE\TUT_VISUAL_STUDIO\TUTORIAL 0.3.8\TUT 11 SHINIES\TUT 11 PHONG LIGHTINGD.ILK
F:\MODERN_OPENGL_COURSE\TUT_VISUAL_STUDIO\TUTORIAL 0.3.8\TUT 11 SHINIES\TUT 11 PHONG LIGHTINGD.PDB
