.\Tut 12 HDR LightingD.ilk
.\Tut 12 HDR LightingD.pdb
F:\modern_opengl_course\tut_visual_studio\Tutorial 0.3.8\Tut 12 Dynamic Range\.\Tut 12 HDR LightingD.exe
F:\modern_opengl_course\tut_visual_studio\Tutorial 0.3.8\Tut 12 Dynamic Range\obj\Debug\Tut 12 HDR Lighting\cl.command.1.tlog
F:\modern_opengl_course\tut_visual_studio\Tutorial 0.3.8\Tut 12 Dynamic Range\obj\Debug\Tut 12 HDR Lighting\CL.read.1.tlog
F:\modern_opengl_course\tut_visual_studio\Tutorial 0.3.8\Tut 12 Dynamic Range\obj\Debug\Tut 12 HDR Lighting\CL.write.1.tlog
F:\MODERN_OPENGL_COURSE\TUT_VISUAL_STUDIO\TUTORIAL 0.3.8\TUT 12 DYNAMIC RANGE\OBJ\DEBUG\TUT 12 HDR LIGHTING\HDR LIGHTING.OBJ
F:\MODERN_OPENGL_COURSE\TUT_VISUAL_STUDIO\TUTORIAL 0.3.8\TUT 12 DYNAMIC RANGE\OBJ\DEBUG\TUT 12 HDR LIGHTING\LIGHTS.OBJ
F:\modern_opengl_course\tut_visual_studio\Tutorial 0.3.8\Tut 12 Dynamic Range\obj\Debug\Tut 12 HDR Lighting\link.3180.read.1.tlog
F:\modern_opengl_course\tut_visual_studio\Tutorial 0.3.8\Tut 12 Dynamic Range\obj\Debug\Tut 12 HDR Lighting\link.3180.read.2.tlog
F:\modern_opengl_course\tut_visual_studio\Tutorial 0.3.8\Tut 12 Dynamic Range\obj\Debug\Tut 12 HDR Lighting\link.3180.write.1.tlog
F:\modern_opengl_course\tut_visual_studio\Tutorial 0.3.8\Tut 12 Dynamic Range\obj\Debug\Tut 12 HDR Lighting\link.3180-cvtres.read.1.tlog
F:\modern_opengl_course\tut_visual_studio\Tutorial 0.3.8\Tut 12 Dynamic Range\obj\Debug\Tut 12 HDR Lighting\link.3180-cvtres.write.1.tlog
F:\modern_opengl_course\tut_visual_studio\Tutorial 0.3.8\Tut 12 Dynamic Range\obj\Debug\Tut 12 HDR Lighting\link.command.1.tlog
F:\modern_opengl_course\tut_visual_studio\Tutorial 0.3.8\Tut 12 Dynamic Range\obj\Debug\Tut 12 HDR Lighting\link.read.1.tlog
F:\modern_opengl_course\tut_visual_studio\Tutorial 0.3.8\Tut 12 Dynamic Range\obj\Debug\Tut 12 HDR Lighting\link.read.2.tlog
F:\modern_opengl_course\tut_visual_studio\Tutorial 0.3.8\Tut 12 Dynamic Range\obj\Debug\Tut 12 HDR Lighting\link.write.1.tlog
F:\modern_opengl_course\tut_visual_studio\Tutorial 0.3.8\Tut 12 Dynamic Range\obj\Debug\Tut 12 HDR Lighting\link-cvtres.read.1.tlog
F:\modern_opengl_course\tut_visual_studio\Tutorial 0.3.8\Tut 12 Dynamic Range\obj\Debug\Tut 12 HDR Lighting\link-cvtres.write.1.tlog
F:\modern_opengl_course\tut_visual_studio\Tutorial 0.3.8\Tut 12 Dynamic Range\obj\Debug\Tut 12 HDR Lighting\mt.command.1.tlog
F:\modern_opengl_course\tut_visual_studio\Tutorial 0.3.8\Tut 12 Dynamic Range\obj\Debug\Tut 12 HDR Lighting\mt.read.1.tlog
F:\modern_opengl_course\tut_visual_studio\Tutorial 0.3.8\Tut 12 Dynamic Range\obj\Debug\Tut 12 HDR Lighting\mt.write.1.tlog
F:\modern_opengl_course\tut_visual_studio\Tutorial 0.3.8\Tut 12 Dynamic Range\obj\Debug\Tut 12 HDR Lighting\rc.command.1.tlog
F:\modern_opengl_course\tut_visual_studio\Tutorial 0.3.8\Tut 12 Dynamic Range\obj\Debug\Tut 12 HDR Lighting\rc.read.1.tlog
F:\modern_opengl_course\tut_visual_studio\Tutorial 0.3.8\Tut 12 Dynamic Range\obj\Debug\Tut 12 HDR Lighting\rc.write.1.tlog
F:\MODERN_OPENGL_COURSE\TUT_VISUAL_STUDIO\TUTORIAL 0.3.8\TUT 12 DYNAMIC RANGE\OBJ\DEBUG\TUT 12 HDR LIGHTING\SCENE.OBJ
F:\MODERN_OPENGL_COURSE\TUT_VISUAL_STUDIO\TUTORIAL 0.3.8\TUT 12 DYNAMIC RANGE\OBJ\DEBUG\TUT 12 HDR LIGHTING\TUT 12 HDR LIGHTINGD.EXE.EMBED.MANIFEST
F:\MODERN_OPENGL_COURSE\TUT_VISUAL_STUDIO\TUTORIAL 0.3.8\TUT 12 DYNAMIC RANGE\OBJ\DEBUG\TUT 12 HDR LIGHTING\TUT 12 HDR LIGHTINGD.EXE.EMBED.MANIFEST.RES
F:\MODERN_OPENGL_COURSE\TUT_VISUAL_STUDIO\TUTORIAL 0.3.8\TUT 12 DYNAMIC RANGE\OBJ\DEBUG\TUT 12 HDR LIGHTING\TUT 12 HDR LIGHTINGD.EXE.INTERMEDIATE.MANIFEST
F:\modern_opengl_course\tut_visual_studio\Tutorial 0.3.8\Tut 12 Dynamic Range\obj\Debug\Tut 12 HDR Lighting\Tut 12 HDR LightingD_manifest.rc
F:\modern_opengl_course\tut_visual_studio\Tutorial 0.3.8\Tut 12 Dynamic Range\obj\Debug\Tut 12 HDR Lighting\vc100.idb
F:\MODERN_OPENGL_COURSE\TUT_VISUAL_STUDIO\TUTORIAL 0.3.8\TUT 12 DYNAMIC RANGE\OBJ\DEBUG\TUT 12 HDR LIGHTING\VC100.PDB
F:\MODERN_OPENGL_COURSE\TUT_VISUAL_STUDIO\TUTORIAL 0.3.8\TUT 12 DYNAMIC RANGE\TUT 12 HDR LIGHTINGD.EXE
F:\MODERN_OPENGL_COURSE\TUT_VISUAL_STUDIO\TUTORIAL 0.3.8\TUT 12 DYNAMIC RANGE\TUT 12 HDR LIGHTINGD.ILK
F:\MODERN_OPENGL_COURSE\TUT_VISUAL_STUDIO\TUTORIAL 0.3.8\TUT 12 DYNAMIC RANGE\TUT 12 HDR LIGHTINGD.PDB
