.\Tut 06 TranslationD.ilk
.\Tut 06 TranslationD.pdb
F:\modern_opengl_course\tut_visual_studio\Tutorial 0.3.8\Tut 06 Objects in Motion\.\Tut 06 TranslationD.exe
F:\modern_opengl_course\tut_visual_studio\Tutorial 0.3.8\Tut 06 Objects in Motion\obj\Debug\Tut 06 Translation\cl.command.1.tlog
F:\modern_opengl_course\tut_visual_studio\Tutorial 0.3.8\Tut 06 Objects in Motion\obj\Debug\Tut 06 Translation\CL.read.1.tlog
F:\modern_opengl_course\tut_visual_studio\Tutorial 0.3.8\Tut 06 Objects in Motion\obj\Debug\Tut 06 Translation\CL.write.1.tlog
F:\modern_opengl_course\tut_visual_studio\Tutorial 0.3.8\Tut 06 Objects in Motion\obj\Debug\Tut 06 Translation\link.7896.read.1.tlog
F:\modern_opengl_course\tut_visual_studio\Tutorial 0.3.8\Tut 06 Objects in Motion\obj\Debug\Tut 06 Translation\link.7896.read.2.tlog
F:\modern_opengl_course\tut_visual_studio\Tutorial 0.3.8\Tut 06 Objects in Motion\obj\Debug\Tut 06 Translation\link.7896.write.1.tlog
F:\modern_opengl_course\tut_visual_studio\Tutorial 0.3.8\Tut 06 Objects in Motion\obj\Debug\Tut 06 Translation\link.7896-cvtres.read.1.tlog
F:\modern_opengl_course\tut_visual_studio\Tutorial 0.3.8\Tut 06 Objects in Motion\obj\Debug\Tut 06 Translation\link.7896-cvtres.write.1.tlog
F:\modern_opengl_course\tut_visual_studio\Tutorial 0.3.8\Tut 06 Objects in Motion\obj\Debug\Tut 06 Translation\link.command.1.tlog
F:\modern_opengl_course\tut_visual_studio\Tutorial 0.3.8\Tut 06 Objects in Motion\obj\Debug\Tut 06 Translation\link.read.1.tlog
F:\modern_opengl_course\tut_visual_studio\Tutorial 0.3.8\Tut 06 Objects in Motion\obj\Debug\Tut 06 Translation\link.read.2.tlog
F:\modern_opengl_course\tut_visual_studio\Tutorial 0.3.8\Tut 06 Objects in Motion\obj\Debug\Tut 06 Translation\link.write.1.tlog
F:\modern_opengl_course\tut_visual_studio\Tutorial 0.3.8\Tut 06 Objects in Motion\obj\Debug\Tut 06 Translation\link-cvtres.read.1.tlog
F:\modern_opengl_course\tut_visual_studio\Tutorial 0.3.8\Tut 06 Objects in Motion\obj\Debug\Tut 06 Translation\link-cvtres.write.1.tlog
F:\modern_opengl_course\tut_visual_studio\Tutorial 0.3.8\Tut 06 Objects in Motion\obj\Debug\Tut 06 Translation\mt.command.1.tlog
F:\modern_opengl_course\tut_visual_studio\Tutorial 0.3.8\Tut 06 Objects in Motion\obj\Debug\Tut 06 Translation\mt.read.1.tlog
F:\modern_opengl_course\tut_visual_studio\Tutorial 0.3.8\Tut 06 Objects in Motion\obj\Debug\Tut 06 Translation\mt.write.1.tlog
F:\modern_opengl_course\tut_visual_studio\Tutorial 0.3.8\Tut 06 Objects in Motion\obj\Debug\Tut 06 Translation\rc.command.1.tlog
F:\modern_opengl_course\tut_visual_studio\Tutorial 0.3.8\Tut 06 Objects in Motion\obj\Debug\Tut 06 Translation\rc.read.1.tlog
F:\modern_opengl_course\tut_visual_studio\Tutorial 0.3.8\Tut 06 Objects in Motion\obj\Debug\Tut 06 Translation\rc.write.1.tlog
F:\MODERN_OPENGL_COURSE\TUT_VISUAL_STUDIO\TUTORIAL 0.3.8\TUT 06 OBJECTS IN MOTION\OBJ\DEBUG\TUT 06 TRANSLATION\TRANSLATION.OBJ
F:\MODERN_OPENGL_COURSE\TUT_VISUAL_STUDIO\TUTORIAL 0.3.8\TUT 06 OBJECTS IN MOTION\OBJ\DEBUG\TUT 06 TRANSLATION\TUT 06 TRANSLATIOND.EXE.EMBED.MANIFEST
F:\MODERN_OPENGL_COURSE\TUT_VISUAL_STUDIO\TUTORIAL 0.3.8\TUT 06 OBJECTS IN MOTION\OBJ\DEBUG\TUT 06 TRANSLATION\TUT 06 TRANSLATIOND.EXE.EMBED.MANIFEST.RES
F:\MODERN_OPENGL_COURSE\TUT_VISUAL_STUDIO\TUTORIAL 0.3.8\TUT 06 OBJECTS IN MOTION\OBJ\DEBUG\TUT 06 TRANSLATION\TUT 06 TRANSLATIOND.EXE.INTERMEDIATE.MANIFEST
F:\modern_opengl_course\tut_visual_studio\Tutorial 0.3.8\Tut 06 Objects in Motion\obj\Debug\Tut 06 Translation\Tut 06 TranslationD_manifest.rc
F:\modern_opengl_course\tut_visual_studio\Tutorial 0.3.8\Tut 06 Objects in Motion\obj\Debug\Tut 06 Translation\vc100.idb
F:\MODERN_OPENGL_COURSE\TUT_VISUAL_STUDIO\TUTORIAL 0.3.8\TUT 06 OBJECTS IN MOTION\OBJ\DEBUG\TUT 06 TRANSLATION\VC100.PDB
F:\MODERN_OPENGL_COURSE\TUT_VISUAL_STUDIO\TUTORIAL 0.3.8\TUT 06 OBJECTS IN MOTION\TUT 06 TRANSLATIOND.EXE
F:\MODERN_OPENGL_COURSE\TUT_VISUAL_STUDIO\TUTORIAL 0.3.8\TUT 06 OBJECTS IN MOTION\TUT 06 TRANSLATIOND.ILK
F:\MODERN_OPENGL_COURSE\TUT_VISUAL_STUDIO\TUTORIAL 0.3.8\TUT 06 OBJECTS IN MOTION\TUT 06 TRANSLATIOND.PDB
