.\Tut 16 Gamma LandscapeD.ilk
.\Tut 16 Gamma LandscapeD.pdb
F:\modern_opengl_course\tut_visual_studio\Tutorial 0.3.8\Tut 16 Gamma and Textures\.\Tut 16 Gamma LandscapeD.exe
F:\modern_opengl_course\tut_visual_studio\Tutorial 0.3.8\Tut 16 Gamma and Textures\obj\Debug\Tut 16 Gamma Landscape\cl.command.1.tlog
F:\modern_opengl_course\tut_visual_studio\Tutorial 0.3.8\Tut 16 Gamma and Textures\obj\Debug\Tut 16 Gamma Landscape\CL.read.1.tlog
F:\modern_opengl_course\tut_visual_studio\Tutorial 0.3.8\Tut 16 Gamma and Textures\obj\Debug\Tut 16 Gamma Landscape\CL.write.1.tlog
F:\MODERN_OPENGL_COURSE\TUT_VISUAL_STUDIO\TUTORIAL 0.3.8\TUT 16 GAMMA AND TEXTURES\OBJ\DEBUG\TUT 16 GAMMA LANDSCAPE\GAMMA LANDSCAPE.OBJ
F:\MODERN_OPENGL_COURSE\TUT_VISUAL_STUDIO\TUTORIAL 0.3.8\TUT 16 GAMMA AND TEXTURES\OBJ\DEBUG\TUT 16 GAMMA LANDSCAPE\LIGHTENV.OBJ
F:\modern_opengl_course\tut_visual_studio\Tutorial 0.3.8\Tut 16 Gamma and Textures\obj\Debug\Tut 16 Gamma Landscape\link.9696.read.1.tlog
F:\modern_opengl_course\tut_visual_studio\Tutorial 0.3.8\Tut 16 Gamma and Textures\obj\Debug\Tut 16 Gamma Landscape\link.9696.read.2.tlog
F:\modern_opengl_course\tut_visual_studio\Tutorial 0.3.8\Tut 16 Gamma and Textures\obj\Debug\Tut 16 Gamma Landscape\link.9696.write.1.tlog
F:\modern_opengl_course\tut_visual_studio\Tutorial 0.3.8\Tut 16 Gamma and Textures\obj\Debug\Tut 16 Gamma Landscape\link.9696-cvtres.read.1.tlog
F:\modern_opengl_course\tut_visual_studio\Tutorial 0.3.8\Tut 16 Gamma and Textures\obj\Debug\Tut 16 Gamma Landscape\link.9696-cvtres.write.1.tlog
F:\modern_opengl_course\tut_visual_studio\Tutorial 0.3.8\Tut 16 Gamma and Textures\obj\Debug\Tut 16 Gamma Landscape\link.command.1.tlog
F:\modern_opengl_course\tut_visual_studio\Tutorial 0.3.8\Tut 16 Gamma and Textures\obj\Debug\Tut 16 Gamma Landscape\link.read.1.tlog
F:\modern_opengl_course\tut_visual_studio\Tutorial 0.3.8\Tut 16 Gamma and Textures\obj\Debug\Tut 16 Gamma Landscape\link.read.2.tlog
F:\modern_opengl_course\tut_visual_studio\Tutorial 0.3.8\Tut 16 Gamma and Textures\obj\Debug\Tut 16 Gamma Landscape\link.write.1.tlog
F:\modern_opengl_course\tut_visual_studio\Tutorial 0.3.8\Tut 16 Gamma and Textures\obj\Debug\Tut 16 Gamma Landscape\link-cvtres.read.1.tlog
F:\modern_opengl_course\tut_visual_studio\Tutorial 0.3.8\Tut 16 Gamma and Textures\obj\Debug\Tut 16 Gamma Landscape\link-cvtres.write.1.tlog
F:\modern_opengl_course\tut_visual_studio\Tutorial 0.3.8\Tut 16 Gamma and Textures\obj\Debug\Tut 16 Gamma Landscape\mt.command.1.tlog
F:\modern_opengl_course\tut_visual_studio\Tutorial 0.3.8\Tut 16 Gamma and Textures\obj\Debug\Tut 16 Gamma Landscape\mt.read.1.tlog
F:\modern_opengl_course\tut_visual_studio\Tutorial 0.3.8\Tut 16 Gamma and Textures\obj\Debug\Tut 16 Gamma Landscape\mt.write.1.tlog
F:\modern_opengl_course\tut_visual_studio\Tutorial 0.3.8\Tut 16 Gamma and Textures\obj\Debug\Tut 16 Gamma Landscape\rc.command.1.tlog
F:\modern_opengl_course\tut_visual_studio\Tutorial 0.3.8\Tut 16 Gamma and Textures\obj\Debug\Tut 16 Gamma Landscape\rc.read.1.tlog
F:\modern_opengl_course\tut_visual_studio\Tutorial 0.3.8\Tut 16 Gamma and Textures\obj\Debug\Tut 16 Gamma Landscape\rc.write.1.tlog
F:\MODERN_OPENGL_COURSE\TUT_VISUAL_STUDIO\TUTORIAL 0.3.8\TUT 16 GAMMA AND TEXTURES\OBJ\DEBUG\TUT 16 GAMMA LANDSCAPE\TUT 16 GAMMA LANDSCAPED.EXE.EMBED.MANIFEST
F:\MODERN_OPENGL_COURSE\TUT_VISUAL_STUDIO\TUTORIAL 0.3.8\TUT 16 GAMMA AND TEXTURES\OBJ\DEBUG\TUT 16 GAMMA LANDSCAPE\TUT 16 GAMMA LANDSCAPED.EXE.EMBED.MANIFEST.RES
F:\MODERN_OPENGL_COURSE\TUT_VISUAL_STUDIO\TUTORIAL 0.3.8\TUT 16 GAMMA AND TEXTURES\OBJ\DEBUG\TUT 16 GAMMA LANDSCAPE\TUT 16 GAMMA LANDSCAPED.EXE.INTERMEDIATE.MANIFEST
F:\modern_opengl_course\tut_visual_studio\Tutorial 0.3.8\Tut 16 Gamma and Textures\obj\Debug\Tut 16 Gamma Landscape\Tut 16 Gamma LandscapeD_manifest.rc
F:\modern_opengl_course\tut_visual_studio\Tutorial 0.3.8\Tut 16 Gamma and Textures\obj\Debug\Tut 16 Gamma Landscape\vc100.idb
F:\MODERN_OPENGL_COURSE\TUT_VISUAL_STUDIO\TUTORIAL 0.3.8\TUT 16 GAMMA AND TEXTURES\OBJ\DEBUG\TUT 16 GAMMA LANDSCAPE\VC100.PDB
F:\MODERN_OPENGL_COURSE\TUT_VISUAL_STUDIO\TUTORIAL 0.3.8\TUT 16 GAMMA AND TEXTURES\TUT 16 GAMMA LANDSCAPED.EXE
F:\MODERN_OPENGL_COURSE\TUT_VISUAL_STUDIO\TUTORIAL 0.3.8\TUT 16 GAMMA AND TEXTURES\TUT 16 GAMMA LANDSCAPED.ILK
F:\MODERN_OPENGL_COURSE\TUT_VISUAL_STUDIO\TUTORIAL 0.3.8\TUT 16 GAMMA AND TEXTURES\TUT 16 GAMMA LANDSCAPED.PDB
