.\Tut 06 ScaleD.ilk
.\Tut 06 ScaleD.pdb
F:\modern_opengl_course\tut_visual_studio\Tutorial 0.3.8\Tut 06 Objects in Motion\.\Tut 06 ScaleD.exe
F:\modern_opengl_course\tut_visual_studio\Tutorial 0.3.8\Tut 06 Objects in Motion\obj\Debug\Tut 06 Scale\cl.command.1.tlog
F:\modern_opengl_course\tut_visual_studio\Tutorial 0.3.8\Tut 06 Objects in Motion\obj\Debug\Tut 06 Scale\CL.read.1.tlog
F:\modern_opengl_course\tut_visual_studio\Tutorial 0.3.8\Tut 06 Objects in Motion\obj\Debug\Tut 06 Scale\CL.write.1.tlog
F:\modern_opengl_course\tut_visual_studio\Tutorial 0.3.8\Tut 06 Objects in Motion\obj\Debug\Tut 06 Scale\link.7940.read.1.tlog
F:\modern_opengl_course\tut_visual_studio\Tutorial 0.3.8\Tut 06 Objects in Motion\obj\Debug\Tut 06 Scale\link.7940.read.2.tlog
F:\modern_opengl_course\tut_visual_studio\Tutorial 0.3.8\Tut 06 Objects in Motion\obj\Debug\Tut 06 Scale\link.7940.write.1.tlog
F:\modern_opengl_course\tut_visual_studio\Tutorial 0.3.8\Tut 06 Objects in Motion\obj\Debug\Tut 06 Scale\link.7940-cvtres.read.1.tlog
F:\modern_opengl_course\tut_visual_studio\Tutorial 0.3.8\Tut 06 Objects in Motion\obj\Debug\Tut 06 Scale\link.7940-cvtres.write.1.tlog
F:\modern_opengl_course\tut_visual_studio\Tutorial 0.3.8\Tut 06 Objects in Motion\obj\Debug\Tut 06 Scale\link.command.1.tlog
F:\modern_opengl_course\tut_visual_studio\Tutorial 0.3.8\Tut 06 Objects in Motion\obj\Debug\Tut 06 Scale\link.read.1.tlog
F:\modern_opengl_course\tut_visual_studio\Tutorial 0.3.8\Tut 06 Objects in Motion\obj\Debug\Tut 06 Scale\link.read.2.tlog
F:\modern_opengl_course\tut_visual_studio\Tutorial 0.3.8\Tut 06 Objects in Motion\obj\Debug\Tut 06 Scale\link.write.1.tlog
F:\modern_opengl_course\tut_visual_studio\Tutorial 0.3.8\Tut 06 Objects in Motion\obj\Debug\Tut 06 Scale\link-cvtres.read.1.tlog
F:\modern_opengl_course\tut_visual_studio\Tutorial 0.3.8\Tut 06 Objects in Motion\obj\Debug\Tut 06 Scale\link-cvtres.write.1.tlog
F:\modern_opengl_course\tut_visual_studio\Tutorial 0.3.8\Tut 06 Objects in Motion\obj\Debug\Tut 06 Scale\mt.command.1.tlog
F:\modern_opengl_course\tut_visual_studio\Tutorial 0.3.8\Tut 06 Objects in Motion\obj\Debug\Tut 06 Scale\mt.read.1.tlog
F:\modern_opengl_course\tut_visual_studio\Tutorial 0.3.8\Tut 06 Objects in Motion\obj\Debug\Tut 06 Scale\mt.write.1.tlog
F:\modern_opengl_course\tut_visual_studio\Tutorial 0.3.8\Tut 06 Objects in Motion\obj\Debug\Tut 06 Scale\rc.command.1.tlog
F:\modern_opengl_course\tut_visual_studio\Tutorial 0.3.8\Tut 06 Objects in Motion\obj\Debug\Tut 06 Scale\rc.read.1.tlog
F:\modern_opengl_course\tut_visual_studio\Tutorial 0.3.8\Tut 06 Objects in Motion\obj\Debug\Tut 06 Scale\rc.write.1.tlog
F:\MODERN_OPENGL_COURSE\TUT_VISUAL_STUDIO\TUTORIAL 0.3.8\TUT 06 OBJECTS IN MOTION\OBJ\DEBUG\TUT 06 SCALE\SCALE.OBJ
F:\MODERN_OPENGL_COURSE\TUT_VISUAL_STUDIO\TUTORIAL 0.3.8\TUT 06 OBJECTS IN MOTION\OBJ\DEBUG\TUT 06 SCALE\TUT 06 SCALED.EXE.EMBED.MANIFEST
F:\MODERN_OPENGL_COURSE\TUT_VISUAL_STUDIO\TUTORIAL 0.3.8\TUT 06 OBJECTS IN MOTION\OBJ\DEBUG\TUT 06 SCALE\TUT 06 SCALED.EXE.EMBED.MANIFEST.RES
F:\MODERN_OPENGL_COURSE\TUT_VISUAL_STUDIO\TUTORIAL 0.3.8\TUT 06 OBJECTS IN MOTION\OBJ\DEBUG\TUT 06 SCALE\TUT 06 SCALED.EXE.INTERMEDIATE.MANIFEST
F:\modern_opengl_course\tut_visual_studio\Tutorial 0.3.8\Tut 06 Objects in Motion\obj\Debug\Tut 06 Scale\Tut 06 ScaleD_manifest.rc
F:\modern_opengl_course\tut_visual_studio\Tutorial 0.3.8\Tut 06 Objects in Motion\obj\Debug\Tut 06 Scale\vc100.idb
F:\MODERN_OPENGL_COURSE\TUT_VISUAL_STUDIO\TUTORIAL 0.3.8\TUT 06 OBJECTS IN MOTION\OBJ\DEBUG\TUT 06 SCALE\VC100.PDB
F:\MODERN_OPENGL_COURSE\TUT_VISUAL_STUDIO\TUTORIAL 0.3.8\TUT 06 OBJECTS IN MOTION\TUT 06 SCALED.EXE
F:\MODERN_OPENGL_COURSE\TUT_VISUAL_STUDIO\TUTORIAL 0.3.8\TUT 06 OBJECTS IN MOTION\TUT 06 SCALED.ILK
F:\MODERN_OPENGL_COURSE\TUT_VISUAL_STUDIO\TUTORIAL 0.3.8\TUT 06 OBJECTS IN MOTION\TUT 06 SCALED.PDB
