.\Tut 17 Projected LightD.ilk
.\Tut 17 Projected LightD.pdb
F:\modern_opengl_course\tut_visual_studio\Tutorial 0.3.8\Tut 17 Spotlight on Textures\.\Tut 17 Projected LightD.exe
F:\modern_opengl_course\tut_visual_studio\Tutorial 0.3.8\Tut 17 Spotlight on Textures\obj\Debug\Tut 17 Projected Light\cl.command.1.tlog
F:\modern_opengl_course\tut_visual_studio\Tutorial 0.3.8\Tut 17 Spotlight on Textures\obj\Debug\Tut 17 Projected Light\CL.read.1.tlog
F:\modern_opengl_course\tut_visual_studio\Tutorial 0.3.8\Tut 17 Spotlight on Textures\obj\Debug\Tut 17 Projected Light\CL.write.1.tlog
F:\modern_opengl_course\tut_visual_studio\Tutorial 0.3.8\Tut 17 Spotlight on Textures\obj\Debug\Tut 17 Projected Light\link.5456.read.1.tlog
F:\modern_opengl_course\tut_visual_studio\Tutorial 0.3.8\Tut 17 Spotlight on Textures\obj\Debug\Tut 17 Projected Light\link.5456.read.2.tlog
F:\modern_opengl_course\tut_visual_studio\Tutorial 0.3.8\Tut 17 Spotlight on Textures\obj\Debug\Tut 17 Projected Light\link.5456.write.1.tlog
F:\modern_opengl_course\tut_visual_studio\Tutorial 0.3.8\Tut 17 Spotlight on Textures\obj\Debug\Tut 17 Projected Light\link.5456-cvtres.read.1.tlog
F:\modern_opengl_course\tut_visual_studio\Tutorial 0.3.8\Tut 17 Spotlight on Textures\obj\Debug\Tut 17 Projected Light\link.5456-cvtres.write.1.tlog
F:\modern_opengl_course\tut_visual_studio\Tutorial 0.3.8\Tut 17 Spotlight on Textures\obj\Debug\Tut 17 Projected Light\link.command.1.tlog
F:\modern_opengl_course\tut_visual_studio\Tutorial 0.3.8\Tut 17 Spotlight on Textures\obj\Debug\Tut 17 Projected Light\link.read.1.tlog
F:\modern_opengl_course\tut_visual_studio\Tutorial 0.3.8\Tut 17 Spotlight on Textures\obj\Debug\Tut 17 Projected Light\link.read.2.tlog
F:\modern_opengl_course\tut_visual_studio\Tutorial 0.3.8\Tut 17 Spotlight on Textures\obj\Debug\Tut 17 Projected Light\link.write.1.tlog
F:\modern_opengl_course\tut_visual_studio\Tutorial 0.3.8\Tut 17 Spotlight on Textures\obj\Debug\Tut 17 Projected Light\link-cvtres.read.1.tlog
F:\modern_opengl_course\tut_visual_studio\Tutorial 0.3.8\Tut 17 Spotlight on Textures\obj\Debug\Tut 17 Projected Light\link-cvtres.write.1.tlog
F:\modern_opengl_course\tut_visual_studio\Tutorial 0.3.8\Tut 17 Spotlight on Textures\obj\Debug\Tut 17 Projected Light\mt.command.1.tlog
F:\modern_opengl_course\tut_visual_studio\Tutorial 0.3.8\Tut 17 Spotlight on Textures\obj\Debug\Tut 17 Projected Light\mt.read.1.tlog
F:\modern_opengl_course\tut_visual_studio\Tutorial 0.3.8\Tut 17 Spotlight on Textures\obj\Debug\Tut 17 Projected Light\mt.write.1.tlog
F:\MODERN_OPENGL_COURSE\TUT_VISUAL_STUDIO\TUTORIAL 0.3.8\TUT 17 SPOTLIGHT ON TEXTURES\OBJ\DEBUG\TUT 17 PROJECTED LIGHT\PROJECTED LIGHT.OBJ
F:\modern_opengl_course\tut_visual_studio\Tutorial 0.3.8\Tut 17 Spotlight on Textures\obj\Debug\Tut 17 Projected Light\rc.command.1.tlog
F:\modern_opengl_course\tut_visual_studio\Tutorial 0.3.8\Tut 17 Spotlight on Textures\obj\Debug\Tut 17 Projected Light\rc.read.1.tlog
F:\modern_opengl_course\tut_visual_studio\Tutorial 0.3.8\Tut 17 Spotlight on Textures\obj\Debug\Tut 17 Projected Light\rc.write.1.tlog
F:\MODERN_OPENGL_COURSE\TUT_VISUAL_STUDIO\TUTORIAL 0.3.8\TUT 17 SPOTLIGHT ON TEXTURES\OBJ\DEBUG\TUT 17 PROJECTED LIGHT\TUT 17 PROJECTED LIGHTD.EXE.EMBED.MANIFEST
F:\MODERN_OPENGL_COURSE\TUT_VISUAL_STUDIO\TUTORIAL 0.3.8\TUT 17 SPOTLIGHT ON TEXTURES\OBJ\DEBUG\TUT 17 PROJECTED LIGHT\TUT 17 PROJECTED LIGHTD.EXE.EMBED.MANIFEST.RES
F:\MODERN_OPENGL_COURSE\TUT_VISUAL_STUDIO\TUTORIAL 0.3.8\TUT 17 SPOTLIGHT ON TEXTURES\OBJ\DEBUG\TUT 17 PROJECTED LIGHT\TUT 17 PROJECTED LIGHTD.EXE.INTERMEDIATE.MANIFEST
F:\modern_opengl_course\tut_visual_studio\Tutorial 0.3.8\Tut 17 Spotlight on Textures\obj\Debug\Tut 17 Projected Light\Tut 17 Projected LightD_manifest.rc
F:\modern_opengl_course\tut_visual_studio\Tutorial 0.3.8\Tut 17 Spotlight on Textures\obj\Debug\Tut 17 Projected Light\vc100.idb
F:\MODERN_OPENGL_COURSE\TUT_VISUAL_STUDIO\TUTORIAL 0.3.8\TUT 17 SPOTLIGHT ON TEXTURES\OBJ\DEBUG\TUT 17 PROJECTED LIGHT\VC100.PDB
F:\MODERN_OPENGL_COURSE\TUT_VISUAL_STUDIO\TUTORIAL 0.3.8\TUT 17 SPOTLIGHT ON TEXTURES\TUT 17 PROJECTED LIGHTD.EXE
F:\MODERN_OPENGL_COURSE\TUT_VISUAL_STUDIO\TUTORIAL 0.3.8\TUT 17 SPOTLIGHT ON TEXTURES\TUT 17 PROJECTED LIGHTD.ILK
F:\MODERN_OPENGL_COURSE\TUT_VISUAL_STUDIO\TUTORIAL 0.3.8\TUT 17 SPOTLIGHT ON TEXTURES\TUT 17 PROJECTED LIGHTD.PDB
