.\Tut 05 Depth BufferingD.ilk
.\Tut 05 Depth BufferingD.pdb
F:\modern_opengl_course\tut_visual_studio\Tutorial 0.3.8\Tut 05 Objects in Depth\.\Tut 05 Depth BufferingD.exe
F:\modern_opengl_course\tut_visual_studio\Tutorial 0.3.8\Tut 05 Objects in Depth\obj\Debug\Tut 05 Depth Buffering\cl.command.1.tlog
F:\modern_opengl_course\tut_visual_studio\Tutorial 0.3.8\Tut 05 Objects in Depth\obj\Debug\Tut 05 Depth Buffering\CL.read.1.tlog
F:\modern_opengl_course\tut_visual_studio\Tutorial 0.3.8\Tut 05 Objects in Depth\obj\Debug\Tut 05 Depth Buffering\CL.write.1.tlog
F:\MODERN_OPENGL_COURSE\TUT_VISUAL_STUDIO\TUTORIAL 0.3.8\TUT 05 OBJECTS IN DEPTH\OBJ\DEBUG\TUT 05 DEPTH BUFFERING\DEPTHBUFFER.OBJ
F:\modern_opengl_course\tut_visual_studio\Tutorial 0.3.8\Tut 05 Objects in Depth\obj\Debug\Tut 05 Depth Buffering\link.7596.read.1.tlog
F:\modern_opengl_course\tut_visual_studio\Tutorial 0.3.8\Tut 05 Objects in Depth\obj\Debug\Tut 05 Depth Buffering\link.7596.read.2.tlog
F:\modern_opengl_course\tut_visual_studio\Tutorial 0.3.8\Tut 05 Objects in Depth\obj\Debug\Tut 05 Depth Buffering\link.7596.write.1.tlog
F:\modern_opengl_course\tut_visual_studio\Tutorial 0.3.8\Tut 05 Objects in Depth\obj\Debug\Tut 05 Depth Buffering\link.7596-cvtres.read.1.tlog
F:\modern_opengl_course\tut_visual_studio\Tutorial 0.3.8\Tut 05 Objects in Depth\obj\Debug\Tut 05 Depth Buffering\link.7596-cvtres.write.1.tlog
F:\modern_opengl_course\tut_visual_studio\Tutorial 0.3.8\Tut 05 Objects in Depth\obj\Debug\Tut 05 Depth Buffering\link.command.1.tlog
F:\modern_opengl_course\tut_visual_studio\Tutorial 0.3.8\Tut 05 Objects in Depth\obj\Debug\Tut 05 Depth Buffering\link.read.1.tlog
F:\modern_opengl_course\tut_visual_studio\Tutorial 0.3.8\Tut 05 Objects in Depth\obj\Debug\Tut 05 Depth Buffering\link.read.2.tlog
F:\modern_opengl_course\tut_visual_studio\Tutorial 0.3.8\Tut 05 Objects in Depth\obj\Debug\Tut 05 Depth Buffering\link.write.1.tlog
F:\modern_opengl_course\tut_visual_studio\Tutorial 0.3.8\Tut 05 Objects in Depth\obj\Debug\Tut 05 Depth Buffering\link-cvtres.read.1.tlog
F:\modern_opengl_course\tut_visual_studio\Tutorial 0.3.8\Tut 05 Objects in Depth\obj\Debug\Tut 05 Depth Buffering\link-cvtres.write.1.tlog
F:\modern_opengl_course\tut_visual_studio\Tutorial 0.3.8\Tut 05 Objects in Depth\obj\Debug\Tut 05 Depth Buffering\mt.command.1.tlog
F:\modern_opengl_course\tut_visual_studio\Tutorial 0.3.8\Tut 05 Objects in Depth\obj\Debug\Tut 05 Depth Buffering\mt.read.1.tlog
F:\modern_opengl_course\tut_visual_studio\Tutorial 0.3.8\Tut 05 Objects in Depth\obj\Debug\Tut 05 Depth Buffering\mt.write.1.tlog
F:\modern_opengl_course\tut_visual_studio\Tutorial 0.3.8\Tut 05 Objects in Depth\obj\Debug\Tut 05 Depth Buffering\rc.command.1.tlog
F:\modern_opengl_course\tut_visual_studio\Tutorial 0.3.8\Tut 05 Objects in Depth\obj\Debug\Tut 05 Depth Buffering\rc.read.1.tlog
F:\modern_opengl_course\tut_visual_studio\Tutorial 0.3.8\Tut 05 Objects in Depth\obj\Debug\Tut 05 Depth Buffering\rc.write.1.tlog
F:\MODERN_OPENGL_COURSE\TUT_VISUAL_STUDIO\TUTORIAL 0.3.8\TUT 05 OBJECTS IN DEPTH\OBJ\DEBUG\TUT 05 DEPTH BUFFERING\TUT 05 DEPTH BUFFERINGD.EXE.EMBED.MANIFEST
F:\MODERN_OPENGL_COURSE\TUT_VISUAL_STUDIO\TUTORIAL 0.3.8\TUT 05 OBJECTS IN DEPTH\OBJ\DEBUG\TUT 05 DEPTH BUFFERING\TUT 05 DEPTH BUFFERINGD.EXE.EMBED.MANIFEST.RES
F:\MODERN_OPENGL_COURSE\TUT_VISUAL_STUDIO\TUTORIAL 0.3.8\TUT 05 OBJECTS IN DEPTH\OBJ\DEBUG\TUT 05 DEPTH BUFFERING\TUT 05 DEPTH BUFFERINGD.EXE.INTERMEDIATE.MANIFEST
F:\modern_opengl_course\tut_visual_studio\Tutorial 0.3.8\Tut 05 Objects in Depth\obj\Debug\Tut 05 Depth Buffering\Tut 05 Depth BufferingD_manifest.rc
F:\modern_opengl_course\tut_visual_studio\Tutorial 0.3.8\Tut 05 Objects in Depth\obj\Debug\Tut 05 Depth Buffering\vc100.idb
F:\MODERN_OPENGL_COURSE\TUT_VISUAL_STUDIO\TUTORIAL 0.3.8\TUT 05 OBJECTS IN DEPTH\OBJ\DEBUG\TUT 05 DEPTH BUFFERING\VC100.PDB
F:\MODERN_OPENGL_COURSE\TUT_VISUAL_STUDIO\TUTORIAL 0.3.8\TUT 05 OBJECTS IN DEPTH\TUT 05 DEPTH BUFFERINGD.EXE
F:\MODERN_OPENGL_COURSE\TUT_VISUAL_STUDIO\TUTORIAL 0.3.8\TUT 05 OBJECTS IN DEPTH\TUT 05 DEPTH BUFFERINGD.ILK
F:\MODERN_OPENGL_COURSE\TUT_VISUAL_STUDIO\TUTORIAL 0.3.8\TUT 05 OBJECTS IN DEPTH\TUT 05 DEPTH BUFFERINGD.PDB
