.\Tut 05 Base Vertex with OverlapD.ilk
.\Tut 05 Base Vertex with OverlapD.pdb
F:\modern_opengl_course\tut_visual_studio\Tutorial 0.3.8\Tut 05 Objects in Depth\.\Tut 05 Base Vertex with OverlapD.exe
F:\MODERN_OPENGL_COURSE\TUT_VISUAL_STUDIO\TUTORIAL 0.3.8\TUT 05 OBJECTS IN DEPTH\OBJ\DEBUG\TUT 05 BASE VERTEX WITH OVERLAP\BASEVERTEXOVERLAP.OBJ
F:\modern_opengl_course\tut_visual_studio\Tutorial 0.3.8\Tut 05 Objects in Depth\obj\Debug\Tut 05 Base Vertex with Overlap\cl.command.1.tlog
F:\modern_opengl_course\tut_visual_studio\Tutorial 0.3.8\Tut 05 Objects in Depth\obj\Debug\Tut 05 Base Vertex with Overlap\CL.read.1.tlog
F:\modern_opengl_course\tut_visual_studio\Tutorial 0.3.8\Tut 05 Objects in Depth\obj\Debug\Tut 05 Base Vertex with Overlap\CL.write.1.tlog
F:\modern_opengl_course\tut_visual_studio\Tutorial 0.3.8\Tut 05 Objects in Depth\obj\Debug\Tut 05 Base Vertex with Overlap\link.9916.read.1.tlog
F:\modern_opengl_course\tut_visual_studio\Tutorial 0.3.8\Tut 05 Objects in Depth\obj\Debug\Tut 05 Base Vertex with Overlap\link.9916.read.2.tlog
F:\modern_opengl_course\tut_visual_studio\Tutorial 0.3.8\Tut 05 Objects in Depth\obj\Debug\Tut 05 Base Vertex with Overlap\link.9916.write.1.tlog
F:\modern_opengl_course\tut_visual_studio\Tutorial 0.3.8\Tut 05 Objects in Depth\obj\Debug\Tut 05 Base Vertex with Overlap\link.9916-cvtres.read.1.tlog
F:\modern_opengl_course\tut_visual_studio\Tutorial 0.3.8\Tut 05 Objects in Depth\obj\Debug\Tut 05 Base Vertex with Overlap\link.9916-cvtres.write.1.tlog
F:\modern_opengl_course\tut_visual_studio\Tutorial 0.3.8\Tut 05 Objects in Depth\obj\Debug\Tut 05 Base Vertex with Overlap\link.command.1.tlog
F:\modern_opengl_course\tut_visual_studio\Tutorial 0.3.8\Tut 05 Objects in Depth\obj\Debug\Tut 05 Base Vertex with Overlap\link.read.1.tlog
F:\modern_opengl_course\tut_visual_studio\Tutorial 0.3.8\Tut 05 Objects in Depth\obj\Debug\Tut 05 Base Vertex with Overlap\link.read.2.tlog
F:\modern_opengl_course\tut_visual_studio\Tutorial 0.3.8\Tut 05 Objects in Depth\obj\Debug\Tut 05 Base Vertex with Overlap\link.write.1.tlog
F:\modern_opengl_course\tut_visual_studio\Tutorial 0.3.8\Tut 05 Objects in Depth\obj\Debug\Tut 05 Base Vertex with Overlap\link-cvtres.read.1.tlog
F:\modern_opengl_course\tut_visual_studio\Tutorial 0.3.8\Tut 05 Objects in Depth\obj\Debug\Tut 05 Base Vertex with Overlap\link-cvtres.write.1.tlog
F:\modern_opengl_course\tut_visual_studio\Tutorial 0.3.8\Tut 05 Objects in Depth\obj\Debug\Tut 05 Base Vertex with Overlap\mt.command.1.tlog
F:\modern_opengl_course\tut_visual_studio\Tutorial 0.3.8\Tut 05 Objects in Depth\obj\Debug\Tut 05 Base Vertex with Overlap\mt.read.1.tlog
F:\modern_opengl_course\tut_visual_studio\Tutorial 0.3.8\Tut 05 Objects in Depth\obj\Debug\Tut 05 Base Vertex with Overlap\mt.write.1.tlog
F:\modern_opengl_course\tut_visual_studio\Tutorial 0.3.8\Tut 05 Objects in Depth\obj\Debug\Tut 05 Base Vertex with Overlap\rc.command.1.tlog
F:\modern_opengl_course\tut_visual_studio\Tutorial 0.3.8\Tut 05 Objects in Depth\obj\Debug\Tut 05 Base Vertex with Overlap\rc.read.1.tlog
F:\modern_opengl_course\tut_visual_studio\Tutorial 0.3.8\Tut 05 Objects in Depth\obj\Debug\Tut 05 Base Vertex with Overlap\rc.write.1.tlog
F:\MODERN_OPENGL_COURSE\TUT_VISUAL_STUDIO\TUTORIAL 0.3.8\TUT 05 OBJECTS IN DEPTH\OBJ\DEBUG\TUT 05 BASE VERTEX WITH OVERLAP\TUT 05 BASE VERTEX WITH OVERLAPD.EXE.EMBED.MANIFEST
F:\MODERN_OPENGL_COURSE\TUT_VISUAL_STUDIO\TUTORIAL 0.3.8\TUT 05 OBJECTS IN DEPTH\OBJ\DEBUG\TUT 05 BASE VERTEX WITH OVERLAP\TUT 05 BASE VERTEX WITH OVERLAPD.EXE.EMBED.MANIFEST.RES
F:\MODERN_OPENGL_COURSE\TUT_VISUAL_STUDIO\TUTORIAL 0.3.8\TUT 05 OBJECTS IN DEPTH\OBJ\DEBUG\TUT 05 BASE VERTEX WITH OVERLAP\TUT 05 BASE VERTEX WITH OVERLAPD.EXE.INTERMEDIATE.MANIFEST
F:\modern_opengl_course\tut_visual_studio\Tutorial 0.3.8\Tut 05 Objects in Depth\obj\Debug\Tut 05 Base Vertex with Overlap\Tut 05 Base Vertex with OverlapD_manifest.rc
F:\modern_opengl_course\tut_visual_studio\Tutorial 0.3.8\Tut 05 Objects in Depth\obj\Debug\Tut 05 Base Vertex with Overlap\vc100.idb
F:\MODERN_OPENGL_COURSE\TUT_VISUAL_STUDIO\TUTORIAL 0.3.8\TUT 05 OBJECTS IN DEPTH\OBJ\DEBUG\TUT 05 BASE VERTEX WITH OVERLAP\VC100.PDB
F:\MODERN_OPENGL_COURSE\TUT_VISUAL_STUDIO\TUTORIAL 0.3.8\TUT 05 OBJECTS IN DEPTH\TUT 05 BASE VERTEX WITH OVERLAPD.EXE
F:\MODERN_OPENGL_COURSE\TUT_VISUAL_STUDIO\TUTORIAL 0.3.8\TUT 05 OBJECTS IN DEPTH\TUT 05 BASE VERTEX WITH OVERLAPD.ILK
F:\MODERN_OPENGL_COURSE\TUT_VISUAL_STUDIO\TUTORIAL 0.3.8\TUT 05 OBJECTS IN DEPTH\TUT 05 BASE VERTEX WITH OVERLAPD.PDB
