.\Tut 16 Gamma CheckersD.ilk
.\Tut 16 Gamma CheckersD.pdb
F:\modern_opengl_course\tut_visual_studio\Tutorial 0.3.8\Tut 16 Gamma and Textures\.\Tut 16 Gamma CheckersD.exe
F:\modern_opengl_course\tut_visual_studio\Tutorial 0.3.8\Tut 16 Gamma and Textures\obj\Debug\Tut 16 Gamma Checkers\cl.command.1.tlog
F:\modern_opengl_course\tut_visual_studio\Tutorial 0.3.8\Tut 16 Gamma and Textures\obj\Debug\Tut 16 Gamma Checkers\CL.read.1.tlog
F:\modern_opengl_course\tut_visual_studio\Tutorial 0.3.8\Tut 16 Gamma and Textures\obj\Debug\Tut 16 Gamma Checkers\CL.write.1.tlog
F:\MODERN_OPENGL_COURSE\TUT_VISUAL_STUDIO\TUTORIAL 0.3.8\TUT 16 GAMMA AND TEXTURES\OBJ\DEBUG\TUT 16 GAMMA CHECKERS\GAMMA CHECKERS.OBJ
F:\modern_opengl_course\tut_visual_studio\Tutorial 0.3.8\Tut 16 Gamma and Textures\obj\Debug\Tut 16 Gamma Checkers\link.8452.read.1.tlog
F:\modern_opengl_course\tut_visual_studio\Tutorial 0.3.8\Tut 16 Gamma and Textures\obj\Debug\Tut 16 Gamma Checkers\link.8452.read.2.tlog
F:\modern_opengl_course\tut_visual_studio\Tutorial 0.3.8\Tut 16 Gamma and Textures\obj\Debug\Tut 16 Gamma Checkers\link.8452.write.1.tlog
F:\modern_opengl_course\tut_visual_studio\Tutorial 0.3.8\Tut 16 Gamma and Textures\obj\Debug\Tut 16 Gamma Checkers\link.8452-cvtres.read.1.tlog
F:\modern_opengl_course\tut_visual_studio\Tutorial 0.3.8\Tut 16 Gamma and Textures\obj\Debug\Tut 16 Gamma Checkers\link.8452-cvtres.write.1.tlog
F:\modern_opengl_course\tut_visual_studio\Tutorial 0.3.8\Tut 16 Gamma and Textures\obj\Debug\Tut 16 Gamma Checkers\link.command.1.tlog
F:\modern_opengl_course\tut_visual_studio\Tutorial 0.3.8\Tut 16 Gamma and Textures\obj\Debug\Tut 16 Gamma Checkers\link.read.1.tlog
F:\modern_opengl_course\tut_visual_studio\Tutorial 0.3.8\Tut 16 Gamma and Textures\obj\Debug\Tut 16 Gamma Checkers\link.read.2.tlog
F:\modern_opengl_course\tut_visual_studio\Tutorial 0.3.8\Tut 16 Gamma and Textures\obj\Debug\Tut 16 Gamma Checkers\link.write.1.tlog
F:\modern_opengl_course\tut_visual_studio\Tutorial 0.3.8\Tut 16 Gamma and Textures\obj\Debug\Tut 16 Gamma Checkers\link-cvtres.read.1.tlog
F:\modern_opengl_course\tut_visual_studio\Tutorial 0.3.8\Tut 16 Gamma and Textures\obj\Debug\Tut 16 Gamma Checkers\link-cvtres.write.1.tlog
F:\modern_opengl_course\tut_visual_studio\Tutorial 0.3.8\Tut 16 Gamma and Textures\obj\Debug\Tut 16 Gamma Checkers\mt.command.1.tlog
F:\modern_opengl_course\tut_visual_studio\Tutorial 0.3.8\Tut 16 Gamma and Textures\obj\Debug\Tut 16 Gamma Checkers\mt.read.1.tlog
F:\modern_opengl_course\tut_visual_studio\Tutorial 0.3.8\Tut 16 Gamma and Textures\obj\Debug\Tut 16 Gamma Checkers\mt.write.1.tlog
F:\modern_opengl_course\tut_visual_studio\Tutorial 0.3.8\Tut 16 Gamma and Textures\obj\Debug\Tut 16 Gamma Checkers\rc.command.1.tlog
F:\modern_opengl_course\tut_visual_studio\Tutorial 0.3.8\Tut 16 Gamma and Textures\obj\Debug\Tut 16 Gamma Checkers\rc.read.1.tlog
F:\modern_opengl_course\tut_visual_studio\Tutorial 0.3.8\Tut 16 Gamma and Textures\obj\Debug\Tut 16 Gamma Checkers\rc.write.1.tlog
F:\MODERN_OPENGL_COURSE\TUT_VISUAL_STUDIO\TUTORIAL 0.3.8\TUT 16 GAMMA AND TEXTURES\OBJ\DEBUG\TUT 16 GAMMA CHECKERS\TUT 16 GAMMA CHECKERSD.EXE.EMBED.MANIFEST
F:\MODERN_OPENGL_COURSE\TUT_VISUAL_STUDIO\TUTORIAL 0.3.8\TUT 16 GAMMA AND TEXTURES\OBJ\DEBUG\TUT 16 GAMMA CHECKERS\TUT 16 GAMMA CHECKERSD.EXE.EMBED.MANIFEST.RES
F:\MODERN_OPENGL_COURSE\TUT_VISUAL_STUDIO\TUTORIAL 0.3.8\TUT 16 GAMMA AND TEXTURES\OBJ\DEBUG\TUT 16 GAMMA CHECKERS\TUT 16 GAMMA CHECKERSD.EXE.INTERMEDIATE.MANIFEST
F:\modern_opengl_course\tut_visual_studio\Tutorial 0.3.8\Tut 16 Gamma and Textures\obj\Debug\Tut 16 Gamma Checkers\Tut 16 Gamma CheckersD_manifest.rc
F:\modern_opengl_course\tut_visual_studio\Tutorial 0.3.8\Tut 16 Gamma and Textures\obj\Debug\Tut 16 Gamma Checkers\vc100.idb
F:\MODERN_OPENGL_COURSE\TUT_VISUAL_STUDIO\TUTORIAL 0.3.8\TUT 16 GAMMA AND TEXTURES\OBJ\DEBUG\TUT 16 GAMMA CHECKERS\VC100.PDB
F:\MODERN_OPENGL_COURSE\TUT_VISUAL_STUDIO\TUTORIAL 0.3.8\TUT 16 GAMMA AND TEXTURES\TUT 16 GAMMA CHECKERSD.EXE
F:\MODERN_OPENGL_COURSE\TUT_VISUAL_STUDIO\TUTORIAL 0.3.8\TUT 16 GAMMA AND TEXTURES\TUT 16 GAMMA CHECKERSD.ILK
F:\MODERN_OPENGL_COURSE\TUT_VISUAL_STUDIO\TUTORIAL 0.3.8\TUT 16 GAMMA AND TEXTURES\TUT 16 GAMMA CHECKERSD.PDB
