.\Tut 07 World With UBOD.ilk
.\Tut 07 World With UBOD.pdb
F:\modern_opengl_course\tut_visual_studio\Tutorial 0.3.8\Tut 07 World in Motion\.\Tut 07 World With UBOD.exe
F:\modern_opengl_course\tut_visual_studio\Tutorial 0.3.8\Tut 07 World in Motion\obj\Debug\Tut 07 World With UBO\cl.command.1.tlog
F:\modern_opengl_course\tut_visual_studio\Tutorial 0.3.8\Tut 07 World in Motion\obj\Debug\Tut 07 World With UBO\CL.read.1.tlog
F:\modern_opengl_course\tut_visual_studio\Tutorial 0.3.8\Tut 07 World in Motion\obj\Debug\Tut 07 World With UBO\CL.write.1.tlog
F:\modern_opengl_course\tut_visual_studio\Tutorial 0.3.8\Tut 07 World in Motion\obj\Debug\Tut 07 World With UBO\link.2208.read.1.tlog
F:\modern_opengl_course\tut_visual_studio\Tutorial 0.3.8\Tut 07 World in Motion\obj\Debug\Tut 07 World With UBO\link.2208.read.2.tlog
F:\modern_opengl_course\tut_visual_studio\Tutorial 0.3.8\Tut 07 World in Motion\obj\Debug\Tut 07 World With UBO\link.2208.write.1.tlog
F:\modern_opengl_course\tut_visual_studio\Tutorial 0.3.8\Tut 07 World in Motion\obj\Debug\Tut 07 World With UBO\link.2208-cvtres.read.1.tlog
F:\modern_opengl_course\tut_visual_studio\Tutorial 0.3.8\Tut 07 World in Motion\obj\Debug\Tut 07 World With UBO\link.2208-cvtres.write.1.tlog
F:\modern_opengl_course\tut_visual_studio\Tutorial 0.3.8\Tut 07 World in Motion\obj\Debug\Tut 07 World With UBO\link.command.1.tlog
F:\modern_opengl_course\tut_visual_studio\Tutorial 0.3.8\Tut 07 World in Motion\obj\Debug\Tut 07 World With UBO\link.read.1.tlog
F:\modern_opengl_course\tut_visual_studio\Tutorial 0.3.8\Tut 07 World in Motion\obj\Debug\Tut 07 World With UBO\link.read.2.tlog
F:\modern_opengl_course\tut_visual_studio\Tutorial 0.3.8\Tut 07 World in Motion\obj\Debug\Tut 07 World With UBO\link.write.1.tlog
F:\modern_opengl_course\tut_visual_studio\Tutorial 0.3.8\Tut 07 World in Motion\obj\Debug\Tut 07 World With UBO\link-cvtres.read.1.tlog
F:\modern_opengl_course\tut_visual_studio\Tutorial 0.3.8\Tut 07 World in Motion\obj\Debug\Tut 07 World With UBO\link-cvtres.write.1.tlog
F:\modern_opengl_course\tut_visual_studio\Tutorial 0.3.8\Tut 07 World in Motion\obj\Debug\Tut 07 World With UBO\mt.command.1.tlog
F:\modern_opengl_course\tut_visual_studio\Tutorial 0.3.8\Tut 07 World in Motion\obj\Debug\Tut 07 World With UBO\mt.read.1.tlog
F:\modern_opengl_course\tut_visual_studio\Tutorial 0.3.8\Tut 07 World in Motion\obj\Debug\Tut 07 World With UBO\mt.write.1.tlog
F:\modern_opengl_course\tut_visual_studio\Tutorial 0.3.8\Tut 07 World in Motion\obj\Debug\Tut 07 World With UBO\rc.command.1.tlog
F:\modern_opengl_course\tut_visual_studio\Tutorial 0.3.8\Tut 07 World in Motion\obj\Debug\Tut 07 World With UBO\rc.read.1.tlog
F:\modern_opengl_course\tut_visual_studio\Tutorial 0.3.8\Tut 07 World in Motion\obj\Debug\Tut 07 World With UBO\rc.write.1.tlog
F:\MODERN_OPENGL_COURSE\TUT_VISUAL_STUDIO\TUTORIAL 0.3.8\TUT 07 WORLD IN MOTION\OBJ\DEBUG\TUT 07 WORLD WITH UBO\TUT 07 WORLD WITH UBOD.EXE.EMBED.MANIFEST
F:\MODERN_OPENGL_COURSE\TUT_VISUAL_STUDIO\TUTORIAL 0.3.8\TUT 07 WORLD IN MOTION\OBJ\DEBUG\TUT 07 WORLD WITH UBO\TUT 07 WORLD WITH UBOD.EXE.EMBED.MANIFEST.RES
F:\MODERN_OPENGL_COURSE\TUT_VISUAL_STUDIO\TUTORIAL 0.3.8\TUT 07 WORLD IN MOTION\OBJ\DEBUG\TUT 07 WORLD WITH UBO\TUT 07 WORLD WITH UBOD.EXE.INTERMEDIATE.MANIFEST
F:\modern_opengl_course\tut_visual_studio\Tutorial 0.3.8\Tut 07 World in Motion\obj\Debug\Tut 07 World With UBO\Tut 07 World With UBOD_manifest.rc
F:\modern_opengl_course\tut_visual_studio\Tutorial 0.3.8\Tut 07 World in Motion\obj\Debug\Tut 07 World With UBO\vc100.idb
F:\MODERN_OPENGL_COURSE\TUT_VISUAL_STUDIO\TUTORIAL 0.3.8\TUT 07 WORLD IN MOTION\OBJ\DEBUG\TUT 07 WORLD WITH UBO\VC100.PDB
F:\MODERN_OPENGL_COURSE\TUT_VISUAL_STUDIO\TUTORIAL 0.3.8\TUT 07 WORLD IN MOTION\OBJ\DEBUG\TUT 07 WORLD WITH UBO\WORLD WITH UBO.OBJ
F:\MODERN_OPENGL_COURSE\TUT_VISUAL_STUDIO\TUTORIAL 0.3.8\TUT 07 WORLD IN MOTION\TUT 07 WORLD WITH UBOD.EXE
F:\MODERN_OPENGL_COURSE\TUT_VISUAL_STUDIO\TUTORIAL 0.3.8\TUT 07 WORLD IN MOTION\TUT 07 WORLD WITH UBOD.ILK
F:\MODERN_OPENGL_COURSE\TUT_VISUAL_STUDIO\TUTORIAL 0.3.8\TUT 07 WORLD IN MOTION\TUT 07 WORLD WITH UBOD.PDB
