.\Tut 04 ShaderPerspectiveD.ilk
.\Tut 04 ShaderPerspectiveD.pdb
F:\modern_opengl_course\tut_visual_studio\Tutorial 0.3.8\Tut 04 Objects at Rest\.\Tut 04 ShaderPerspectiveD.exe
F:\modern_opengl_course\tut_visual_studio\Tutorial 0.3.8\Tut 04 Objects at Rest\obj\Debug\Tut 04 ShaderPerspective\cl.command.1.tlog
F:\modern_opengl_course\tut_visual_studio\Tutorial 0.3.8\Tut 04 Objects at Rest\obj\Debug\Tut 04 ShaderPerspective\CL.read.1.tlog
F:\modern_opengl_course\tut_visual_studio\Tutorial 0.3.8\Tut 04 Objects at Rest\obj\Debug\Tut 04 ShaderPerspective\CL.write.1.tlog
F:\modern_opengl_course\tut_visual_studio\Tutorial 0.3.8\Tut 04 Objects at Rest\obj\Debug\Tut 04 ShaderPerspective\link.7108.read.1.tlog
F:\modern_opengl_course\tut_visual_studio\Tutorial 0.3.8\Tut 04 Objects at Rest\obj\Debug\Tut 04 ShaderPerspective\link.7108.read.2.tlog
F:\modern_opengl_course\tut_visual_studio\Tutorial 0.3.8\Tut 04 Objects at Rest\obj\Debug\Tut 04 ShaderPerspective\link.7108.write.1.tlog
F:\modern_opengl_course\tut_visual_studio\Tutorial 0.3.8\Tut 04 Objects at Rest\obj\Debug\Tut 04 ShaderPerspective\link.7108-cvtres.read.1.tlog
F:\modern_opengl_course\tut_visual_studio\Tutorial 0.3.8\Tut 04 Objects at Rest\obj\Debug\Tut 04 ShaderPerspective\link.7108-cvtres.write.1.tlog
F:\modern_opengl_course\tut_visual_studio\Tutorial 0.3.8\Tut 04 Objects at Rest\obj\Debug\Tut 04 ShaderPerspective\link.command.1.tlog
F:\modern_opengl_course\tut_visual_studio\Tutorial 0.3.8\Tut 04 Objects at Rest\obj\Debug\Tut 04 ShaderPerspective\link.read.1.tlog
F:\modern_opengl_course\tut_visual_studio\Tutorial 0.3.8\Tut 04 Objects at Rest\obj\Debug\Tut 04 ShaderPerspective\link.read.2.tlog
F:\modern_opengl_course\tut_visual_studio\Tutorial 0.3.8\Tut 04 Objects at Rest\obj\Debug\Tut 04 ShaderPerspective\link.write.1.tlog
F:\modern_opengl_course\tut_visual_studio\Tutorial 0.3.8\Tut 04 Objects at Rest\obj\Debug\Tut 04 ShaderPerspective\link-cvtres.read.1.tlog
F:\modern_opengl_course\tut_visual_studio\Tutorial 0.3.8\Tut 04 Objects at Rest\obj\Debug\Tut 04 ShaderPerspective\link-cvtres.write.1.tlog
F:\modern_opengl_course\tut_visual_studio\Tutorial 0.3.8\Tut 04 Objects at Rest\obj\Debug\Tut 04 ShaderPerspective\mt.command.1.tlog
F:\modern_opengl_course\tut_visual_studio\Tutorial 0.3.8\Tut 04 Objects at Rest\obj\Debug\Tut 04 ShaderPerspective\mt.read.1.tlog
F:\modern_opengl_course\tut_visual_studio\Tutorial 0.3.8\Tut 04 Objects at Rest\obj\Debug\Tut 04 ShaderPerspective\mt.write.1.tlog
F:\modern_opengl_course\tut_visual_studio\Tutorial 0.3.8\Tut 04 Objects at Rest\obj\Debug\Tut 04 ShaderPerspective\rc.command.1.tlog
F:\modern_opengl_course\tut_visual_studio\Tutorial 0.3.8\Tut 04 Objects at Rest\obj\Debug\Tut 04 ShaderPerspective\rc.read.1.tlog
F:\modern_opengl_course\tut_visual_studio\Tutorial 0.3.8\Tut 04 Objects at Rest\obj\Debug\Tut 04 ShaderPerspective\rc.write.1.tlog
F:\MODERN_OPENGL_COURSE\TUT_VISUAL_STUDIO\TUTORIAL 0.3.8\TUT 04 OBJECTS AT REST\OBJ\DEBUG\TUT 04 SHADERPERSPECTIVE\SHADERPERSPECTIVE.OBJ
F:\MODERN_OPENGL_COURSE\TUT_VISUAL_STUDIO\TUTORIAL 0.3.8\TUT 04 OBJECTS AT REST\OBJ\DEBUG\TUT 04 SHADERPERSPECTIVE\TUT 04 SHADERPERSPECTIVED.EXE.EMBED.MANIFEST
F:\MODERN_OPENGL_COURSE\TUT_VISUAL_STUDIO\TUTORIAL 0.3.8\TUT 04 OBJECTS AT REST\OBJ\DEBUG\TUT 04 SHADERPERSPECTIVE\TUT 04 SHADERPERSPECTIVED.EXE.EMBED.MANIFEST.RES
F:\MODERN_OPENGL_COURSE\TUT_VISUAL_STUDIO\TUTORIAL 0.3.8\TUT 04 OBJECTS AT REST\OBJ\DEBUG\TUT 04 SHADERPERSPECTIVE\TUT 04 SHADERPERSPECTIVED.EXE.INTERMEDIATE.MANIFEST
F:\modern_opengl_course\tut_visual_studio\Tutorial 0.3.8\Tut 04 Objects at Rest\obj\Debug\Tut 04 ShaderPerspective\Tut 04 ShaderPerspectiveD_manifest.rc
F:\modern_opengl_course\tut_visual_studio\Tutorial 0.3.8\Tut 04 Objects at Rest\obj\Debug\Tut 04 ShaderPerspective\vc100.idb
F:\MODERN_OPENGL_COURSE\TUT_VISUAL_STUDIO\TUTORIAL 0.3.8\TUT 04 OBJECTS AT REST\OBJ\DEBUG\TUT 04 SHADERPERSPECTIVE\VC100.PDB
F:\MODERN_OPENGL_COURSE\TUT_VISUAL_STUDIO\TUTORIAL 0.3.8\TUT 04 OBJECTS AT REST\TUT 04 SHADERPERSPECTIVED.EXE
F:\MODERN_OPENGL_COURSE\TUT_VISUAL_STUDIO\TUTORIAL 0.3.8\TUT 04 OBJECTS AT REST\TUT 04 SHADERPERSPECTIVED.ILK
F:\MODERN_OPENGL_COURSE\TUT_VISUAL_STUDIO\TUTORIAL 0.3.8\TUT 04 OBJECTS AT REST\TUT 04 SHADERPERSPECTIVED.PDB
