.\Tut 08 Gimbal LockD.ilk
.\Tut 08 Gimbal LockD.pdb
F:\modern_opengl_course\tut_visual_studio\Tutorial 0.3.8\Tut 08 Getting Oriented\.\Tut 08 Gimbal LockD.exe
F:\modern_opengl_course\tut_visual_studio\Tutorial 0.3.8\Tut 08 Getting Oriented\obj\Debug\Tut 08 Gimbal Lock\cl.command.1.tlog
F:\modern_opengl_course\tut_visual_studio\Tutorial 0.3.8\Tut 08 Getting Oriented\obj\Debug\Tut 08 Gimbal Lock\CL.read.1.tlog
F:\modern_opengl_course\tut_visual_studio\Tutorial 0.3.8\Tut 08 Getting Oriented\obj\Debug\Tut 08 Gimbal Lock\CL.write.1.tlog
F:\MODERN_OPENGL_COURSE\TUT_VISUAL_STUDIO\TUTORIAL 0.3.8\TUT 08 GETTING ORIENTED\OBJ\DEBUG\TUT 08 GIMBAL LOCK\GIMBALLOCK.OBJ
F:\modern_opengl_course\tut_visual_studio\Tutorial 0.3.8\Tut 08 Getting Oriented\obj\Debug\Tut 08 Gimbal Lock\link.9620.read.1.tlog
F:\modern_opengl_course\tut_visual_studio\Tutorial 0.3.8\Tut 08 Getting Oriented\obj\Debug\Tut 08 Gimbal Lock\link.9620.read.2.tlog
F:\modern_opengl_course\tut_visual_studio\Tutorial 0.3.8\Tut 08 Getting Oriented\obj\Debug\Tut 08 Gimbal Lock\link.9620.write.1.tlog
F:\modern_opengl_course\tut_visual_studio\Tutorial 0.3.8\Tut 08 Getting Oriented\obj\Debug\Tut 08 Gimbal Lock\link.9620-cvtres.read.1.tlog
F:\modern_opengl_course\tut_visual_studio\Tutorial 0.3.8\Tut 08 Getting Oriented\obj\Debug\Tut 08 Gimbal Lock\link.9620-cvtres.write.1.tlog
F:\modern_opengl_course\tut_visual_studio\Tutorial 0.3.8\Tut 08 Getting Oriented\obj\Debug\Tut 08 Gimbal Lock\link.command.1.tlog
F:\modern_opengl_course\tut_visual_studio\Tutorial 0.3.8\Tut 08 Getting Oriented\obj\Debug\Tut 08 Gimbal Lock\link.read.1.tlog
F:\modern_opengl_course\tut_visual_studio\Tutorial 0.3.8\Tut 08 Getting Oriented\obj\Debug\Tut 08 Gimbal Lock\link.read.2.tlog
F:\modern_opengl_course\tut_visual_studio\Tutorial 0.3.8\Tut 08 Getting Oriented\obj\Debug\Tut 08 Gimbal Lock\link.write.1.tlog
F:\modern_opengl_course\tut_visual_studio\Tutorial 0.3.8\Tut 08 Getting Oriented\obj\Debug\Tut 08 Gimbal Lock\link-cvtres.read.1.tlog
F:\modern_opengl_course\tut_visual_studio\Tutorial 0.3.8\Tut 08 Getting Oriented\obj\Debug\Tut 08 Gimbal Lock\link-cvtres.write.1.tlog
F:\modern_opengl_course\tut_visual_studio\Tutorial 0.3.8\Tut 08 Getting Oriented\obj\Debug\Tut 08 Gimbal Lock\mt.command.1.tlog
F:\modern_opengl_course\tut_visual_studio\Tutorial 0.3.8\Tut 08 Getting Oriented\obj\Debug\Tut 08 Gimbal Lock\mt.read.1.tlog
F:\modern_opengl_course\tut_visual_studio\Tutorial 0.3.8\Tut 08 Getting Oriented\obj\Debug\Tut 08 Gimbal Lock\mt.write.1.tlog
F:\modern_opengl_course\tut_visual_studio\Tutorial 0.3.8\Tut 08 Getting Oriented\obj\Debug\Tut 08 Gimbal Lock\rc.command.1.tlog
F:\modern_opengl_course\tut_visual_studio\Tutorial 0.3.8\Tut 08 Getting Oriented\obj\Debug\Tut 08 Gimbal Lock\rc.read.1.tlog
F:\modern_opengl_course\tut_visual_studio\Tutorial 0.3.8\Tut 08 Getting Oriented\obj\Debug\Tut 08 Gimbal Lock\rc.write.1.tlog
F:\MODERN_OPENGL_COURSE\TUT_VISUAL_STUDIO\TUTORIAL 0.3.8\TUT 08 GETTING ORIENTED\OBJ\DEBUG\TUT 08 GIMBAL LOCK\TUT 08 GIMBAL LOCKD.EXE.EMBED.MANIFEST
F:\MODERN_OPENGL_COURSE\TUT_VISUAL_STUDIO\TUTORIAL 0.3.8\TUT 08 GETTING ORIENTED\OBJ\DEBUG\TUT 08 GIMBAL LOCK\TUT 08 GIMBAL LOCKD.EXE.EMBED.MANIFEST.RES
F:\MODERN_OPENGL_COURSE\TUT_VISUAL_STUDIO\TUTORIAL 0.3.8\TUT 08 GETTING ORIENTED\OBJ\DEBUG\TUT 08 GIMBAL LOCK\TUT 08 GIMBAL LOCKD.EXE.INTERMEDIATE.MANIFEST
F:\modern_opengl_course\tut_visual_studio\Tutorial 0.3.8\Tut 08 Getting Oriented\obj\Debug\Tut 08 Gimbal Lock\Tut 08 Gimbal LockD_manifest.rc
F:\modern_opengl_course\tut_visual_studio\Tutorial 0.3.8\Tut 08 Getting Oriented\obj\Debug\Tut 08 Gimbal Lock\vc100.idb
F:\MODERN_OPENGL_COURSE\TUT_VISUAL_STUDIO\TUTORIAL 0.3.8\TUT 08 GETTING ORIENTED\OBJ\DEBUG\TUT 08 GIMBAL LOCK\VC100.PDB
F:\MODERN_OPENGL_COURSE\TUT_VISUAL_STUDIO\TUTORIAL 0.3.8\TUT 08 GETTING ORIENTED\TUT 08 GIMBAL LOCKD.EXE
F:\MODERN_OPENGL_COURSE\TUT_VISUAL_STUDIO\TUTORIAL 0.3.8\TUT 08 GETTING ORIENTED\TUT 08 GIMBAL LOCKD.ILK
F:\MODERN_OPENGL_COURSE\TUT_VISUAL_STUDIO\TUTORIAL 0.3.8\TUT 08 GETTING ORIENTED\TUT 08 GIMBAL LOCKD.PDB
