.\Tut 07 World SceneD.ilk
.\Tut 07 World SceneD.pdb
F:\modern_opengl_course\tut_visual_studio\Tutorial 0.3.8\Tut 07 World in Motion\.\Tut 07 World SceneD.exe
F:\modern_opengl_course\tut_visual_studio\Tutorial 0.3.8\Tut 07 World in Motion\obj\Debug\Tut 07 World Scene\cl.command.1.tlog
F:\modern_opengl_course\tut_visual_studio\Tutorial 0.3.8\Tut 07 World in Motion\obj\Debug\Tut 07 World Scene\CL.read.1.tlog
F:\modern_opengl_course\tut_visual_studio\Tutorial 0.3.8\Tut 07 World in Motion\obj\Debug\Tut 07 World Scene\CL.write.1.tlog
F:\modern_opengl_course\tut_visual_studio\Tutorial 0.3.8\Tut 07 World in Motion\obj\Debug\Tut 07 World Scene\link.7476.read.1.tlog
F:\modern_opengl_course\tut_visual_studio\Tutorial 0.3.8\Tut 07 World in Motion\obj\Debug\Tut 07 World Scene\link.7476.read.2.tlog
F:\modern_opengl_course\tut_visual_studio\Tutorial 0.3.8\Tut 07 World in Motion\obj\Debug\Tut 07 World Scene\link.7476.write.1.tlog
F:\modern_opengl_course\tut_visual_studio\Tutorial 0.3.8\Tut 07 World in Motion\obj\Debug\Tut 07 World Scene\link.7476-cvtres.read.1.tlog
F:\modern_opengl_course\tut_visual_studio\Tutorial 0.3.8\Tut 07 World in Motion\obj\Debug\Tut 07 World Scene\link.7476-cvtres.write.1.tlog
F:\modern_opengl_course\tut_visual_studio\Tutorial 0.3.8\Tut 07 World in Motion\obj\Debug\Tut 07 World Scene\link.command.1.tlog
F:\modern_opengl_course\tut_visual_studio\Tutorial 0.3.8\Tut 07 World in Motion\obj\Debug\Tut 07 World Scene\link.read.1.tlog
F:\modern_opengl_course\tut_visual_studio\Tutorial 0.3.8\Tut 07 World in Motion\obj\Debug\Tut 07 World Scene\link.read.2.tlog
F:\modern_opengl_course\tut_visual_studio\Tutorial 0.3.8\Tut 07 World in Motion\obj\Debug\Tut 07 World Scene\link.write.1.tlog
F:\modern_opengl_course\tut_visual_studio\Tutorial 0.3.8\Tut 07 World in Motion\obj\Debug\Tut 07 World Scene\link-cvtres.read.1.tlog
F:\modern_opengl_course\tut_visual_studio\Tutorial 0.3.8\Tut 07 World in Motion\obj\Debug\Tut 07 World Scene\link-cvtres.write.1.tlog
F:\modern_opengl_course\tut_visual_studio\Tutorial 0.3.8\Tut 07 World in Motion\obj\Debug\Tut 07 World Scene\mt.command.1.tlog
F:\modern_opengl_course\tut_visual_studio\Tutorial 0.3.8\Tut 07 World in Motion\obj\Debug\Tut 07 World Scene\mt.read.1.tlog
F:\modern_opengl_course\tut_visual_studio\Tutorial 0.3.8\Tut 07 World in Motion\obj\Debug\Tut 07 World Scene\mt.write.1.tlog
F:\modern_opengl_course\tut_visual_studio\Tutorial 0.3.8\Tut 07 World in Motion\obj\Debug\Tut 07 World Scene\rc.command.1.tlog
F:\modern_opengl_course\tut_visual_studio\Tutorial 0.3.8\Tut 07 World in Motion\obj\Debug\Tut 07 World Scene\rc.read.1.tlog
F:\modern_opengl_course\tut_visual_studio\Tutorial 0.3.8\Tut 07 World in Motion\obj\Debug\Tut 07 World Scene\rc.write.1.tlog
F:\MODERN_OPENGL_COURSE\TUT_VISUAL_STUDIO\TUTORIAL 0.3.8\TUT 07 WORLD IN MOTION\OBJ\DEBUG\TUT 07 WORLD SCENE\TUT 07 WORLD SCENED.EXE.EMBED.MANIFEST
F:\MODERN_OPENGL_COURSE\TUT_VISUAL_STUDIO\TUTORIAL 0.3.8\TUT 07 WORLD IN MOTION\OBJ\DEBUG\TUT 07 WORLD SCENE\TUT 07 WORLD SCENED.EXE.EMBED.MANIFEST.RES
F:\MODERN_OPENGL_COURSE\TUT_VISUAL_STUDIO\TUTORIAL 0.3.8\TUT 07 WORLD IN MOTION\OBJ\DEBUG\TUT 07 WORLD SCENE\TUT 07 WORLD SCENED.EXE.INTERMEDIATE.MANIFEST
F:\modern_opengl_course\tut_visual_studio\Tutorial 0.3.8\Tut 07 World in Motion\obj\Debug\Tut 07 World Scene\Tut 07 World SceneD_manifest.rc
F:\modern_opengl_course\tut_visual_studio\Tutorial 0.3.8\Tut 07 World in Motion\obj\Debug\Tut 07 World Scene\vc100.idb
F:\MODERN_OPENGL_COURSE\TUT_VISUAL_STUDIO\TUTORIAL 0.3.8\TUT 07 WORLD IN MOTION\OBJ\DEBUG\TUT 07 WORLD SCENE\VC100.PDB
F:\MODERN_OPENGL_COURSE\TUT_VISUAL_STUDIO\TUTORIAL 0.3.8\TUT 07 WORLD IN MOTION\OBJ\DEBUG\TUT 07 WORLD SCENE\WORLD SCENE.OBJ
F:\MODERN_OPENGL_COURSE\TUT_VISUAL_STUDIO\TUTORIAL 0.3.8\TUT 07 WORLD IN MOTION\TUT 07 WORLD SCENED.EXE
F:\MODERN_OPENGL_COURSE\TUT_VISUAL_STUDIO\TUTORIAL 0.3.8\TUT 07 WORLD IN MOTION\TUT 07 WORLD SCENED.ILK
F:\MODERN_OPENGL_COURSE\TUT_VISUAL_STUDIO\TUTORIAL 0.3.8\TUT 07 WORLD IN MOTION\TUT 07 WORLD SCENED.PDB
