.\Tut 04 Orthographic CubeD.ilk
.\Tut 04 Orthographic CubeD.pdb
F:\modern_opengl_course\tut_visual_studio\Tutorial 0.3.8\Tut 04 Objects at Rest\.\Tut 04 Orthographic CubeD.exe
F:\modern_opengl_course\tut_visual_studio\Tutorial 0.3.8\Tut 04 Objects at Rest\obj\Debug\Tut 04 Orthographic Cube\cl.command.1.tlog
F:\modern_opengl_course\tut_visual_studio\Tutorial 0.3.8\Tut 04 Objects at Rest\obj\Debug\Tut 04 Orthographic Cube\CL.read.1.tlog
F:\modern_opengl_course\tut_visual_studio\Tutorial 0.3.8\Tut 04 Objects at Rest\obj\Debug\Tut 04 Orthographic Cube\CL.write.1.tlog
F:\modern_opengl_course\tut_visual_studio\Tutorial 0.3.8\Tut 04 Objects at Rest\obj\Debug\Tut 04 Orthographic Cube\link.8624.read.1.tlog
F:\modern_opengl_course\tut_visual_studio\Tutorial 0.3.8\Tut 04 Objects at Rest\obj\Debug\Tut 04 Orthographic Cube\link.8624.read.2.tlog
F:\modern_opengl_course\tut_visual_studio\Tutorial 0.3.8\Tut 04 Objects at Rest\obj\Debug\Tut 04 Orthographic Cube\link.8624.write.1.tlog
F:\modern_opengl_course\tut_visual_studio\Tutorial 0.3.8\Tut 04 Objects at Rest\obj\Debug\Tut 04 Orthographic Cube\link.8624-cvtres.read.1.tlog
F:\modern_opengl_course\tut_visual_studio\Tutorial 0.3.8\Tut 04 Objects at Rest\obj\Debug\Tut 04 Orthographic Cube\link.8624-cvtres.write.1.tlog
F:\modern_opengl_course\tut_visual_studio\Tutorial 0.3.8\Tut 04 Objects at Rest\obj\Debug\Tut 04 Orthographic Cube\link.command.1.tlog
F:\modern_opengl_course\tut_visual_studio\Tutorial 0.3.8\Tut 04 Objects at Rest\obj\Debug\Tut 04 Orthographic Cube\link.read.1.tlog
F:\modern_opengl_course\tut_visual_studio\Tutorial 0.3.8\Tut 04 Objects at Rest\obj\Debug\Tut 04 Orthographic Cube\link.read.2.tlog
F:\modern_opengl_course\tut_visual_studio\Tutorial 0.3.8\Tut 04 Objects at Rest\obj\Debug\Tut 04 Orthographic Cube\link.write.1.tlog
F:\modern_opengl_course\tut_visual_studio\Tutorial 0.3.8\Tut 04 Objects at Rest\obj\Debug\Tut 04 Orthographic Cube\link-cvtres.read.1.tlog
F:\modern_opengl_course\tut_visual_studio\Tutorial 0.3.8\Tut 04 Objects at Rest\obj\Debug\Tut 04 Orthographic Cube\link-cvtres.write.1.tlog
F:\modern_opengl_course\tut_visual_studio\Tutorial 0.3.8\Tut 04 Objects at Rest\obj\Debug\Tut 04 Orthographic Cube\mt.command.1.tlog
F:\modern_opengl_course\tut_visual_studio\Tutorial 0.3.8\Tut 04 Objects at Rest\obj\Debug\Tut 04 Orthographic Cube\mt.read.1.tlog
F:\modern_opengl_course\tut_visual_studio\Tutorial 0.3.8\Tut 04 Objects at Rest\obj\Debug\Tut 04 Orthographic Cube\mt.write.1.tlog
F:\MODERN_OPENGL_COURSE\TUT_VISUAL_STUDIO\TUTORIAL 0.3.8\TUT 04 OBJECTS AT REST\OBJ\DEBUG\TUT 04 ORTHOGRAPHIC CUBE\ORTHOCUBE.OBJ
F:\modern_opengl_course\tut_visual_studio\Tutorial 0.3.8\Tut 04 Objects at Rest\obj\Debug\Tut 04 Orthographic Cube\rc.command.1.tlog
F:\modern_opengl_course\tut_visual_studio\Tutorial 0.3.8\Tut 04 Objects at Rest\obj\Debug\Tut 04 Orthographic Cube\rc.read.1.tlog
F:\modern_opengl_course\tut_visual_studio\Tutorial 0.3.8\Tut 04 Objects at Rest\obj\Debug\Tut 04 Orthographic Cube\rc.write.1.tlog
F:\MODERN_OPENGL_COURSE\TUT_VISUAL_STUDIO\TUTORIAL 0.3.8\TUT 04 OBJECTS AT REST\OBJ\DEBUG\TUT 04 ORTHOGRAPHIC CUBE\TUT 04 ORTHOGRAPHIC CUBED.EXE.EMBED.MANIFEST
F:\MODERN_OPENGL_COURSE\TUT_VISUAL_STUDIO\TUTORIAL 0.3.8\TUT 04 OBJECTS AT REST\OBJ\DEBUG\TUT 04 ORTHOGRAPHIC CUBE\TUT 04 ORTHOGRAPHIC CUBED.EXE.EMBED.MANIFEST.RES
F:\MODERN_OPENGL_COURSE\TUT_VISUAL_STUDIO\TUTORIAL 0.3.8\TUT 04 OBJECTS AT REST\OBJ\DEBUG\TUT 04 ORTHOGRAPHIC CUBE\TUT 04 ORTHOGRAPHIC CUBED.EXE.INTERMEDIATE.MANIFEST
F:\modern_opengl_course\tut_visual_studio\Tutorial 0.3.8\Tut 04 Objects at Rest\obj\Debug\Tut 04 Orthographic Cube\Tut 04 Orthographic CubeD_manifest.rc
F:\modern_opengl_course\tut_visual_studio\Tutorial 0.3.8\Tut 04 Objects at Rest\obj\Debug\Tut 04 Orthographic Cube\vc100.idb
F:\MODERN_OPENGL_COURSE\TUT_VISUAL_STUDIO\TUTORIAL 0.3.8\TUT 04 OBJECTS AT REST\OBJ\DEBUG\TUT 04 ORTHOGRAPHIC CUBE\VC100.PDB
F:\MODERN_OPENGL_COURSE\TUT_VISUAL_STUDIO\TUTORIAL 0.3.8\TUT 04 OBJECTS AT REST\TUT 04 ORTHOGRAPHIC CUBED.EXE
F:\MODERN_OPENGL_COURSE\TUT_VISUAL_STUDIO\TUTORIAL 0.3.8\TUT 04 OBJECTS AT REST\TUT 04 ORTHOGRAPHIC CUBED.ILK
F:\MODERN_OPENGL_COURSE\TUT_VISUAL_STUDIO\TUTORIAL 0.3.8\TUT 04 OBJECTS AT REST\TUT 04 ORTHOGRAPHIC CUBED.PDB
