.\Tut 08 Camera RelativeD.ilk
.\Tut 08 Camera RelativeD.pdb
F:\modern_opengl_course\tut_visual_studio\Tutorial 0.3.8\Tut 08 Getting Oriented\.\Tut 08 Camera RelativeD.exe
F:\MODERN_OPENGL_COURSE\TUT_VISUAL_STUDIO\TUTORIAL 0.3.8\TUT 08 GETTING ORIENTED\OBJ\DEBUG\TUT 08 CAMERA RELATIVE\CAMERARELATIVE.OBJ
F:\modern_opengl_course\tut_visual_studio\Tutorial 0.3.8\Tut 08 Getting Oriented\obj\Debug\Tut 08 Camera Relative\cl.command.1.tlog
F:\modern_opengl_course\tut_visual_studio\Tutorial 0.3.8\Tut 08 Getting Oriented\obj\Debug\Tut 08 Camera Relative\CL.read.1.tlog
F:\modern_opengl_course\tut_visual_studio\Tutorial 0.3.8\Tut 08 Getting Oriented\obj\Debug\Tut 08 Camera Relative\CL.write.1.tlog
F:\modern_opengl_course\tut_visual_studio\Tutorial 0.3.8\Tut 08 Getting Oriented\obj\Debug\Tut 08 Camera Relative\link.10180.read.1.tlog
F:\modern_opengl_course\tut_visual_studio\Tutorial 0.3.8\Tut 08 Getting Oriented\obj\Debug\Tut 08 Camera Relative\link.10180.read.2.tlog
F:\modern_opengl_course\tut_visual_studio\Tutorial 0.3.8\Tut 08 Getting Oriented\obj\Debug\Tut 08 Camera Relative\link.10180.write.1.tlog
F:\modern_opengl_course\tut_visual_studio\Tutorial 0.3.8\Tut 08 Getting Oriented\obj\Debug\Tut 08 Camera Relative\link.10180-cvtres.read.1.tlog
F:\modern_opengl_course\tut_visual_studio\Tutorial 0.3.8\Tut 08 Getting Oriented\obj\Debug\Tut 08 Camera Relative\link.10180-cvtres.write.1.tlog
F:\modern_opengl_course\tut_visual_studio\Tutorial 0.3.8\Tut 08 Getting Oriented\obj\Debug\Tut 08 Camera Relative\link.command.1.tlog
F:\modern_opengl_course\tut_visual_studio\Tutorial 0.3.8\Tut 08 Getting Oriented\obj\Debug\Tut 08 Camera Relative\link.read.1.tlog
F:\modern_opengl_course\tut_visual_studio\Tutorial 0.3.8\Tut 08 Getting Oriented\obj\Debug\Tut 08 Camera Relative\link.read.2.tlog
F:\modern_opengl_course\tut_visual_studio\Tutorial 0.3.8\Tut 08 Getting Oriented\obj\Debug\Tut 08 Camera Relative\link.write.1.tlog
F:\modern_opengl_course\tut_visual_studio\Tutorial 0.3.8\Tut 08 Getting Oriented\obj\Debug\Tut 08 Camera Relative\link-cvtres.read.1.tlog
F:\modern_opengl_course\tut_visual_studio\Tutorial 0.3.8\Tut 08 Getting Oriented\obj\Debug\Tut 08 Camera Relative\link-cvtres.write.1.tlog
F:\modern_opengl_course\tut_visual_studio\Tutorial 0.3.8\Tut 08 Getting Oriented\obj\Debug\Tut 08 Camera Relative\mt.command.1.tlog
F:\modern_opengl_course\tut_visual_studio\Tutorial 0.3.8\Tut 08 Getting Oriented\obj\Debug\Tut 08 Camera Relative\mt.read.1.tlog
F:\modern_opengl_course\tut_visual_studio\Tutorial 0.3.8\Tut 08 Getting Oriented\obj\Debug\Tut 08 Camera Relative\mt.write.1.tlog
F:\modern_opengl_course\tut_visual_studio\Tutorial 0.3.8\Tut 08 Getting Oriented\obj\Debug\Tut 08 Camera Relative\rc.command.1.tlog
F:\modern_opengl_course\tut_visual_studio\Tutorial 0.3.8\Tut 08 Getting Oriented\obj\Debug\Tut 08 Camera Relative\rc.read.1.tlog
F:\modern_opengl_course\tut_visual_studio\Tutorial 0.3.8\Tut 08 Getting Oriented\obj\Debug\Tut 08 Camera Relative\rc.write.1.tlog
F:\MODERN_OPENGL_COURSE\TUT_VISUAL_STUDIO\TUTORIAL 0.3.8\TUT 08 GETTING ORIENTED\OBJ\DEBUG\TUT 08 CAMERA RELATIVE\TUT 08 CAMERA RELATIVED.EXE.EMBED.MANIFEST
F:\MODERN_OPENGL_COURSE\TUT_VISUAL_STUDIO\TUTORIAL 0.3.8\TUT 08 GETTING ORIENTED\OBJ\DEBUG\TUT 08 CAMERA RELATIVE\TUT 08 CAMERA RELATIVED.EXE.EMBED.MANIFEST.RES
F:\MODERN_OPENGL_COURSE\TUT_VISUAL_STUDIO\TUTORIAL 0.3.8\TUT 08 GETTING ORIENTED\OBJ\DEBUG\TUT 08 CAMERA RELATIVE\TUT 08 CAMERA RELATIVED.EXE.INTERMEDIATE.MANIFEST
F:\modern_opengl_course\tut_visual_studio\Tutorial 0.3.8\Tut 08 Getting Oriented\obj\Debug\Tut 08 Camera Relative\Tut 08 Camera RelativeD_manifest.rc
F:\modern_opengl_course\tut_visual_studio\Tutorial 0.3.8\Tut 08 Getting Oriented\obj\Debug\Tut 08 Camera Relative\vc100.idb
F:\MODERN_OPENGL_COURSE\TUT_VISUAL_STUDIO\TUTORIAL 0.3.8\TUT 08 GETTING ORIENTED\OBJ\DEBUG\TUT 08 CAMERA RELATIVE\VC100.PDB
F:\MODERN_OPENGL_COURSE\TUT_VISUAL_STUDIO\TUTORIAL 0.3.8\TUT 08 GETTING ORIENTED\TUT 08 CAMERA RELATIVED.EXE
F:\MODERN_OPENGL_COURSE\TUT_VISUAL_STUDIO\TUTORIAL 0.3.8\TUT 08 GETTING ORIENTED\TUT 08 CAMERA RELATIVED.ILK
F:\MODERN_OPENGL_COURSE\TUT_VISUAL_STUDIO\TUTORIAL 0.3.8\TUT 08 GETTING ORIENTED\TUT 08 CAMERA RELATIVED.PDB
