.\Tut 10 Vertex Point LightingD.ilk
.\Tut 10 Vertex Point LightingD.pdb
F:\modern_opengl_course\tut_visual_studio\Tutorial 0.3.8\Tut 10 Plane Lights\.\Tut 10 Vertex Point LightingD.exe
F:\modern_opengl_course\tut_visual_studio\Tutorial 0.3.8\Tut 10 Plane Lights\obj\Debug\Tut 10 Vertex Point Lighting\cl.command.1.tlog
F:\modern_opengl_course\tut_visual_studio\Tutorial 0.3.8\Tut 10 Plane Lights\obj\Debug\Tut 10 Vertex Point Lighting\CL.read.1.tlog
F:\modern_opengl_course\tut_visual_studio\Tutorial 0.3.8\Tut 10 Plane Lights\obj\Debug\Tut 10 Vertex Point Lighting\CL.write.1.tlog
F:\modern_opengl_course\tut_visual_studio\Tutorial 0.3.8\Tut 10 Plane Lights\obj\Debug\Tut 10 Vertex Point Lighting\link.9880.read.1.tlog
F:\modern_opengl_course\tut_visual_studio\Tutorial 0.3.8\Tut 10 Plane Lights\obj\Debug\Tut 10 Vertex Point Lighting\link.9880.read.2.tlog
F:\modern_opengl_course\tut_visual_studio\Tutorial 0.3.8\Tut 10 Plane Lights\obj\Debug\Tut 10 Vertex Point Lighting\link.9880.write.1.tlog
F:\modern_opengl_course\tut_visual_studio\Tutorial 0.3.8\Tut 10 Plane Lights\obj\Debug\Tut 10 Vertex Point Lighting\link.9880-cvtres.read.1.tlog
F:\modern_opengl_course\tut_visual_studio\Tutorial 0.3.8\Tut 10 Plane Lights\obj\Debug\Tut 10 Vertex Point Lighting\link.9880-cvtres.write.1.tlog
F:\modern_opengl_course\tut_visual_studio\Tutorial 0.3.8\Tut 10 Plane Lights\obj\Debug\Tut 10 Vertex Point Lighting\link.command.1.tlog
F:\modern_opengl_course\tut_visual_studio\Tutorial 0.3.8\Tut 10 Plane Lights\obj\Debug\Tut 10 Vertex Point Lighting\link.read.1.tlog
F:\modern_opengl_course\tut_visual_studio\Tutorial 0.3.8\Tut 10 Plane Lights\obj\Debug\Tut 10 Vertex Point Lighting\link.read.2.tlog
F:\modern_opengl_course\tut_visual_studio\Tutorial 0.3.8\Tut 10 Plane Lights\obj\Debug\Tut 10 Vertex Point Lighting\link.write.1.tlog
F:\modern_opengl_course\tut_visual_studio\Tutorial 0.3.8\Tut 10 Plane Lights\obj\Debug\Tut 10 Vertex Point Lighting\link-cvtres.read.1.tlog
F:\modern_opengl_course\tut_visual_studio\Tutorial 0.3.8\Tut 10 Plane Lights\obj\Debug\Tut 10 Vertex Point Lighting\link-cvtres.write.1.tlog
F:\modern_opengl_course\tut_visual_studio\Tutorial 0.3.8\Tut 10 Plane Lights\obj\Debug\Tut 10 Vertex Point Lighting\mt.command.1.tlog
F:\modern_opengl_course\tut_visual_studio\Tutorial 0.3.8\Tut 10 Plane Lights\obj\Debug\Tut 10 Vertex Point Lighting\mt.read.1.tlog
F:\modern_opengl_course\tut_visual_studio\Tutorial 0.3.8\Tut 10 Plane Lights\obj\Debug\Tut 10 Vertex Point Lighting\mt.write.1.tlog
F:\modern_opengl_course\tut_visual_studio\Tutorial 0.3.8\Tut 10 Plane Lights\obj\Debug\Tut 10 Vertex Point Lighting\rc.command.1.tlog
F:\modern_opengl_course\tut_visual_studio\Tutorial 0.3.8\Tut 10 Plane Lights\obj\Debug\Tut 10 Vertex Point Lighting\rc.read.1.tlog
F:\modern_opengl_course\tut_visual_studio\Tutorial 0.3.8\Tut 10 Plane Lights\obj\Debug\Tut 10 Vertex Point Lighting\rc.write.1.tlog
F:\MODERN_OPENGL_COURSE\TUT_VISUAL_STUDIO\TUTORIAL 0.3.8\TUT 10 PLANE LIGHTS\OBJ\DEBUG\TUT 10 VERTEX POINT LIGHTING\TUT 10 VERTEX POINT LIGHTINGD.EXE.EMBED.MANIFEST
F:\MODERN_OPENGL_COURSE\TUT_VISUAL_STUDIO\TUTORIAL 0.3.8\TUT 10 PLANE LIGHTS\OBJ\DEBUG\TUT 10 VERTEX POINT LIGHTING\TUT 10 VERTEX POINT LIGHTINGD.EXE.EMBED.MANIFEST.RES
F:\MODERN_OPENGL_COURSE\TUT_VISUAL_STUDIO\TUTORIAL 0.3.8\TUT 10 PLANE LIGHTS\OBJ\DEBUG\TUT 10 VERTEX POINT LIGHTING\TUT 10 VERTEX POINT LIGHTINGD.EXE.INTERMEDIATE.MANIFEST
F:\modern_opengl_course\tut_visual_studio\Tutorial 0.3.8\Tut 10 Plane Lights\obj\Debug\Tut 10 Vertex Point Lighting\Tut 10 Vertex Point LightingD_manifest.rc
F:\modern_opengl_course\tut_visual_studio\Tutorial 0.3.8\Tut 10 Plane Lights\obj\Debug\Tut 10 Vertex Point Lighting\vc100.idb
F:\MODERN_OPENGL_COURSE\TUT_VISUAL_STUDIO\TUTORIAL 0.3.8\TUT 10 PLANE LIGHTS\OBJ\DEBUG\TUT 10 VERTEX POINT LIGHTING\VC100.PDB
F:\MODERN_OPENGL_COURSE\TUT_VISUAL_STUDIO\TUTORIAL 0.3.8\TUT 10 PLANE LIGHTS\OBJ\DEBUG\TUT 10 VERTEX POINT LIGHTING\VERTEX POINT LIGHTING.OBJ
F:\MODERN_OPENGL_COURSE\TUT_VISUAL_STUDIO\TUTORIAL 0.3.8\TUT 10 PLANE LIGHTS\TUT 10 VERTEX POINT LIGHTINGD.EXE
F:\MODERN_OPENGL_COURSE\TUT_VISUAL_STUDIO\TUTORIAL 0.3.8\TUT 10 PLANE LIGHTS\TUT 10 VERTEX POINT LIGHTINGD.ILK
F:\MODERN_OPENGL_COURSE\TUT_VISUAL_STUDIO\TUTORIAL 0.3.8\TUT 10 PLANE LIGHTS\TUT 10 VERTEX POINT LIGHTINGD.PDB
