.\Tut 03 Fragment Change ColorD.ilk
.\Tut 03 Fragment Change ColorD.pdb
F:\modern_opengl_course\tut_visual_studio\Tutorial 0.3.8\Tut 03 OpenGLs Moving Triangle\.\Tut 03 Fragment Change ColorD.exe
F:\modern_opengl_course\tut_visual_studio\Tutorial 0.3.8\Tut 03 OpenGLs Moving Triangle\obj\Debug\Tut 03 Fragment Change Color\cl.command.1.tlog
F:\modern_opengl_course\tut_visual_studio\Tutorial 0.3.8\Tut 03 OpenGLs Moving Triangle\obj\Debug\Tut 03 Fragment Change Color\CL.read.1.tlog
F:\modern_opengl_course\tut_visual_studio\Tutorial 0.3.8\Tut 03 OpenGLs Moving Triangle\obj\Debug\Tut 03 Fragment Change Color\CL.write.1.tlog
F:\MODERN_OPENGL_COURSE\TUT_VISUAL_STUDIO\TUTORIAL 0.3.8\TUT 03 OPENGLS MOVING TRIANGLE\OBJ\DEBUG\TUT 03 FRAGMENT CHANGE COLOR\FRAGCHANGECOLOR.OBJ
F:\modern_opengl_course\tut_visual_studio\Tutorial 0.3.8\Tut 03 OpenGLs Moving Triangle\obj\Debug\Tut 03 Fragment Change Color\link.9952.read.1.tlog
F:\modern_opengl_course\tut_visual_studio\Tutorial 0.3.8\Tut 03 OpenGLs Moving Triangle\obj\Debug\Tut 03 Fragment Change Color\link.9952.read.2.tlog
F:\modern_opengl_course\tut_visual_studio\Tutorial 0.3.8\Tut 03 OpenGLs Moving Triangle\obj\Debug\Tut 03 Fragment Change Color\link.9952.write.1.tlog
F:\modern_opengl_course\tut_visual_studio\Tutorial 0.3.8\Tut 03 OpenGLs Moving Triangle\obj\Debug\Tut 03 Fragment Change Color\link.9952-cvtres.read.1.tlog
F:\modern_opengl_course\tut_visual_studio\Tutorial 0.3.8\Tut 03 OpenGLs Moving Triangle\obj\Debug\Tut 03 Fragment Change Color\link.9952-cvtres.write.1.tlog
F:\modern_opengl_course\tut_visual_studio\Tutorial 0.3.8\Tut 03 OpenGLs Moving Triangle\obj\Debug\Tut 03 Fragment Change Color\link.command.1.tlog
F:\modern_opengl_course\tut_visual_studio\Tutorial 0.3.8\Tut 03 OpenGLs Moving Triangle\obj\Debug\Tut 03 Fragment Change Color\link.read.1.tlog
F:\modern_opengl_course\tut_visual_studio\Tutorial 0.3.8\Tut 03 OpenGLs Moving Triangle\obj\Debug\Tut 03 Fragment Change Color\link.read.2.tlog
F:\modern_opengl_course\tut_visual_studio\Tutorial 0.3.8\Tut 03 OpenGLs Moving Triangle\obj\Debug\Tut 03 Fragment Change Color\link.write.1.tlog
F:\modern_opengl_course\tut_visual_studio\Tutorial 0.3.8\Tut 03 OpenGLs Moving Triangle\obj\Debug\Tut 03 Fragment Change Color\link-cvtres.read.1.tlog
F:\modern_opengl_course\tut_visual_studio\Tutorial 0.3.8\Tut 03 OpenGLs Moving Triangle\obj\Debug\Tut 03 Fragment Change Color\link-cvtres.write.1.tlog
F:\modern_opengl_course\tut_visual_studio\Tutorial 0.3.8\Tut 03 OpenGLs Moving Triangle\obj\Debug\Tut 03 Fragment Change Color\mt.command.1.tlog
F:\modern_opengl_course\tut_visual_studio\Tutorial 0.3.8\Tut 03 OpenGLs Moving Triangle\obj\Debug\Tut 03 Fragment Change Color\mt.read.1.tlog
F:\modern_opengl_course\tut_visual_studio\Tutorial 0.3.8\Tut 03 OpenGLs Moving Triangle\obj\Debug\Tut 03 Fragment Change Color\mt.write.1.tlog
F:\modern_opengl_course\tut_visual_studio\Tutorial 0.3.8\Tut 03 OpenGLs Moving Triangle\obj\Debug\Tut 03 Fragment Change Color\rc.command.1.tlog
F:\modern_opengl_course\tut_visual_studio\Tutorial 0.3.8\Tut 03 OpenGLs Moving Triangle\obj\Debug\Tut 03 Fragment Change Color\rc.read.1.tlog
F:\modern_opengl_course\tut_visual_studio\Tutorial 0.3.8\Tut 03 OpenGLs Moving Triangle\obj\Debug\Tut 03 Fragment Change Color\rc.write.1.tlog
F:\MODERN_OPENGL_COURSE\TUT_VISUAL_STUDIO\TUTORIAL 0.3.8\TUT 03 OPENGLS MOVING TRIANGLE\OBJ\DEBUG\TUT 03 FRAGMENT CHANGE COLOR\TUT 03 FRAGMENT CHANGE COLORD.EXE.EMBED.MANIFEST
F:\MODERN_OPENGL_COURSE\TUT_VISUAL_STUDIO\TUTORIAL 0.3.8\TUT 03 OPENGLS MOVING TRIANGLE\OBJ\DEBUG\TUT 03 FRAGMENT CHANGE COLOR\TUT 03 FRAGMENT CHANGE COLORD.EXE.EMBED.MANIFEST.RES
F:\MODERN_OPENGL_COURSE\TUT_VISUAL_STUDIO\TUTORIAL 0.3.8\TUT 03 OPENGLS MOVING TRIANGLE\OBJ\DEBUG\TUT 03 FRAGMENT CHANGE COLOR\TUT 03 FRAGMENT CHANGE COLORD.EXE.INTERMEDIATE.MANIFEST
F:\modern_opengl_course\tut_visual_studio\Tutorial 0.3.8\Tut 03 OpenGLs Moving Triangle\obj\Debug\Tut 03 Fragment Change Color\Tut 03 Fragment Change ColorD_manifest.rc
F:\modern_opengl_course\tut_visual_studio\Tutorial 0.3.8\Tut 03 OpenGLs Moving Triangle\obj\Debug\Tut 03 Fragment Change Color\vc100.idb
F:\MODERN_OPENGL_COURSE\TUT_VISUAL_STUDIO\TUTORIAL 0.3.8\TUT 03 OPENGLS MOVING TRIANGLE\OBJ\DEBUG\TUT 03 FRAGMENT CHANGE COLOR\VC100.PDB
F:\MODERN_OPENGL_COURSE\TUT_VISUAL_STUDIO\TUTORIAL 0.3.8\TUT 03 OPENGLS MOVING TRIANGLE\TUT 03 FRAGMENT CHANGE COLORD.EXE
F:\MODERN_OPENGL_COURSE\TUT_VISUAL_STUDIO\TUTORIAL 0.3.8\TUT 03 OPENGLS MOVING TRIANGLE\TUT 03 FRAGMENT CHANGE COLORD.ILK
F:\MODERN_OPENGL_COURSE\TUT_VISUAL_STUDIO\TUTORIAL 0.3.8\TUT 03 OPENGLS MOVING TRIANGLE\TUT 03 FRAGMENT CHANGE COLORD.PDB
