.\Tut 09 Basic LightingD.ilk
.\Tut 09 Basic LightingD.pdb
F:\modern_opengl_course\tut_visual_studio\Tutorial 0.3.8\Tut 09 Lights on\.\Tut 09 Basic LightingD.exe
F:\MODERN_OPENGL_COURSE\TUT_VISUAL_STUDIO\TUTORIAL 0.3.8\TUT 09 LIGHTS ON\OBJ\DEBUG\TUT 09 BASIC LIGHTING\BASIC LIGHTING.OBJ
F:\modern_opengl_course\tut_visual_studio\Tutorial 0.3.8\Tut 09 Lights on\obj\Debug\Tut 09 Basic Lighting\cl.command.1.tlog
F:\modern_opengl_course\tut_visual_studio\Tutorial 0.3.8\Tut 09 Lights on\obj\Debug\Tut 09 Basic Lighting\CL.read.1.tlog
F:\modern_opengl_course\tut_visual_studio\Tutorial 0.3.8\Tut 09 Lights on\obj\Debug\Tut 09 Basic Lighting\CL.write.1.tlog
F:\modern_opengl_course\tut_visual_studio\Tutorial 0.3.8\Tut 09 Lights on\obj\Debug\Tut 09 Basic Lighting\link.7476.read.1.tlog
F:\modern_opengl_course\tut_visual_studio\Tutorial 0.3.8\Tut 09 Lights on\obj\Debug\Tut 09 Basic Lighting\link.7476.read.2.tlog
F:\modern_opengl_course\tut_visual_studio\Tutorial 0.3.8\Tut 09 Lights on\obj\Debug\Tut 09 Basic Lighting\link.7476.write.1.tlog
F:\modern_opengl_course\tut_visual_studio\Tutorial 0.3.8\Tut 09 Lights on\obj\Debug\Tut 09 Basic Lighting\link.7476-cvtres.read.1.tlog
F:\modern_opengl_course\tut_visual_studio\Tutorial 0.3.8\Tut 09 Lights on\obj\Debug\Tut 09 Basic Lighting\link.7476-cvtres.write.1.tlog
F:\modern_opengl_course\tut_visual_studio\Tutorial 0.3.8\Tut 09 Lights on\obj\Debug\Tut 09 Basic Lighting\link.command.1.tlog
F:\modern_opengl_course\tut_visual_studio\Tutorial 0.3.8\Tut 09 Lights on\obj\Debug\Tut 09 Basic Lighting\link.read.1.tlog
F:\modern_opengl_course\tut_visual_studio\Tutorial 0.3.8\Tut 09 Lights on\obj\Debug\Tut 09 Basic Lighting\link.read.2.tlog
F:\modern_opengl_course\tut_visual_studio\Tutorial 0.3.8\Tut 09 Lights on\obj\Debug\Tut 09 Basic Lighting\link.write.1.tlog
F:\modern_opengl_course\tut_visual_studio\Tutorial 0.3.8\Tut 09 Lights on\obj\Debug\Tut 09 Basic Lighting\link-cvtres.read.1.tlog
F:\modern_opengl_course\tut_visual_studio\Tutorial 0.3.8\Tut 09 Lights on\obj\Debug\Tut 09 Basic Lighting\link-cvtres.write.1.tlog
F:\modern_opengl_course\tut_visual_studio\Tutorial 0.3.8\Tut 09 Lights on\obj\Debug\Tut 09 Basic Lighting\mt.command.1.tlog
F:\modern_opengl_course\tut_visual_studio\Tutorial 0.3.8\Tut 09 Lights on\obj\Debug\Tut 09 Basic Lighting\mt.read.1.tlog
F:\modern_opengl_course\tut_visual_studio\Tutorial 0.3.8\Tut 09 Lights on\obj\Debug\Tut 09 Basic Lighting\mt.write.1.tlog
F:\modern_opengl_course\tut_visual_studio\Tutorial 0.3.8\Tut 09 Lights on\obj\Debug\Tut 09 Basic Lighting\rc.command.1.tlog
F:\modern_opengl_course\tut_visual_studio\Tutorial 0.3.8\Tut 09 Lights on\obj\Debug\Tut 09 Basic Lighting\rc.read.1.tlog
F:\modern_opengl_course\tut_visual_studio\Tutorial 0.3.8\Tut 09 Lights on\obj\Debug\Tut 09 Basic Lighting\rc.write.1.tlog
F:\MODERN_OPENGL_COURSE\TUT_VISUAL_STUDIO\TUTORIAL 0.3.8\TUT 09 LIGHTS ON\OBJ\DEBUG\TUT 09 BASIC LIGHTING\TUT 09 BASIC LIGHTINGD.EXE.EMBED.MANIFEST
F:\MODERN_OPENGL_COURSE\TUT_VISUAL_STUDIO\TUTORIAL 0.3.8\TUT 09 LIGHTS ON\OBJ\DEBUG\TUT 09 BASIC LIGHTING\TUT 09 BASIC LIGHTINGD.EXE.EMBED.MANIFEST.RES
F:\MODERN_OPENGL_COURSE\TUT_VISUAL_STUDIO\TUTORIAL 0.3.8\TUT 09 LIGHTS ON\OBJ\DEBUG\TUT 09 BASIC LIGHTING\TUT 09 BASIC LIGHTINGD.EXE.INTERMEDIATE.MANIFEST
F:\modern_opengl_course\tut_visual_studio\Tutorial 0.3.8\Tut 09 Lights on\obj\Debug\Tut 09 Basic Lighting\Tut 09 Basic LightingD_manifest.rc
F:\modern_opengl_course\tut_visual_studio\Tutorial 0.3.8\Tut 09 Lights on\obj\Debug\Tut 09 Basic Lighting\vc100.idb
F:\MODERN_OPENGL_COURSE\TUT_VISUAL_STUDIO\TUTORIAL 0.3.8\TUT 09 LIGHTS ON\OBJ\DEBUG\TUT 09 BASIC LIGHTING\VC100.PDB
F:\MODERN_OPENGL_COURSE\TUT_VISUAL_STUDIO\TUTORIAL 0.3.8\TUT 09 LIGHTS ON\TUT 09 BASIC LIGHTINGD.EXE
F:\MODERN_OPENGL_COURSE\TUT_VISUAL_STUDIO\TUTORIAL 0.3.8\TUT 09 LIGHTS ON\TUT 09 BASIC LIGHTINGD.ILK
F:\MODERN_OPENGL_COURSE\TUT_VISUAL_STUDIO\TUTORIAL 0.3.8\TUT 09 LIGHTS ON\TUT 09 BASIC LIGHTINGD.PDB
