.\Tut 10 Fragment Point LightingD.ilk
.\Tut 10 Fragment Point LightingD.pdb
F:\modern_opengl_course\tut_visual_studio\Tutorial 0.3.8\Tut 10 Plane Lights\.\Tut 10 Fragment Point LightingD.exe
F:\modern_opengl_course\tut_visual_studio\Tutorial 0.3.8\Tut 10 Plane Lights\obj\Debug\Tut 10 Fragment Point Lighting\cl.command.1.tlog
F:\modern_opengl_course\tut_visual_studio\Tutorial 0.3.8\Tut 10 Plane Lights\obj\Debug\Tut 10 Fragment Point Lighting\CL.read.1.tlog
F:\modern_opengl_course\tut_visual_studio\Tutorial 0.3.8\Tut 10 Plane Lights\obj\Debug\Tut 10 Fragment Point Lighting\CL.write.1.tlog
F:\MODERN_OPENGL_COURSE\TUT_VISUAL_STUDIO\TUTORIAL 0.3.8\TUT 10 PLANE LIGHTS\OBJ\DEBUG\TUT 10 FRAGMENT POINT LIGHTING\FRAGMENT POINT LIGHTING.OBJ
F:\modern_opengl_course\tut_visual_studio\Tutorial 0.3.8\Tut 10 Plane Lights\obj\Debug\Tut 10 Fragment Point Lighting\link.7184.read.1.tlog
F:\modern_opengl_course\tut_visual_studio\Tutorial 0.3.8\Tut 10 Plane Lights\obj\Debug\Tut 10 Fragment Point Lighting\link.7184.read.2.tlog
F:\modern_opengl_course\tut_visual_studio\Tutorial 0.3.8\Tut 10 Plane Lights\obj\Debug\Tut 10 Fragment Point Lighting\link.7184.write.1.tlog
F:\modern_opengl_course\tut_visual_studio\Tutorial 0.3.8\Tut 10 Plane Lights\obj\Debug\Tut 10 Fragment Point Lighting\link.7184-cvtres.read.1.tlog
F:\modern_opengl_course\tut_visual_studio\Tutorial 0.3.8\Tut 10 Plane Lights\obj\Debug\Tut 10 Fragment Point Lighting\link.7184-cvtres.write.1.tlog
F:\modern_opengl_course\tut_visual_studio\Tutorial 0.3.8\Tut 10 Plane Lights\obj\Debug\Tut 10 Fragment Point Lighting\link.command.1.tlog
F:\modern_opengl_course\tut_visual_studio\Tutorial 0.3.8\Tut 10 Plane Lights\obj\Debug\Tut 10 Fragment Point Lighting\link.read.1.tlog
F:\modern_opengl_course\tut_visual_studio\Tutorial 0.3.8\Tut 10 Plane Lights\obj\Debug\Tut 10 Fragment Point Lighting\link.read.2.tlog
F:\modern_opengl_course\tut_visual_studio\Tutorial 0.3.8\Tut 10 Plane Lights\obj\Debug\Tut 10 Fragment Point Lighting\link.write.1.tlog
F:\modern_opengl_course\tut_visual_studio\Tutorial 0.3.8\Tut 10 Plane Lights\obj\Debug\Tut 10 Fragment Point Lighting\link-cvtres.read.1.tlog
F:\modern_opengl_course\tut_visual_studio\Tutorial 0.3.8\Tut 10 Plane Lights\obj\Debug\Tut 10 Fragment Point Lighting\link-cvtres.write.1.tlog
F:\modern_opengl_course\tut_visual_studio\Tutorial 0.3.8\Tut 10 Plane Lights\obj\Debug\Tut 10 Fragment Point Lighting\mt.command.1.tlog
F:\modern_opengl_course\tut_visual_studio\Tutorial 0.3.8\Tut 10 Plane Lights\obj\Debug\Tut 10 Fragment Point Lighting\mt.read.1.tlog
F:\modern_opengl_course\tut_visual_studio\Tutorial 0.3.8\Tut 10 Plane Lights\obj\Debug\Tut 10 Fragment Point Lighting\mt.write.1.tlog
F:\modern_opengl_course\tut_visual_studio\Tutorial 0.3.8\Tut 10 Plane Lights\obj\Debug\Tut 10 Fragment Point Lighting\rc.command.1.tlog
F:\modern_opengl_course\tut_visual_studio\Tutorial 0.3.8\Tut 10 Plane Lights\obj\Debug\Tut 10 Fragment Point Lighting\rc.read.1.tlog
F:\modern_opengl_course\tut_visual_studio\Tutorial 0.3.8\Tut 10 Plane Lights\obj\Debug\Tut 10 Fragment Point Lighting\rc.write.1.tlog
F:\MODERN_OPENGL_COURSE\TUT_VISUAL_STUDIO\TUTORIAL 0.3.8\TUT 10 PLANE LIGHTS\OBJ\DEBUG\TUT 10 FRAGMENT POINT LIGHTING\TUT 10 FRAGMENT POINT LIGHTINGD.EXE.EMBED.MANIFEST
F:\MODERN_OPENGL_COURSE\TUT_VISUAL_STUDIO\TUTORIAL 0.3.8\TUT 10 PLANE LIGHTS\OBJ\DEBUG\TUT 10 FRAGMENT POINT LIGHTING\TUT 10 FRAGMENT POINT LIGHTINGD.EXE.EMBED.MANIFEST.RES
F:\MODERN_OPENGL_COURSE\TUT_VISUAL_STUDIO\TUTORIAL 0.3.8\TUT 10 PLANE LIGHTS\OBJ\DEBUG\TUT 10 FRAGMENT POINT LIGHTING\TUT 10 FRAGMENT POINT LIGHTINGD.EXE.INTERMEDIATE.MANIFEST
F:\modern_opengl_course\tut_visual_studio\Tutorial 0.3.8\Tut 10 Plane Lights\obj\Debug\Tut 10 Fragment Point Lighting\Tut 10 Fragment Point LightingD_manifest.rc
F:\modern_opengl_course\tut_visual_studio\Tutorial 0.3.8\Tut 10 Plane Lights\obj\Debug\Tut 10 Fragment Point Lighting\vc100.idb
F:\MODERN_OPENGL_COURSE\TUT_VISUAL_STUDIO\TUTORIAL 0.3.8\TUT 10 PLANE LIGHTS\OBJ\DEBUG\TUT 10 FRAGMENT POINT LIGHTING\VC100.PDB
F:\MODERN_OPENGL_COURSE\TUT_VISUAL_STUDIO\TUTORIAL 0.3.8\TUT 10 PLANE LIGHTS\TUT 10 FRAGMENT POINT LIGHTINGD.EXE
F:\MODERN_OPENGL_COURSE\TUT_VISUAL_STUDIO\TUTORIAL 0.3.8\TUT 10 PLANE LIGHTS\TUT 10 FRAGMENT POINT LIGHTINGD.ILK
F:\MODERN_OPENGL_COURSE\TUT_VISUAL_STUDIO\TUTORIAL 0.3.8\TUT 10 PLANE LIGHTS\TUT 10 FRAGMENT POINT LIGHTINGD.PDB
