.\Tut 06 HierarchyD.ilk
.\Tut 06 HierarchyD.pdb
F:\modern_opengl_course\tut_visual_studio\Tutorial 0.3.8\Tut 06 Objects in Motion\.\Tut 06 HierarchyD.exe
F:\modern_opengl_course\tut_visual_studio\Tutorial 0.3.8\Tut 06 Objects in Motion\obj\Debug\Tut 06 Hierarchy\cl.command.1.tlog
F:\modern_opengl_course\tut_visual_studio\Tutorial 0.3.8\Tut 06 Objects in Motion\obj\Debug\Tut 06 Hierarchy\CL.read.1.tlog
F:\modern_opengl_course\tut_visual_studio\Tutorial 0.3.8\Tut 06 Objects in Motion\obj\Debug\Tut 06 Hierarchy\CL.write.1.tlog
F:\MODERN_OPENGL_COURSE\TUT_VISUAL_STUDIO\TUTORIAL 0.3.8\TUT 06 OBJECTS IN MOTION\OBJ\DEBUG\TUT 06 HIERARCHY\HIERARCHY.OBJ
F:\modern_opengl_course\tut_visual_studio\Tutorial 0.3.8\Tut 06 Objects in Motion\obj\Debug\Tut 06 Hierarchy\link.7596.read.1.tlog
F:\modern_opengl_course\tut_visual_studio\Tutorial 0.3.8\Tut 06 Objects in Motion\obj\Debug\Tut 06 Hierarchy\link.7596.read.2.tlog
F:\modern_opengl_course\tut_visual_studio\Tutorial 0.3.8\Tut 06 Objects in Motion\obj\Debug\Tut 06 Hierarchy\link.7596.write.1.tlog
F:\modern_opengl_course\tut_visual_studio\Tutorial 0.3.8\Tut 06 Objects in Motion\obj\Debug\Tut 06 Hierarchy\link.7596-cvtres.read.1.tlog
F:\modern_opengl_course\tut_visual_studio\Tutorial 0.3.8\Tut 06 Objects in Motion\obj\Debug\Tut 06 Hierarchy\link.7596-cvtres.write.1.tlog
F:\modern_opengl_course\tut_visual_studio\Tutorial 0.3.8\Tut 06 Objects in Motion\obj\Debug\Tut 06 Hierarchy\link.command.1.tlog
F:\modern_opengl_course\tut_visual_studio\Tutorial 0.3.8\Tut 06 Objects in Motion\obj\Debug\Tut 06 Hierarchy\link.read.1.tlog
F:\modern_opengl_course\tut_visual_studio\Tutorial 0.3.8\Tut 06 Objects in Motion\obj\Debug\Tut 06 Hierarchy\link.read.2.tlog
F:\modern_opengl_course\tut_visual_studio\Tutorial 0.3.8\Tut 06 Objects in Motion\obj\Debug\Tut 06 Hierarchy\link.write.1.tlog
F:\modern_opengl_course\tut_visual_studio\Tutorial 0.3.8\Tut 06 Objects in Motion\obj\Debug\Tut 06 Hierarchy\link-cvtres.read.1.tlog
F:\modern_opengl_course\tut_visual_studio\Tutorial 0.3.8\Tut 06 Objects in Motion\obj\Debug\Tut 06 Hierarchy\link-cvtres.write.1.tlog
F:\modern_opengl_course\tut_visual_studio\Tutorial 0.3.8\Tut 06 Objects in Motion\obj\Debug\Tut 06 Hierarchy\mt.command.1.tlog
F:\modern_opengl_course\tut_visual_studio\Tutorial 0.3.8\Tut 06 Objects in Motion\obj\Debug\Tut 06 Hierarchy\mt.read.1.tlog
F:\modern_opengl_course\tut_visual_studio\Tutorial 0.3.8\Tut 06 Objects in Motion\obj\Debug\Tut 06 Hierarchy\mt.write.1.tlog
F:\modern_opengl_course\tut_visual_studio\Tutorial 0.3.8\Tut 06 Objects in Motion\obj\Debug\Tut 06 Hierarchy\rc.command.1.tlog
F:\modern_opengl_course\tut_visual_studio\Tutorial 0.3.8\Tut 06 Objects in Motion\obj\Debug\Tut 06 Hierarchy\rc.read.1.tlog
F:\modern_opengl_course\tut_visual_studio\Tutorial 0.3.8\Tut 06 Objects in Motion\obj\Debug\Tut 06 Hierarchy\rc.write.1.tlog
F:\MODERN_OPENGL_COURSE\TUT_VISUAL_STUDIO\TUTORIAL 0.3.8\TUT 06 OBJECTS IN MOTION\OBJ\DEBUG\TUT 06 HIERARCHY\TUT 06 HIERARCHYD.EXE.EMBED.MANIFEST
F:\MODERN_OPENGL_COURSE\TUT_VISUAL_STUDIO\TUTORIAL 0.3.8\TUT 06 OBJECTS IN MOTION\OBJ\DEBUG\TUT 06 HIERARCHY\TUT 06 HIERARCHYD.EXE.EMBED.MANIFEST.RES
F:\MODERN_OPENGL_COURSE\TUT_VISUAL_STUDIO\TUTORIAL 0.3.8\TUT 06 OBJECTS IN MOTION\OBJ\DEBUG\TUT 06 HIERARCHY\TUT 06 HIERARCHYD.EXE.INTERMEDIATE.MANIFEST
F:\modern_opengl_course\tut_visual_studio\Tutorial 0.3.8\Tut 06 Objects in Motion\obj\Debug\Tut 06 Hierarchy\Tut 06 HierarchyD_manifest.rc
F:\modern_opengl_course\tut_visual_studio\Tutorial 0.3.8\Tut 06 Objects in Motion\obj\Debug\Tut 06 Hierarchy\vc100.idb
F:\MODERN_OPENGL_COURSE\TUT_VISUAL_STUDIO\TUTORIAL 0.3.8\TUT 06 OBJECTS IN MOTION\OBJ\DEBUG\TUT 06 HIERARCHY\VC100.PDB
F:\MODERN_OPENGL_COURSE\TUT_VISUAL_STUDIO\TUTORIAL 0.3.8\TUT 06 OBJECTS IN MOTION\TUT 06 HIERARCHYD.EXE
F:\MODERN_OPENGL_COURSE\TUT_VISUAL_STUDIO\TUTORIAL 0.3.8\TUT 06 OBJECTS IN MOTION\TUT 06 HIERARCHYD.ILK
F:\MODERN_OPENGL_COURSE\TUT_VISUAL_STUDIO\TUTORIAL 0.3.8\TUT 06 OBJECTS IN MOTION\TUT 06 HIERARCHYD.PDB
