.\Tut 02 Fragment PositionD.ilk
.\Tut 02 Fragment PositionD.pdb
F:\modern_opengl_course\tut_visual_studio\Tutorial 0.3.8\Tut 02 Playing with Colors\.\Tut 02 Fragment PositionD.exe
F:\modern_opengl_course\tut_visual_studio\Tutorial 0.3.8\Tut 02 Playing with Colors\obj\Debug\Tut 02 Fragment Position\cl.command.1.tlog
F:\modern_opengl_course\tut_visual_studio\Tutorial 0.3.8\Tut 02 Playing with Colors\obj\Debug\Tut 02 Fragment Position\CL.read.1.tlog
F:\modern_opengl_course\tut_visual_studio\Tutorial 0.3.8\Tut 02 Playing with Colors\obj\Debug\Tut 02 Fragment Position\CL.write.1.tlog
F:\MODERN_OPENGL_COURSE\TUT_VISUAL_STUDIO\TUTORIAL 0.3.8\TUT 02 PLAYING WITH COLORS\OBJ\DEBUG\TUT 02 FRAGMENT POSITION\FRAGPOSITION.OBJ
F:\modern_opengl_course\tut_visual_studio\Tutorial 0.3.8\Tut 02 Playing with Colors\obj\Debug\Tut 02 Fragment Position\link.7504.read.1.tlog
F:\modern_opengl_course\tut_visual_studio\Tutorial 0.3.8\Tut 02 Playing with Colors\obj\Debug\Tut 02 Fragment Position\link.7504.read.2.tlog
F:\modern_opengl_course\tut_visual_studio\Tutorial 0.3.8\Tut 02 Playing with Colors\obj\Debug\Tut 02 Fragment Position\link.7504.write.1.tlog
F:\modern_opengl_course\tut_visual_studio\Tutorial 0.3.8\Tut 02 Playing with Colors\obj\Debug\Tut 02 Fragment Position\link.7504-cvtres.read.1.tlog
F:\modern_opengl_course\tut_visual_studio\Tutorial 0.3.8\Tut 02 Playing with Colors\obj\Debug\Tut 02 Fragment Position\link.7504-cvtres.write.1.tlog
F:\modern_opengl_course\tut_visual_studio\Tutorial 0.3.8\Tut 02 Playing with Colors\obj\Debug\Tut 02 Fragment Position\link.command.1.tlog
F:\modern_opengl_course\tut_visual_studio\Tutorial 0.3.8\Tut 02 Playing with Colors\obj\Debug\Tut 02 Fragment Position\link.read.1.tlog
F:\modern_opengl_course\tut_visual_studio\Tutorial 0.3.8\Tut 02 Playing with Colors\obj\Debug\Tut 02 Fragment Position\link.read.2.tlog
F:\modern_opengl_course\tut_visual_studio\Tutorial 0.3.8\Tut 02 Playing with Colors\obj\Debug\Tut 02 Fragment Position\link.write.1.tlog
F:\modern_opengl_course\tut_visual_studio\Tutorial 0.3.8\Tut 02 Playing with Colors\obj\Debug\Tut 02 Fragment Position\link-cvtres.read.1.tlog
F:\modern_opengl_course\tut_visual_studio\Tutorial 0.3.8\Tut 02 Playing with Colors\obj\Debug\Tut 02 Fragment Position\link-cvtres.write.1.tlog
F:\modern_opengl_course\tut_visual_studio\Tutorial 0.3.8\Tut 02 Playing with Colors\obj\Debug\Tut 02 Fragment Position\mt.command.1.tlog
F:\modern_opengl_course\tut_visual_studio\Tutorial 0.3.8\Tut 02 Playing with Colors\obj\Debug\Tut 02 Fragment Position\mt.read.1.tlog
F:\modern_opengl_course\tut_visual_studio\Tutorial 0.3.8\Tut 02 Playing with Colors\obj\Debug\Tut 02 Fragment Position\mt.write.1.tlog
F:\modern_opengl_course\tut_visual_studio\Tutorial 0.3.8\Tut 02 Playing with Colors\obj\Debug\Tut 02 Fragment Position\rc.command.1.tlog
F:\modern_opengl_course\tut_visual_studio\Tutorial 0.3.8\Tut 02 Playing with Colors\obj\Debug\Tut 02 Fragment Position\rc.read.1.tlog
F:\modern_opengl_course\tut_visual_studio\Tutorial 0.3.8\Tut 02 Playing with Colors\obj\Debug\Tut 02 Fragment Position\rc.write.1.tlog
F:\MODERN_OPENGL_COURSE\TUT_VISUAL_STUDIO\TUTORIAL 0.3.8\TUT 02 PLAYING WITH COLORS\OBJ\DEBUG\TUT 02 FRAGMENT POSITION\TUT 02 FRAGMENT POSITIOND.EXE.EMBED.MANIFEST
F:\MODERN_OPENGL_COURSE\TUT_VISUAL_STUDIO\TUTORIAL 0.3.8\TUT 02 PLAYING WITH COLORS\OBJ\DEBUG\TUT 02 FRAGMENT POSITION\TUT 02 FRAGMENT POSITIOND.EXE.EMBED.MANIFEST.RES
F:\MODERN_OPENGL_COURSE\TUT_VISUAL_STUDIO\TUTORIAL 0.3.8\TUT 02 PLAYING WITH COLORS\OBJ\DEBUG\TUT 02 FRAGMENT POSITION\TUT 02 FRAGMENT POSITIOND.EXE.INTERMEDIATE.MANIFEST
F:\modern_opengl_course\tut_visual_studio\Tutorial 0.3.8\Tut 02 Playing with Colors\obj\Debug\Tut 02 Fragment Position\Tut 02 Fragment PositionD_manifest.rc
F:\modern_opengl_course\tut_visual_studio\Tutorial 0.3.8\Tut 02 Playing with Colors\obj\Debug\Tut 02 Fragment Position\vc100.idb
F:\MODERN_OPENGL_COURSE\TUT_VISUAL_STUDIO\TUTORIAL 0.3.8\TUT 02 PLAYING WITH COLORS\OBJ\DEBUG\TUT 02 FRAGMENT POSITION\VC100.PDB
F:\MODERN_OPENGL_COURSE\TUT_VISUAL_STUDIO\TUTORIAL 0.3.8\TUT 02 PLAYING WITH COLORS\TUT 02 FRAGMENT POSITIOND.EXE
F:\MODERN_OPENGL_COURSE\TUT_VISUAL_STUDIO\TUTORIAL 0.3.8\TUT 02 PLAYING WITH COLORS\TUT 02 FRAGMENT POSITIOND.ILK
F:\MODERN_OPENGL_COURSE\TUT_VISUAL_STUDIO\TUTORIAL 0.3.8\TUT 02 PLAYING WITH COLORS\TUT 02 FRAGMENT POSITIOND.PDB
