.\Tut 13 Geometry ImpostorD.ilk
.\Tut 13 Geometry ImpostorD.pdb
F:\modern_opengl_course\tut_visual_studio\Tutorial 0.3.8\Tut 13 Impostors\.\Tut 13 Geometry ImpostorD.exe
F:\modern_opengl_course\tut_visual_studio\Tutorial 0.3.8\Tut 13 Impostors\obj\Debug\Tut 13 Geometry Impostor\cl.command.1.tlog
F:\modern_opengl_course\tut_visual_studio\Tutorial 0.3.8\Tut 13 Impostors\obj\Debug\Tut 13 Geometry Impostor\CL.read.1.tlog
F:\modern_opengl_course\tut_visual_studio\Tutorial 0.3.8\Tut 13 Impostors\obj\Debug\Tut 13 Geometry Impostor\CL.write.1.tlog
F:\MODERN_OPENGL_COURSE\TUT_VISUAL_STUDIO\TUTORIAL 0.3.8\TUT 13 IMPOSTORS\OBJ\DEBUG\TUT 13 GEOMETRY IMPOSTOR\GEOMIMPOSTOR.OBJ
F:\modern_opengl_course\tut_visual_studio\Tutorial 0.3.8\Tut 13 Impostors\obj\Debug\Tut 13 Geometry Impostor\link.4240.read.1.tlog
F:\modern_opengl_course\tut_visual_studio\Tutorial 0.3.8\Tut 13 Impostors\obj\Debug\Tut 13 Geometry Impostor\link.4240.read.2.tlog
F:\modern_opengl_course\tut_visual_studio\Tutorial 0.3.8\Tut 13 Impostors\obj\Debug\Tut 13 Geometry Impostor\link.4240.write.1.tlog
F:\modern_opengl_course\tut_visual_studio\Tutorial 0.3.8\Tut 13 Impostors\obj\Debug\Tut 13 Geometry Impostor\link.4240-cvtres.read.1.tlog
F:\modern_opengl_course\tut_visual_studio\Tutorial 0.3.8\Tut 13 Impostors\obj\Debug\Tut 13 Geometry Impostor\link.4240-cvtres.write.1.tlog
F:\modern_opengl_course\tut_visual_studio\Tutorial 0.3.8\Tut 13 Impostors\obj\Debug\Tut 13 Geometry Impostor\link.command.1.tlog
F:\modern_opengl_course\tut_visual_studio\Tutorial 0.3.8\Tut 13 Impostors\obj\Debug\Tut 13 Geometry Impostor\link.read.1.tlog
F:\modern_opengl_course\tut_visual_studio\Tutorial 0.3.8\Tut 13 Impostors\obj\Debug\Tut 13 Geometry Impostor\link.read.2.tlog
F:\modern_opengl_course\tut_visual_studio\Tutorial 0.3.8\Tut 13 Impostors\obj\Debug\Tut 13 Geometry Impostor\link.write.1.tlog
F:\modern_opengl_course\tut_visual_studio\Tutorial 0.3.8\Tut 13 Impostors\obj\Debug\Tut 13 Geometry Impostor\link-cvtres.read.1.tlog
F:\modern_opengl_course\tut_visual_studio\Tutorial 0.3.8\Tut 13 Impostors\obj\Debug\Tut 13 Geometry Impostor\link-cvtres.write.1.tlog
F:\modern_opengl_course\tut_visual_studio\Tutorial 0.3.8\Tut 13 Impostors\obj\Debug\Tut 13 Geometry Impostor\mt.command.1.tlog
F:\modern_opengl_course\tut_visual_studio\Tutorial 0.3.8\Tut 13 Impostors\obj\Debug\Tut 13 Geometry Impostor\mt.read.1.tlog
F:\modern_opengl_course\tut_visual_studio\Tutorial 0.3.8\Tut 13 Impostors\obj\Debug\Tut 13 Geometry Impostor\mt.write.1.tlog
F:\modern_opengl_course\tut_visual_studio\Tutorial 0.3.8\Tut 13 Impostors\obj\Debug\Tut 13 Geometry Impostor\rc.command.1.tlog
F:\modern_opengl_course\tut_visual_studio\Tutorial 0.3.8\Tut 13 Impostors\obj\Debug\Tut 13 Geometry Impostor\rc.read.1.tlog
F:\modern_opengl_course\tut_visual_studio\Tutorial 0.3.8\Tut 13 Impostors\obj\Debug\Tut 13 Geometry Impostor\rc.write.1.tlog
F:\MODERN_OPENGL_COURSE\TUT_VISUAL_STUDIO\TUTORIAL 0.3.8\TUT 13 IMPOSTORS\OBJ\DEBUG\TUT 13 GEOMETRY IMPOSTOR\TUT 13 GEOMETRY IMPOSTORD.EXE.EMBED.MANIFEST
F:\MODERN_OPENGL_COURSE\TUT_VISUAL_STUDIO\TUTORIAL 0.3.8\TUT 13 IMPOSTORS\OBJ\DEBUG\TUT 13 GEOMETRY IMPOSTOR\TUT 13 GEOMETRY IMPOSTORD.EXE.EMBED.MANIFEST.RES
F:\MODERN_OPENGL_COURSE\TUT_VISUAL_STUDIO\TUTORIAL 0.3.8\TUT 13 IMPOSTORS\OBJ\DEBUG\TUT 13 GEOMETRY IMPOSTOR\TUT 13 GEOMETRY IMPOSTORD.EXE.INTERMEDIATE.MANIFEST
F:\modern_opengl_course\tut_visual_studio\Tutorial 0.3.8\Tut 13 Impostors\obj\Debug\Tut 13 Geometry Impostor\Tut 13 Geometry ImpostorD_manifest.rc
F:\modern_opengl_course\tut_visual_studio\Tutorial 0.3.8\Tut 13 Impostors\obj\Debug\Tut 13 Geometry Impostor\vc100.idb
F:\MODERN_OPENGL_COURSE\TUT_VISUAL_STUDIO\TUTORIAL 0.3.8\TUT 13 IMPOSTORS\OBJ\DEBUG\TUT 13 GEOMETRY IMPOSTOR\VC100.PDB
F:\MODERN_OPENGL_COURSE\TUT_VISUAL_STUDIO\TUTORIAL 0.3.8\TUT 13 IMPOSTORS\TUT 13 GEOMETRY IMPOSTORD.EXE
F:\MODERN_OPENGL_COURSE\TUT_VISUAL_STUDIO\TUTORIAL 0.3.8\TUT 13 IMPOSTORS\TUT 13 GEOMETRY IMPOSTORD.ILK
F:\MODERN_OPENGL_COURSE\TUT_VISUAL_STUDIO\TUTORIAL 0.3.8\TUT 13 IMPOSTORS\TUT 13 GEOMETRY IMPOSTORD.PDB
