.\Tut 10 Fragment AttenuationD.ilk
.\Tut 10 Fragment AttenuationD.pdb
F:\modern_opengl_course\tut_visual_studio\Tutorial 0.3.8\Tut 10 Plane Lights\.\Tut 10 Fragment AttenuationD.exe
F:\modern_opengl_course\tut_visual_studio\Tutorial 0.3.8\Tut 10 Plane Lights\obj\Debug\Tut 10 Fragment Attenuation\cl.command.1.tlog
F:\modern_opengl_course\tut_visual_studio\Tutorial 0.3.8\Tut 10 Plane Lights\obj\Debug\Tut 10 Fragment Attenuation\CL.read.1.tlog
F:\modern_opengl_course\tut_visual_studio\Tutorial 0.3.8\Tut 10 Plane Lights\obj\Debug\Tut 10 Fragment Attenuation\CL.write.1.tlog
F:\MODERN_OPENGL_COURSE\TUT_VISUAL_STUDIO\TUTORIAL 0.3.8\TUT 10 PLANE LIGHTS\OBJ\DEBUG\TUT 10 FRAGMENT ATTENUATION\FRAGMENT ATTENUATION.OBJ
F:\modern_opengl_course\tut_visual_studio\Tutorial 0.3.8\Tut 10 Plane Lights\obj\Debug\Tut 10 Fragment Attenuation\link.10056.read.1.tlog
F:\modern_opengl_course\tut_visual_studio\Tutorial 0.3.8\Tut 10 Plane Lights\obj\Debug\Tut 10 Fragment Attenuation\link.10056.read.2.tlog
F:\modern_opengl_course\tut_visual_studio\Tutorial 0.3.8\Tut 10 Plane Lights\obj\Debug\Tut 10 Fragment Attenuation\link.10056.write.1.tlog
F:\modern_opengl_course\tut_visual_studio\Tutorial 0.3.8\Tut 10 Plane Lights\obj\Debug\Tut 10 Fragment Attenuation\link.10056-cvtres.read.1.tlog
F:\modern_opengl_course\tut_visual_studio\Tutorial 0.3.8\Tut 10 Plane Lights\obj\Debug\Tut 10 Fragment Attenuation\link.10056-cvtres.write.1.tlog
F:\modern_opengl_course\tut_visual_studio\Tutorial 0.3.8\Tut 10 Plane Lights\obj\Debug\Tut 10 Fragment Attenuation\link.command.1.tlog
F:\modern_opengl_course\tut_visual_studio\Tutorial 0.3.8\Tut 10 Plane Lights\obj\Debug\Tut 10 Fragment Attenuation\link.read.1.tlog
F:\modern_opengl_course\tut_visual_studio\Tutorial 0.3.8\Tut 10 Plane Lights\obj\Debug\Tut 10 Fragment Attenuation\link.read.2.tlog
F:\modern_opengl_course\tut_visual_studio\Tutorial 0.3.8\Tut 10 Plane Lights\obj\Debug\Tut 10 Fragment Attenuation\link.write.1.tlog
F:\modern_opengl_course\tut_visual_studio\Tutorial 0.3.8\Tut 10 Plane Lights\obj\Debug\Tut 10 Fragment Attenuation\link-cvtres.read.1.tlog
F:\modern_opengl_course\tut_visual_studio\Tutorial 0.3.8\Tut 10 Plane Lights\obj\Debug\Tut 10 Fragment Attenuation\link-cvtres.write.1.tlog
F:\modern_opengl_course\tut_visual_studio\Tutorial 0.3.8\Tut 10 Plane Lights\obj\Debug\Tut 10 Fragment Attenuation\mt.command.1.tlog
F:\modern_opengl_course\tut_visual_studio\Tutorial 0.3.8\Tut 10 Plane Lights\obj\Debug\Tut 10 Fragment Attenuation\mt.read.1.tlog
F:\modern_opengl_course\tut_visual_studio\Tutorial 0.3.8\Tut 10 Plane Lights\obj\Debug\Tut 10 Fragment Attenuation\mt.write.1.tlog
F:\modern_opengl_course\tut_visual_studio\Tutorial 0.3.8\Tut 10 Plane Lights\obj\Debug\Tut 10 Fragment Attenuation\rc.command.1.tlog
F:\modern_opengl_course\tut_visual_studio\Tutorial 0.3.8\Tut 10 Plane Lights\obj\Debug\Tut 10 Fragment Attenuation\rc.read.1.tlog
F:\modern_opengl_course\tut_visual_studio\Tutorial 0.3.8\Tut 10 Plane Lights\obj\Debug\Tut 10 Fragment Attenuation\rc.write.1.tlog
F:\MODERN_OPENGL_COURSE\TUT_VISUAL_STUDIO\TUTORIAL 0.3.8\TUT 10 PLANE LIGHTS\OBJ\DEBUG\TUT 10 FRAGMENT ATTENUATION\TUT 10 FRAGMENT ATTENUATIOND.EXE.EMBED.MANIFEST
F:\MODERN_OPENGL_COURSE\TUT_VISUAL_STUDIO\TUTORIAL 0.3.8\TUT 10 PLANE LIGHTS\OBJ\DEBUG\TUT 10 FRAGMENT ATTENUATION\TUT 10 FRAGMENT ATTENUATIOND.EXE.EMBED.MANIFEST.RES
F:\MODERN_OPENGL_COURSE\TUT_VISUAL_STUDIO\TUTORIAL 0.3.8\TUT 10 PLANE LIGHTS\OBJ\DEBUG\TUT 10 FRAGMENT ATTENUATION\TUT 10 FRAGMENT ATTENUATIOND.EXE.INTERMEDIATE.MANIFEST
F:\modern_opengl_course\tut_visual_studio\Tutorial 0.3.8\Tut 10 Plane Lights\obj\Debug\Tut 10 Fragment Attenuation\Tut 10 Fragment AttenuationD_manifest.rc
F:\modern_opengl_course\tut_visual_studio\Tutorial 0.3.8\Tut 10 Plane Lights\obj\Debug\Tut 10 Fragment Attenuation\vc100.idb
F:\MODERN_OPENGL_COURSE\TUT_VISUAL_STUDIO\TUTORIAL 0.3.8\TUT 10 PLANE LIGHTS\OBJ\DEBUG\TUT 10 FRAGMENT ATTENUATION\VC100.PDB
F:\MODERN_OPENGL_COURSE\TUT_VISUAL_STUDIO\TUTORIAL 0.3.8\TUT 10 PLANE LIGHTS\TUT 10 FRAGMENT ATTENUATIOND.EXE
F:\MODERN_OPENGL_COURSE\TUT_VISUAL_STUDIO\TUTORIAL 0.3.8\TUT 10 PLANE LIGHTS\TUT 10 FRAGMENT ATTENUATIOND.ILK
F:\MODERN_OPENGL_COURSE\TUT_VISUAL_STUDIO\TUTORIAL 0.3.8\TUT 10 PLANE LIGHTS\TUT 10 FRAGMENT ATTENUATIOND.PDB
