.\Tut 09 Scale and LightingD.ilk
.\Tut 09 Scale and LightingD.pdb
F:\modern_opengl_course\tut_visual_studio\Tutorial 0.3.8\Tut 09 Lights on\.\Tut 09 Scale and LightingD.exe
F:\modern_opengl_course\tut_visual_studio\Tutorial 0.3.8\Tut 09 Lights on\obj\Debug\Tut 09 Scale and Lighting\cl.command.1.tlog
F:\modern_opengl_course\tut_visual_studio\Tutorial 0.3.8\Tut 09 Lights on\obj\Debug\Tut 09 Scale and Lighting\CL.read.1.tlog
F:\modern_opengl_course\tut_visual_studio\Tutorial 0.3.8\Tut 09 Lights on\obj\Debug\Tut 09 Scale and Lighting\CL.write.1.tlog
F:\modern_opengl_course\tut_visual_studio\Tutorial 0.3.8\Tut 09 Lights on\obj\Debug\Tut 09 Scale and Lighting\link.7176.read.1.tlog
F:\modern_opengl_course\tut_visual_studio\Tutorial 0.3.8\Tut 09 Lights on\obj\Debug\Tut 09 Scale and Lighting\link.7176.read.2.tlog
F:\modern_opengl_course\tut_visual_studio\Tutorial 0.3.8\Tut 09 Lights on\obj\Debug\Tut 09 Scale and Lighting\link.7176.write.1.tlog
F:\modern_opengl_course\tut_visual_studio\Tutorial 0.3.8\Tut 09 Lights on\obj\Debug\Tut 09 Scale and Lighting\link.7176-cvtres.read.1.tlog
F:\modern_opengl_course\tut_visual_studio\Tutorial 0.3.8\Tut 09 Lights on\obj\Debug\Tut 09 Scale and Lighting\link.7176-cvtres.write.1.tlog
F:\modern_opengl_course\tut_visual_studio\Tutorial 0.3.8\Tut 09 Lights on\obj\Debug\Tut 09 Scale and Lighting\link.command.1.tlog
F:\modern_opengl_course\tut_visual_studio\Tutorial 0.3.8\Tut 09 Lights on\obj\Debug\Tut 09 Scale and Lighting\link.read.1.tlog
F:\modern_opengl_course\tut_visual_studio\Tutorial 0.3.8\Tut 09 Lights on\obj\Debug\Tut 09 Scale and Lighting\link.read.2.tlog
F:\modern_opengl_course\tut_visual_studio\Tutorial 0.3.8\Tut 09 Lights on\obj\Debug\Tut 09 Scale and Lighting\link.write.1.tlog
F:\modern_opengl_course\tut_visual_studio\Tutorial 0.3.8\Tut 09 Lights on\obj\Debug\Tut 09 Scale and Lighting\link-cvtres.read.1.tlog
F:\modern_opengl_course\tut_visual_studio\Tutorial 0.3.8\Tut 09 Lights on\obj\Debug\Tut 09 Scale and Lighting\link-cvtres.write.1.tlog
F:\modern_opengl_course\tut_visual_studio\Tutorial 0.3.8\Tut 09 Lights on\obj\Debug\Tut 09 Scale and Lighting\mt.command.1.tlog
F:\modern_opengl_course\tut_visual_studio\Tutorial 0.3.8\Tut 09 Lights on\obj\Debug\Tut 09 Scale and Lighting\mt.read.1.tlog
F:\modern_opengl_course\tut_visual_studio\Tutorial 0.3.8\Tut 09 Lights on\obj\Debug\Tut 09 Scale and Lighting\mt.write.1.tlog
F:\modern_opengl_course\tut_visual_studio\Tutorial 0.3.8\Tut 09 Lights on\obj\Debug\Tut 09 Scale and Lighting\rc.command.1.tlog
F:\modern_opengl_course\tut_visual_studio\Tutorial 0.3.8\Tut 09 Lights on\obj\Debug\Tut 09 Scale and Lighting\rc.read.1.tlog
F:\modern_opengl_course\tut_visual_studio\Tutorial 0.3.8\Tut 09 Lights on\obj\Debug\Tut 09 Scale and Lighting\rc.write.1.tlog
F:\MODERN_OPENGL_COURSE\TUT_VISUAL_STUDIO\TUTORIAL 0.3.8\TUT 09 LIGHTS ON\OBJ\DEBUG\TUT 09 SCALE AND LIGHTING\SCALE AND LIGHTING.OBJ
F:\MODERN_OPENGL_COURSE\TUT_VISUAL_STUDIO\TUTORIAL 0.3.8\TUT 09 LIGHTS ON\OBJ\DEBUG\TUT 09 SCALE AND LIGHTING\TUT 09 SCALE AND LIGHTINGD.EXE.EMBED.MANIFEST
F:\MODERN_OPENGL_COURSE\TUT_VISUAL_STUDIO\TUTORIAL 0.3.8\TUT 09 LIGHTS ON\OBJ\DEBUG\TUT 09 SCALE AND LIGHTING\TUT 09 SCALE AND LIGHTINGD.EXE.EMBED.MANIFEST.RES
F:\MODERN_OPENGL_COURSE\TUT_VISUAL_STUDIO\TUTORIAL 0.3.8\TUT 09 LIGHTS ON\OBJ\DEBUG\TUT 09 SCALE AND LIGHTING\TUT 09 SCALE AND LIGHTINGD.EXE.INTERMEDIATE.MANIFEST
F:\modern_opengl_course\tut_visual_studio\Tutorial 0.3.8\Tut 09 Lights on\obj\Debug\Tut 09 Scale and Lighting\Tut 09 Scale and LightingD_manifest.rc
F:\modern_opengl_course\tut_visual_studio\Tutorial 0.3.8\Tut 09 Lights on\obj\Debug\Tut 09 Scale and Lighting\vc100.idb
F:\MODERN_OPENGL_COURSE\TUT_VISUAL_STUDIO\TUTORIAL 0.3.8\TUT 09 LIGHTS ON\OBJ\DEBUG\TUT 09 SCALE AND LIGHTING\VC100.PDB
F:\MODERN_OPENGL_COURSE\TUT_VISUAL_STUDIO\TUTORIAL 0.3.8\TUT 09 LIGHTS ON\TUT 09 SCALE AND LIGHTINGD.EXE
F:\MODERN_OPENGL_COURSE\TUT_VISUAL_STUDIO\TUTORIAL 0.3.8\TUT 09 LIGHTS ON\TUT 09 SCALE AND LIGHTINGD.ILK
F:\MODERN_OPENGL_COURSE\TUT_VISUAL_STUDIO\TUTORIAL 0.3.8\TUT 09 LIGHTS ON\TUT 09 SCALE AND LIGHTINGD.PDB
