.\Tut 04 AspectRatioD.ilk
.\Tut 04 AspectRatioD.pdb
F:\modern_opengl_course\tut_visual_studio\Tutorial 0.3.8\Tut 04 Objects at Rest\.\Tut 04 AspectRatioD.exe
F:\MODERN_OPENGL_COURSE\TUT_VISUAL_STUDIO\TUTORIAL 0.3.8\TUT 04 OBJECTS AT REST\OBJ\DEBUG\TUT 04 ASPECTRATIO\ASPECTRATIO.OBJ
F:\modern_opengl_course\tut_visual_studio\Tutorial 0.3.8\Tut 04 Objects at Rest\obj\Debug\Tut 04 AspectRatio\cl.command.1.tlog
F:\modern_opengl_course\tut_visual_studio\Tutorial 0.3.8\Tut 04 Objects at Rest\obj\Debug\Tut 04 AspectRatio\CL.read.1.tlog
F:\modern_opengl_course\tut_visual_studio\Tutorial 0.3.8\Tut 04 Objects at Rest\obj\Debug\Tut 04 AspectRatio\CL.write.1.tlog
F:\modern_opengl_course\tut_visual_studio\Tutorial 0.3.8\Tut 04 Objects at Rest\obj\Debug\Tut 04 AspectRatio\link.5584.read.1.tlog
F:\modern_opengl_course\tut_visual_studio\Tutorial 0.3.8\Tut 04 Objects at Rest\obj\Debug\Tut 04 AspectRatio\link.5584.read.2.tlog
F:\modern_opengl_course\tut_visual_studio\Tutorial 0.3.8\Tut 04 Objects at Rest\obj\Debug\Tut 04 AspectRatio\link.5584.write.1.tlog
F:\modern_opengl_course\tut_visual_studio\Tutorial 0.3.8\Tut 04 Objects at Rest\obj\Debug\Tut 04 AspectRatio\link.5584-cvtres.read.1.tlog
F:\modern_opengl_course\tut_visual_studio\Tutorial 0.3.8\Tut 04 Objects at Rest\obj\Debug\Tut 04 AspectRatio\link.5584-cvtres.write.1.tlog
F:\modern_opengl_course\tut_visual_studio\Tutorial 0.3.8\Tut 04 Objects at Rest\obj\Debug\Tut 04 AspectRatio\link.command.1.tlog
F:\modern_opengl_course\tut_visual_studio\Tutorial 0.3.8\Tut 04 Objects at Rest\obj\Debug\Tut 04 AspectRatio\link.read.1.tlog
F:\modern_opengl_course\tut_visual_studio\Tutorial 0.3.8\Tut 04 Objects at Rest\obj\Debug\Tut 04 AspectRatio\link.read.2.tlog
F:\modern_opengl_course\tut_visual_studio\Tutorial 0.3.8\Tut 04 Objects at Rest\obj\Debug\Tut 04 AspectRatio\link.write.1.tlog
F:\modern_opengl_course\tut_visual_studio\Tutorial 0.3.8\Tut 04 Objects at Rest\obj\Debug\Tut 04 AspectRatio\link-cvtres.read.1.tlog
F:\modern_opengl_course\tut_visual_studio\Tutorial 0.3.8\Tut 04 Objects at Rest\obj\Debug\Tut 04 AspectRatio\link-cvtres.write.1.tlog
F:\modern_opengl_course\tut_visual_studio\Tutorial 0.3.8\Tut 04 Objects at Rest\obj\Debug\Tut 04 AspectRatio\mt.command.1.tlog
F:\modern_opengl_course\tut_visual_studio\Tutorial 0.3.8\Tut 04 Objects at Rest\obj\Debug\Tut 04 AspectRatio\mt.read.1.tlog
F:\modern_opengl_course\tut_visual_studio\Tutorial 0.3.8\Tut 04 Objects at Rest\obj\Debug\Tut 04 AspectRatio\mt.write.1.tlog
F:\modern_opengl_course\tut_visual_studio\Tutorial 0.3.8\Tut 04 Objects at Rest\obj\Debug\Tut 04 AspectRatio\rc.command.1.tlog
F:\modern_opengl_course\tut_visual_studio\Tutorial 0.3.8\Tut 04 Objects at Rest\obj\Debug\Tut 04 AspectRatio\rc.read.1.tlog
F:\modern_opengl_course\tut_visual_studio\Tutorial 0.3.8\Tut 04 Objects at Rest\obj\Debug\Tut 04 AspectRatio\rc.write.1.tlog
F:\MODERN_OPENGL_COURSE\TUT_VISUAL_STUDIO\TUTORIAL 0.3.8\TUT 04 OBJECTS AT REST\OBJ\DEBUG\TUT 04 ASPECTRATIO\TUT 04 ASPECTRATIOD.EXE.EMBED.MANIFEST
F:\MODERN_OPENGL_COURSE\TUT_VISUAL_STUDIO\TUTORIAL 0.3.8\TUT 04 OBJECTS AT REST\OBJ\DEBUG\TUT 04 ASPECTRATIO\TUT 04 ASPECTRATIOD.EXE.EMBED.MANIFEST.RES
F:\MODERN_OPENGL_COURSE\TUT_VISUAL_STUDIO\TUTORIAL 0.3.8\TUT 04 OBJECTS AT REST\OBJ\DEBUG\TUT 04 ASPECTRATIO\TUT 04 ASPECTRATIOD.EXE.INTERMEDIATE.MANIFEST
F:\modern_opengl_course\tut_visual_studio\Tutorial 0.3.8\Tut 04 Objects at Rest\obj\Debug\Tut 04 AspectRatio\Tut 04 AspectRatioD_manifest.rc
F:\modern_opengl_course\tut_visual_studio\Tutorial 0.3.8\Tut 04 Objects at Rest\obj\Debug\Tut 04 AspectRatio\vc100.idb
F:\MODERN_OPENGL_COURSE\TUT_VISUAL_STUDIO\TUTORIAL 0.3.8\TUT 04 OBJECTS AT REST\OBJ\DEBUG\TUT 04 ASPECTRATIO\VC100.PDB
F:\MODERN_OPENGL_COURSE\TUT_VISUAL_STUDIO\TUTORIAL 0.3.8\TUT 04 OBJECTS AT REST\TUT 04 ASPECTRATIOD.EXE
F:\MODERN_OPENGL_COURSE\TUT_VISUAL_STUDIO\TUTORIAL 0.3.8\TUT 04 OBJECTS AT REST\TUT 04 ASPECTRATIOD.ILK
F:\MODERN_OPENGL_COURSE\TUT_VISUAL_STUDIO\TUTORIAL 0.3.8\TUT 04 OBJECTS AT REST\TUT 04 ASPECTRATIOD.PDB
