.\Tut 14 Basic TextureD.ilk
.\Tut 14 Basic TextureD.pdb
F:\modern_opengl_course\tut_visual_studio\Tutorial 0.3.8\Tut 14 Textures Are Not Pictures\.\Tut 14 Basic TextureD.exe
F:\MODERN_OPENGL_COURSE\TUT_VISUAL_STUDIO\TUTORIAL 0.3.8\TUT 14 TEXTURES ARE NOT PICTURES\OBJ\DEBUG\TUT 14 BASIC TEXTURE\BASIC TEXTURE.OBJ
F:\modern_opengl_course\tut_visual_studio\Tutorial 0.3.8\Tut 14 Textures Are Not Pictures\obj\Debug\Tut 14 Basic Texture\cl.command.1.tlog
F:\modern_opengl_course\tut_visual_studio\Tutorial 0.3.8\Tut 14 Textures Are Not Pictures\obj\Debug\Tut 14 Basic Texture\CL.read.1.tlog
F:\modern_opengl_course\tut_visual_studio\Tutorial 0.3.8\Tut 14 Textures Are Not Pictures\obj\Debug\Tut 14 Basic Texture\CL.write.1.tlog
F:\modern_opengl_course\tut_visual_studio\Tutorial 0.3.8\Tut 14 Textures Are Not Pictures\obj\Debug\Tut 14 Basic Texture\link.3404.read.1.tlog
F:\modern_opengl_course\tut_visual_studio\Tutorial 0.3.8\Tut 14 Textures Are Not Pictures\obj\Debug\Tut 14 Basic Texture\link.3404.read.2.tlog
F:\modern_opengl_course\tut_visual_studio\Tutorial 0.3.8\Tut 14 Textures Are Not Pictures\obj\Debug\Tut 14 Basic Texture\link.3404.write.1.tlog
F:\modern_opengl_course\tut_visual_studio\Tutorial 0.3.8\Tut 14 Textures Are Not Pictures\obj\Debug\Tut 14 Basic Texture\link.3404-cvtres.read.1.tlog
F:\modern_opengl_course\tut_visual_studio\Tutorial 0.3.8\Tut 14 Textures Are Not Pictures\obj\Debug\Tut 14 Basic Texture\link.3404-cvtres.write.1.tlog
F:\modern_opengl_course\tut_visual_studio\Tutorial 0.3.8\Tut 14 Textures Are Not Pictures\obj\Debug\Tut 14 Basic Texture\link.command.1.tlog
F:\modern_opengl_course\tut_visual_studio\Tutorial 0.3.8\Tut 14 Textures Are Not Pictures\obj\Debug\Tut 14 Basic Texture\link.read.1.tlog
F:\modern_opengl_course\tut_visual_studio\Tutorial 0.3.8\Tut 14 Textures Are Not Pictures\obj\Debug\Tut 14 Basic Texture\link.read.2.tlog
F:\modern_opengl_course\tut_visual_studio\Tutorial 0.3.8\Tut 14 Textures Are Not Pictures\obj\Debug\Tut 14 Basic Texture\link.write.1.tlog
F:\modern_opengl_course\tut_visual_studio\Tutorial 0.3.8\Tut 14 Textures Are Not Pictures\obj\Debug\Tut 14 Basic Texture\link-cvtres.read.1.tlog
F:\modern_opengl_course\tut_visual_studio\Tutorial 0.3.8\Tut 14 Textures Are Not Pictures\obj\Debug\Tut 14 Basic Texture\link-cvtres.write.1.tlog
F:\modern_opengl_course\tut_visual_studio\Tutorial 0.3.8\Tut 14 Textures Are Not Pictures\obj\Debug\Tut 14 Basic Texture\mt.command.1.tlog
F:\modern_opengl_course\tut_visual_studio\Tutorial 0.3.8\Tut 14 Textures Are Not Pictures\obj\Debug\Tut 14 Basic Texture\mt.read.1.tlog
F:\modern_opengl_course\tut_visual_studio\Tutorial 0.3.8\Tut 14 Textures Are Not Pictures\obj\Debug\Tut 14 Basic Texture\mt.write.1.tlog
F:\modern_opengl_course\tut_visual_studio\Tutorial 0.3.8\Tut 14 Textures Are Not Pictures\obj\Debug\Tut 14 Basic Texture\rc.command.1.tlog
F:\modern_opengl_course\tut_visual_studio\Tutorial 0.3.8\Tut 14 Textures Are Not Pictures\obj\Debug\Tut 14 Basic Texture\rc.read.1.tlog
F:\modern_opengl_course\tut_visual_studio\Tutorial 0.3.8\Tut 14 Textures Are Not Pictures\obj\Debug\Tut 14 Basic Texture\rc.write.1.tlog
F:\MODERN_OPENGL_COURSE\TUT_VISUAL_STUDIO\TUTORIAL 0.3.8\TUT 14 TEXTURES ARE NOT PICTURES\OBJ\DEBUG\TUT 14 BASIC TEXTURE\TUT 14 BASIC TEXTURED.EXE.EMBED.MANIFEST
F:\MODERN_OPENGL_COURSE\TUT_VISUAL_STUDIO\TUTORIAL 0.3.8\TUT 14 TEXTURES ARE NOT PICTURES\OBJ\DEBUG\TUT 14 BASIC TEXTURE\TUT 14 BASIC TEXTURED.EXE.EMBED.MANIFEST.RES
F:\MODERN_OPENGL_COURSE\TUT_VISUAL_STUDIO\TUTORIAL 0.3.8\TUT 14 TEXTURES ARE NOT PICTURES\OBJ\DEBUG\TUT 14 BASIC TEXTURE\TUT 14 BASIC TEXTURED.EXE.INTERMEDIATE.MANIFEST
F:\modern_opengl_course\tut_visual_studio\Tutorial 0.3.8\Tut 14 Textures Are Not Pictures\obj\Debug\Tut 14 Basic Texture\Tut 14 Basic TextureD_manifest.rc
F:\modern_opengl_course\tut_visual_studio\Tutorial 0.3.8\Tut 14 Textures Are Not Pictures\obj\Debug\Tut 14 Basic Texture\vc100.idb
F:\MODERN_OPENGL_COURSE\TUT_VISUAL_STUDIO\TUTORIAL 0.3.8\TUT 14 TEXTURES ARE NOT PICTURES\OBJ\DEBUG\TUT 14 BASIC TEXTURE\VC100.PDB
F:\MODERN_OPENGL_COURSE\TUT_VISUAL_STUDIO\TUTORIAL 0.3.8\TUT 14 TEXTURES ARE NOT PICTURES\TUT 14 BASIC TEXTURED.EXE
F:\MODERN_OPENGL_COURSE\TUT_VISUAL_STUDIO\TUTORIAL 0.3.8\TUT 14 TEXTURES ARE NOT PICTURES\TUT 14 BASIC TEXTURED.ILK
F:\MODERN_OPENGL_COURSE\TUT_VISUAL_STUDIO\TUTORIAL 0.3.8\TUT 14 TEXTURES ARE NOT PICTURES\TUT 14 BASIC TEXTURED.PDB
