.\Tut 11 Gaussian Specular LightingD.ilk
.\Tut 11 Gaussian Specular LightingD.pdb
F:\modern_opengl_course\tut_visual_studio\Tutorial 0.3.8\Tut 11 Shinies\.\Tut 11 Gaussian Specular LightingD.exe
F:\modern_opengl_course\tut_visual_studio\Tutorial 0.3.8\Tut 11 Shinies\obj\Debug\Tut 11 Gaussian Specular Lighting\cl.command.1.tlog
F:\modern_opengl_course\tut_visual_studio\Tutorial 0.3.8\Tut 11 Shinies\obj\Debug\Tut 11 Gaussian Specular Lighting\CL.read.1.tlog
F:\modern_opengl_course\tut_visual_studio\Tutorial 0.3.8\Tut 11 Shinies\obj\Debug\Tut 11 Gaussian Specular Lighting\CL.write.1.tlog
F:\MODERN_OPENGL_COURSE\TUT_VISUAL_STUDIO\TUTORIAL 0.3.8\TUT 11 SHINIES\OBJ\DEBUG\TUT 11 GAUSSIAN SPECULAR LIGHTING\GAUSSIAN SPECULAR LIGHTING.OBJ
F:\modern_opengl_course\tut_visual_studio\Tutorial 0.3.8\Tut 11 Shinies\obj\Debug\Tut 11 Gaussian Specular Lighting\link.7404.read.1.tlog
F:\modern_opengl_course\tut_visual_studio\Tutorial 0.3.8\Tut 11 Shinies\obj\Debug\Tut 11 Gaussian Specular Lighting\link.7404.read.2.tlog
F:\modern_opengl_course\tut_visual_studio\Tutorial 0.3.8\Tut 11 Shinies\obj\Debug\Tut 11 Gaussian Specular Lighting\link.7404.write.1.tlog
F:\modern_opengl_course\tut_visual_studio\Tutorial 0.3.8\Tut 11 Shinies\obj\Debug\Tut 11 Gaussian Specular Lighting\link.7404-cvtres.read.1.tlog
F:\modern_opengl_course\tut_visual_studio\Tutorial 0.3.8\Tut 11 Shinies\obj\Debug\Tut 11 Gaussian Specular Lighting\link.7404-cvtres.write.1.tlog
F:\modern_opengl_course\tut_visual_studio\Tutorial 0.3.8\Tut 11 Shinies\obj\Debug\Tut 11 Gaussian Specular Lighting\link.command.1.tlog
F:\modern_opengl_course\tut_visual_studio\Tutorial 0.3.8\Tut 11 Shinies\obj\Debug\Tut 11 Gaussian Specular Lighting\link.read.1.tlog
F:\modern_opengl_course\tut_visual_studio\Tutorial 0.3.8\Tut 11 Shinies\obj\Debug\Tut 11 Gaussian Specular Lighting\link.read.2.tlog
F:\modern_opengl_course\tut_visual_studio\Tutorial 0.3.8\Tut 11 Shinies\obj\Debug\Tut 11 Gaussian Specular Lighting\link.write.1.tlog
F:\modern_opengl_course\tut_visual_studio\Tutorial 0.3.8\Tut 11 Shinies\obj\Debug\Tut 11 Gaussian Specular Lighting\link-cvtres.read.1.tlog
F:\modern_opengl_course\tut_visual_studio\Tutorial 0.3.8\Tut 11 Shinies\obj\Debug\Tut 11 Gaussian Specular Lighting\link-cvtres.write.1.tlog
F:\modern_opengl_course\tut_visual_studio\Tutorial 0.3.8\Tut 11 Shinies\obj\Debug\Tut 11 Gaussian Specular Lighting\mt.command.1.tlog
F:\modern_opengl_course\tut_visual_studio\Tutorial 0.3.8\Tut 11 Shinies\obj\Debug\Tut 11 Gaussian Specular Lighting\mt.read.1.tlog
F:\modern_opengl_course\tut_visual_studio\Tutorial 0.3.8\Tut 11 Shinies\obj\Debug\Tut 11 Gaussian Specular Lighting\mt.write.1.tlog
F:\modern_opengl_course\tut_visual_studio\Tutorial 0.3.8\Tut 11 Shinies\obj\Debug\Tut 11 Gaussian Specular Lighting\rc.command.1.tlog
F:\modern_opengl_course\tut_visual_studio\Tutorial 0.3.8\Tut 11 Shinies\obj\Debug\Tut 11 Gaussian Specular Lighting\rc.read.1.tlog
F:\modern_opengl_course\tut_visual_studio\Tutorial 0.3.8\Tut 11 Shinies\obj\Debug\Tut 11 Gaussian Specular Lighting\rc.write.1.tlog
F:\MODERN_OPENGL_COURSE\TUT_VISUAL_STUDIO\TUTORIAL 0.3.8\TUT 11 SHINIES\OBJ\DEBUG\TUT 11 GAUSSIAN SPECULAR LIGHTING\TUT 11 GAUSSIAN SPECULAR LIGHTINGD.EXE.EMBED.MANIFEST
F:\MODERN_OPENGL_COURSE\TUT_VISUAL_STUDIO\TUTORIAL 0.3.8\TUT 11 SHINIES\OBJ\DEBUG\TUT 11 GAUSSIAN SPECULAR LIGHTING\TUT 11 GAUSSIAN SPECULAR LIGHTINGD.EXE.EMBED.MANIFEST.RES
F:\MODERN_OPENGL_COURSE\TUT_VISUAL_STUDIO\TUTORIAL 0.3.8\TUT 11 SHINIES\OBJ\DEBUG\TUT 11 GAUSSIAN SPECULAR LIGHTING\TUT 11 GAUSSIAN SPECULAR LIGHTINGD.EXE.INTERMEDIATE.MANIFEST
F:\modern_opengl_course\tut_visual_studio\Tutorial 0.3.8\Tut 11 Shinies\obj\Debug\Tut 11 Gaussian Specular Lighting\Tut 11 Gaussian Specular LightingD_manifest.rc
F:\modern_opengl_course\tut_visual_studio\Tutorial 0.3.8\Tut 11 Shinies\obj\Debug\Tut 11 Gaussian Specular Lighting\vc100.idb
F:\MODERN_OPENGL_COURSE\TUT_VISUAL_STUDIO\TUTORIAL 0.3.8\TUT 11 SHINIES\OBJ\DEBUG\TUT 11 GAUSSIAN SPECULAR LIGHTING\VC100.PDB
F:\MODERN_OPENGL_COURSE\TUT_VISUAL_STUDIO\TUTORIAL 0.3.8\TUT 11 SHINIES\TUT 11 GAUSSIAN SPECULAR LIGHTINGD.EXE
F:\MODERN_OPENGL_COURSE\TUT_VISUAL_STUDIO\TUTORIAL 0.3.8\TUT 11 SHINIES\TUT 11 GAUSSIAN SPECULAR LIGHTINGD.ILK
F:\MODERN_OPENGL_COURSE\TUT_VISUAL_STUDIO\TUTORIAL 0.3.8\TUT 11 SHINIES\TUT 11 GAUSSIAN SPECULAR LIGHTINGD.PDB
