.\Tut 05 Vertex ClippingD.ilk
.\Tut 05 Vertex ClippingD.pdb
F:\modern_opengl_course\tut_visual_studio\Tutorial 0.3.8\Tut 05 Objects in Depth\.\Tut 05 Vertex ClippingD.exe
F:\modern_opengl_course\tut_visual_studio\Tutorial 0.3.8\Tut 05 Objects in Depth\obj\Debug\Tut 05 Vertex Clipping\cl.command.1.tlog
F:\modern_opengl_course\tut_visual_studio\Tutorial 0.3.8\Tut 05 Objects in Depth\obj\Debug\Tut 05 Vertex Clipping\CL.read.1.tlog
F:\modern_opengl_course\tut_visual_studio\Tutorial 0.3.8\Tut 05 Objects in Depth\obj\Debug\Tut 05 Vertex Clipping\CL.write.1.tlog
F:\modern_opengl_course\tut_visual_studio\Tutorial 0.3.8\Tut 05 Objects in Depth\obj\Debug\Tut 05 Vertex Clipping\link.9944.read.1.tlog
F:\modern_opengl_course\tut_visual_studio\Tutorial 0.3.8\Tut 05 Objects in Depth\obj\Debug\Tut 05 Vertex Clipping\link.9944.read.2.tlog
F:\modern_opengl_course\tut_visual_studio\Tutorial 0.3.8\Tut 05 Objects in Depth\obj\Debug\Tut 05 Vertex Clipping\link.9944.write.1.tlog
F:\modern_opengl_course\tut_visual_studio\Tutorial 0.3.8\Tut 05 Objects in Depth\obj\Debug\Tut 05 Vertex Clipping\link.9944-cvtres.read.1.tlog
F:\modern_opengl_course\tut_visual_studio\Tutorial 0.3.8\Tut 05 Objects in Depth\obj\Debug\Tut 05 Vertex Clipping\link.9944-cvtres.write.1.tlog
F:\modern_opengl_course\tut_visual_studio\Tutorial 0.3.8\Tut 05 Objects in Depth\obj\Debug\Tut 05 Vertex Clipping\link.command.1.tlog
F:\modern_opengl_course\tut_visual_studio\Tutorial 0.3.8\Tut 05 Objects in Depth\obj\Debug\Tut 05 Vertex Clipping\link.read.1.tlog
F:\modern_opengl_course\tut_visual_studio\Tutorial 0.3.8\Tut 05 Objects in Depth\obj\Debug\Tut 05 Vertex Clipping\link.read.2.tlog
F:\modern_opengl_course\tut_visual_studio\Tutorial 0.3.8\Tut 05 Objects in Depth\obj\Debug\Tut 05 Vertex Clipping\link.write.1.tlog
F:\modern_opengl_course\tut_visual_studio\Tutorial 0.3.8\Tut 05 Objects in Depth\obj\Debug\Tut 05 Vertex Clipping\link-cvtres.read.1.tlog
F:\modern_opengl_course\tut_visual_studio\Tutorial 0.3.8\Tut 05 Objects in Depth\obj\Debug\Tut 05 Vertex Clipping\link-cvtres.write.1.tlog
F:\modern_opengl_course\tut_visual_studio\Tutorial 0.3.8\Tut 05 Objects in Depth\obj\Debug\Tut 05 Vertex Clipping\mt.command.1.tlog
F:\modern_opengl_course\tut_visual_studio\Tutorial 0.3.8\Tut 05 Objects in Depth\obj\Debug\Tut 05 Vertex Clipping\mt.read.1.tlog
F:\modern_opengl_course\tut_visual_studio\Tutorial 0.3.8\Tut 05 Objects in Depth\obj\Debug\Tut 05 Vertex Clipping\mt.write.1.tlog
F:\modern_opengl_course\tut_visual_studio\Tutorial 0.3.8\Tut 05 Objects in Depth\obj\Debug\Tut 05 Vertex Clipping\rc.command.1.tlog
F:\modern_opengl_course\tut_visual_studio\Tutorial 0.3.8\Tut 05 Objects in Depth\obj\Debug\Tut 05 Vertex Clipping\rc.read.1.tlog
F:\modern_opengl_course\tut_visual_studio\Tutorial 0.3.8\Tut 05 Objects in Depth\obj\Debug\Tut 05 Vertex Clipping\rc.write.1.tlog
F:\MODERN_OPENGL_COURSE\TUT_VISUAL_STUDIO\TUTORIAL 0.3.8\TUT 05 OBJECTS IN DEPTH\OBJ\DEBUG\TUT 05 VERTEX CLIPPING\TUT 05 VERTEX CLIPPINGD.EXE.EMBED.MANIFEST
F:\MODERN_OPENGL_COURSE\TUT_VISUAL_STUDIO\TUTORIAL 0.3.8\TUT 05 OBJECTS IN DEPTH\OBJ\DEBUG\TUT 05 VERTEX CLIPPING\TUT 05 VERTEX CLIPPINGD.EXE.EMBED.MANIFEST.RES
F:\MODERN_OPENGL_COURSE\TUT_VISUAL_STUDIO\TUTORIAL 0.3.8\TUT 05 OBJECTS IN DEPTH\OBJ\DEBUG\TUT 05 VERTEX CLIPPING\TUT 05 VERTEX CLIPPINGD.EXE.INTERMEDIATE.MANIFEST
F:\modern_opengl_course\tut_visual_studio\Tutorial 0.3.8\Tut 05 Objects in Depth\obj\Debug\Tut 05 Vertex Clipping\Tut 05 Vertex ClippingD_manifest.rc
F:\modern_opengl_course\tut_visual_studio\Tutorial 0.3.8\Tut 05 Objects in Depth\obj\Debug\Tut 05 Vertex Clipping\vc100.idb
F:\MODERN_OPENGL_COURSE\TUT_VISUAL_STUDIO\TUTORIAL 0.3.8\TUT 05 OBJECTS IN DEPTH\OBJ\DEBUG\TUT 05 VERTEX CLIPPING\VC100.PDB
F:\MODERN_OPENGL_COURSE\TUT_VISUAL_STUDIO\TUTORIAL 0.3.8\TUT 05 OBJECTS IN DEPTH\OBJ\DEBUG\TUT 05 VERTEX CLIPPING\VERTEXCLIPPING.OBJ
F:\MODERN_OPENGL_COURSE\TUT_VISUAL_STUDIO\TUTORIAL 0.3.8\TUT 05 OBJECTS IN DEPTH\TUT 05 VERTEX CLIPPINGD.EXE
F:\MODERN_OPENGL_COURSE\TUT_VISUAL_STUDIO\TUTORIAL 0.3.8\TUT 05 OBJECTS IN DEPTH\TUT 05 VERTEX CLIPPINGD.ILK
F:\MODERN_OPENGL_COURSE\TUT_VISUAL_STUDIO\TUTORIAL 0.3.8\TUT 05 OBJECTS IN DEPTH\TUT 05 VERTEX CLIPPINGD.PDB
