.\Tut 03 Shader Calc OffsetD.ilk
.\Tut 03 Shader Calc OffsetD.pdb
F:\modern_opengl_course\tut_visual_studio\Tutorial 0.3.8\Tut 03 OpenGLs Moving Triangle\.\Tut 03 Shader Calc OffsetD.exe
F:\modern_opengl_course\tut_visual_studio\Tutorial 0.3.8\Tut 03 OpenGLs Moving Triangle\obj\Debug\Tut 03 Shader Calc Offset\cl.command.1.tlog
F:\modern_opengl_course\tut_visual_studio\Tutorial 0.3.8\Tut 03 OpenGLs Moving Triangle\obj\Debug\Tut 03 Shader Calc Offset\CL.read.1.tlog
F:\modern_opengl_course\tut_visual_studio\Tutorial 0.3.8\Tut 03 OpenGLs Moving Triangle\obj\Debug\Tut 03 Shader Calc Offset\CL.write.1.tlog
F:\modern_opengl_course\tut_visual_studio\Tutorial 0.3.8\Tut 03 OpenGLs Moving Triangle\obj\Debug\Tut 03 Shader Calc Offset\link.10164.read.1.tlog
F:\modern_opengl_course\tut_visual_studio\Tutorial 0.3.8\Tut 03 OpenGLs Moving Triangle\obj\Debug\Tut 03 Shader Calc Offset\link.10164.read.2.tlog
F:\modern_opengl_course\tut_visual_studio\Tutorial 0.3.8\Tut 03 OpenGLs Moving Triangle\obj\Debug\Tut 03 Shader Calc Offset\link.10164.write.1.tlog
F:\modern_opengl_course\tut_visual_studio\Tutorial 0.3.8\Tut 03 OpenGLs Moving Triangle\obj\Debug\Tut 03 Shader Calc Offset\link.10164-cvtres.read.1.tlog
F:\modern_opengl_course\tut_visual_studio\Tutorial 0.3.8\Tut 03 OpenGLs Moving Triangle\obj\Debug\Tut 03 Shader Calc Offset\link.10164-cvtres.write.1.tlog
F:\modern_opengl_course\tut_visual_studio\Tutorial 0.3.8\Tut 03 OpenGLs Moving Triangle\obj\Debug\Tut 03 Shader Calc Offset\link.command.1.tlog
F:\modern_opengl_course\tut_visual_studio\Tutorial 0.3.8\Tut 03 OpenGLs Moving Triangle\obj\Debug\Tut 03 Shader Calc Offset\link.read.1.tlog
F:\modern_opengl_course\tut_visual_studio\Tutorial 0.3.8\Tut 03 OpenGLs Moving Triangle\obj\Debug\Tut 03 Shader Calc Offset\link.read.2.tlog
F:\modern_opengl_course\tut_visual_studio\Tutorial 0.3.8\Tut 03 OpenGLs Moving Triangle\obj\Debug\Tut 03 Shader Calc Offset\link.write.1.tlog
F:\modern_opengl_course\tut_visual_studio\Tutorial 0.3.8\Tut 03 OpenGLs Moving Triangle\obj\Debug\Tut 03 Shader Calc Offset\link-cvtres.read.1.tlog
F:\modern_opengl_course\tut_visual_studio\Tutorial 0.3.8\Tut 03 OpenGLs Moving Triangle\obj\Debug\Tut 03 Shader Calc Offset\link-cvtres.write.1.tlog
F:\modern_opengl_course\tut_visual_studio\Tutorial 0.3.8\Tut 03 OpenGLs Moving Triangle\obj\Debug\Tut 03 Shader Calc Offset\mt.command.1.tlog
F:\modern_opengl_course\tut_visual_studio\Tutorial 0.3.8\Tut 03 OpenGLs Moving Triangle\obj\Debug\Tut 03 Shader Calc Offset\mt.read.1.tlog
F:\modern_opengl_course\tut_visual_studio\Tutorial 0.3.8\Tut 03 OpenGLs Moving Triangle\obj\Debug\Tut 03 Shader Calc Offset\mt.write.1.tlog
F:\modern_opengl_course\tut_visual_studio\Tutorial 0.3.8\Tut 03 OpenGLs Moving Triangle\obj\Debug\Tut 03 Shader Calc Offset\rc.command.1.tlog
F:\modern_opengl_course\tut_visual_studio\Tutorial 0.3.8\Tut 03 OpenGLs Moving Triangle\obj\Debug\Tut 03 Shader Calc Offset\rc.read.1.tlog
F:\modern_opengl_course\tut_visual_studio\Tutorial 0.3.8\Tut 03 OpenGLs Moving Triangle\obj\Debug\Tut 03 Shader Calc Offset\rc.write.1.tlog
F:\MODERN_OPENGL_COURSE\TUT_VISUAL_STUDIO\TUTORIAL 0.3.8\TUT 03 OPENGLS MOVING TRIANGLE\OBJ\DEBUG\TUT 03 SHADER CALC OFFSET\TUT 03 SHADER CALC OFFSETD.EXE.EMBED.MANIFEST
F:\MODERN_OPENGL_COURSE\TUT_VISUAL_STUDIO\TUTORIAL 0.3.8\TUT 03 OPENGLS MOVING TRIANGLE\OBJ\DEBUG\TUT 03 SHADER CALC OFFSET\TUT 03 SHADER CALC OFFSETD.EXE.EMBED.MANIFEST.RES
F:\MODERN_OPENGL_COURSE\TUT_VISUAL_STUDIO\TUTORIAL 0.3.8\TUT 03 OPENGLS MOVING TRIANGLE\OBJ\DEBUG\TUT 03 SHADER CALC OFFSET\TUT 03 SHADER CALC OFFSETD.EXE.INTERMEDIATE.MANIFEST
F:\modern_opengl_course\tut_visual_studio\Tutorial 0.3.8\Tut 03 OpenGLs Moving Triangle\obj\Debug\Tut 03 Shader Calc Offset\Tut 03 Shader Calc OffsetD_manifest.rc
F:\modern_opengl_course\tut_visual_studio\Tutorial 0.3.8\Tut 03 OpenGLs Moving Triangle\obj\Debug\Tut 03 Shader Calc Offset\vc100.idb
F:\MODERN_OPENGL_COURSE\TUT_VISUAL_STUDIO\TUTORIAL 0.3.8\TUT 03 OPENGLS MOVING TRIANGLE\OBJ\DEBUG\TUT 03 SHADER CALC OFFSET\VC100.PDB
F:\MODERN_OPENGL_COURSE\TUT_VISUAL_STUDIO\TUTORIAL 0.3.8\TUT 03 OPENGLS MOVING TRIANGLE\OBJ\DEBUG\TUT 03 SHADER CALC OFFSET\VERTCALCOFFSET.OBJ
F:\MODERN_OPENGL_COURSE\TUT_VISUAL_STUDIO\TUTORIAL 0.3.8\TUT 03 OPENGLS MOVING TRIANGLE\TUT 03 SHADER CALC OFFSETD.EXE
F:\MODERN_OPENGL_COURSE\TUT_VISUAL_STUDIO\TUTORIAL 0.3.8\TUT 03 OPENGLS MOVING TRIANGLE\TUT 03 SHADER CALC OFFSETD.ILK
F:\MODERN_OPENGL_COURSE\TUT_VISUAL_STUDIO\TUTORIAL 0.3.8\TUT 03 OPENGLS MOVING TRIANGLE\TUT 03 SHADER CALC OFFSETD.PDB
