.\Tut 01 MainD.ilk
.\Tut 01 MainD.pdb
F:\modern_opengl_course\tut_visual_studio\Tutorial 0.3.8\Tut 01 Hello Triangle\.\Tut 01 MainD.exe
F:\modern_opengl_course\tut_visual_studio\Tutorial 0.3.8\Tut 01 Hello Triangle\obj\Debug\cl.command.1.tlog
F:\modern_opengl_course\tut_visual_studio\Tutorial 0.3.8\Tut 01 Hello Triangle\obj\Debug\CL.read.1.tlog
F:\modern_opengl_course\tut_visual_studio\Tutorial 0.3.8\Tut 01 Hello Triangle\obj\Debug\CL.write.1.tlog
F:\modern_opengl_course\tut_visual_studio\Tutorial 0.3.8\Tut 01 Hello Triangle\obj\Debug\link.6744.read.1.tlog
F:\modern_opengl_course\tut_visual_studio\Tutorial 0.3.8\Tut 01 Hello Triangle\obj\Debug\link.6744.read.2.tlog
F:\modern_opengl_course\tut_visual_studio\Tutorial 0.3.8\Tut 01 Hello Triangle\obj\Debug\link.6744.write.1.tlog
F:\modern_opengl_course\tut_visual_studio\Tutorial 0.3.8\Tut 01 Hello Triangle\obj\Debug\link.6744-cvtres.read.1.tlog
F:\modern_opengl_course\tut_visual_studio\Tutorial 0.3.8\Tut 01 Hello Triangle\obj\Debug\link.6744-cvtres.write.1.tlog
F:\modern_opengl_course\tut_visual_studio\Tutorial 0.3.8\Tut 01 Hello Triangle\obj\Debug\link.command.1.tlog
F:\modern_opengl_course\tut_visual_studio\Tutorial 0.3.8\Tut 01 Hello Triangle\obj\Debug\link.read.1.tlog
F:\modern_opengl_course\tut_visual_studio\Tutorial 0.3.8\Tut 01 Hello Triangle\obj\Debug\link.read.2.tlog
F:\modern_opengl_course\tut_visual_studio\Tutorial 0.3.8\Tut 01 Hello Triangle\obj\Debug\link.write.1.tlog
F:\modern_opengl_course\tut_visual_studio\Tutorial 0.3.8\Tut 01 Hello Triangle\obj\Debug\link-cvtres.read.1.tlog
F:\modern_opengl_course\tut_visual_studio\Tutorial 0.3.8\Tut 01 Hello Triangle\obj\Debug\link-cvtres.write.1.tlog
F:\modern_opengl_course\tut_visual_studio\Tutorial 0.3.8\Tut 01 Hello Triangle\obj\Debug\mt.command.1.tlog
F:\modern_opengl_course\tut_visual_studio\Tutorial 0.3.8\Tut 01 Hello Triangle\obj\Debug\mt.read.1.tlog
F:\modern_opengl_course\tut_visual_studio\Tutorial 0.3.8\Tut 01 Hello Triangle\obj\Debug\mt.write.1.tlog
F:\modern_opengl_course\tut_visual_studio\Tutorial 0.3.8\Tut 01 Hello Triangle\obj\Debug\rc.command.1.tlog
F:\modern_opengl_course\tut_visual_studio\Tutorial 0.3.8\Tut 01 Hello Triangle\obj\Debug\rc.read.1.tlog
F:\modern_opengl_course\tut_visual_studio\Tutorial 0.3.8\Tut 01 Hello Triangle\obj\Debug\rc.write.1.tlog
F:\MODERN_OPENGL_COURSE\TUT_VISUAL_STUDIO\TUTORIAL 0.3.8\TUT 01 HELLO TRIANGLE\OBJ\DEBUG\TUT 01 MAIND.EXE.EMBED.MANIFEST
F:\MODERN_OPENGL_COURSE\TUT_VISUAL_STUDIO\TUTORIAL 0.3.8\TUT 01 HELLO TRIANGLE\OBJ\DEBUG\TUT 01 MAIND.EXE.EMBED.MANIFEST.RES
F:\MODERN_OPENGL_COURSE\TUT_VISUAL_STUDIO\TUTORIAL 0.3.8\TUT 01 HELLO TRIANGLE\OBJ\DEBUG\TUT 01 MAIND.EXE.INTERMEDIATE.MANIFEST
F:\modern_opengl_course\tut_visual_studio\Tutorial 0.3.8\Tut 01 Hello Triangle\obj\Debug\Tut 01 MainD_manifest.rc
F:\MODERN_OPENGL_COURSE\TUT_VISUAL_STUDIO\TUTORIAL 0.3.8\TUT 01 HELLO TRIANGLE\OBJ\DEBUG\TUT1.OBJ
F:\modern_opengl_course\tut_visual_studio\Tutorial 0.3.8\Tut 01 Hello Triangle\obj\Debug\vc100.idb
F:\MODERN_OPENGL_COURSE\TUT_VISUAL_STUDIO\TUTORIAL 0.3.8\TUT 01 HELLO TRIANGLE\OBJ\DEBUG\VC100.PDB
F:\MODERN_OPENGL_COURSE\TUT_VISUAL_STUDIO\TUTORIAL 0.3.8\TUT 01 HELLO TRIANGLE\TUT 01 MAIND.EXE
F:\MODERN_OPENGL_COURSE\TUT_VISUAL_STUDIO\TUTORIAL 0.3.8\TUT 01 HELLO TRIANGLE\TUT 01 MAIND.ILK
F:\MODERN_OPENGL_COURSE\TUT_VISUAL_STUDIO\TUTORIAL 0.3.8\TUT 01 HELLO TRIANGLE\TUT 01 MAIND.PDB
