.\Tut 14 Material TextureD.ilk
.\Tut 14 Material TextureD.pdb
F:\modern_opengl_course\tut_visual_studio\Tutorial 0.3.8\Tut 14 Textures Are Not Pictures\.\Tut 14 Material TextureD.exe
F:\modern_opengl_course\tut_visual_studio\Tutorial 0.3.8\Tut 14 Textures Are Not Pictures\obj\Debug\Tut 14 Material Texture\cl.command.1.tlog
F:\modern_opengl_course\tut_visual_studio\Tutorial 0.3.8\Tut 14 Textures Are Not Pictures\obj\Debug\Tut 14 Material Texture\CL.read.1.tlog
F:\modern_opengl_course\tut_visual_studio\Tutorial 0.3.8\Tut 14 Textures Are Not Pictures\obj\Debug\Tut 14 Material Texture\CL.write.1.tlog
F:\modern_opengl_course\tut_visual_studio\Tutorial 0.3.8\Tut 14 Textures Are Not Pictures\obj\Debug\Tut 14 Material Texture\link.2180.read.1.tlog
F:\modern_opengl_course\tut_visual_studio\Tutorial 0.3.8\Tut 14 Textures Are Not Pictures\obj\Debug\Tut 14 Material Texture\link.2180.read.2.tlog
F:\modern_opengl_course\tut_visual_studio\Tutorial 0.3.8\Tut 14 Textures Are Not Pictures\obj\Debug\Tut 14 Material Texture\link.2180.write.1.tlog
F:\modern_opengl_course\tut_visual_studio\Tutorial 0.3.8\Tut 14 Textures Are Not Pictures\obj\Debug\Tut 14 Material Texture\link.2180-cvtres.read.1.tlog
F:\modern_opengl_course\tut_visual_studio\Tutorial 0.3.8\Tut 14 Textures Are Not Pictures\obj\Debug\Tut 14 Material Texture\link.2180-cvtres.write.1.tlog
F:\modern_opengl_course\tut_visual_studio\Tutorial 0.3.8\Tut 14 Textures Are Not Pictures\obj\Debug\Tut 14 Material Texture\link.command.1.tlog
F:\modern_opengl_course\tut_visual_studio\Tutorial 0.3.8\Tut 14 Textures Are Not Pictures\obj\Debug\Tut 14 Material Texture\link.read.1.tlog
F:\modern_opengl_course\tut_visual_studio\Tutorial 0.3.8\Tut 14 Textures Are Not Pictures\obj\Debug\Tut 14 Material Texture\link.read.2.tlog
F:\modern_opengl_course\tut_visual_studio\Tutorial 0.3.8\Tut 14 Textures Are Not Pictures\obj\Debug\Tut 14 Material Texture\link.write.1.tlog
F:\modern_opengl_course\tut_visual_studio\Tutorial 0.3.8\Tut 14 Textures Are Not Pictures\obj\Debug\Tut 14 Material Texture\link-cvtres.read.1.tlog
F:\modern_opengl_course\tut_visual_studio\Tutorial 0.3.8\Tut 14 Textures Are Not Pictures\obj\Debug\Tut 14 Material Texture\link-cvtres.write.1.tlog
F:\MODERN_OPENGL_COURSE\TUT_VISUAL_STUDIO\TUTORIAL 0.3.8\TUT 14 TEXTURES ARE NOT PICTURES\OBJ\DEBUG\TUT 14 MATERIAL TEXTURE\MATERIAL TEXTURE.OBJ
F:\modern_opengl_course\tut_visual_studio\Tutorial 0.3.8\Tut 14 Textures Are Not Pictures\obj\Debug\Tut 14 Material Texture\mt.command.1.tlog
F:\modern_opengl_course\tut_visual_studio\Tutorial 0.3.8\Tut 14 Textures Are Not Pictures\obj\Debug\Tut 14 Material Texture\mt.read.1.tlog
F:\modern_opengl_course\tut_visual_studio\Tutorial 0.3.8\Tut 14 Textures Are Not Pictures\obj\Debug\Tut 14 Material Texture\mt.write.1.tlog
F:\modern_opengl_course\tut_visual_studio\Tutorial 0.3.8\Tut 14 Textures Are Not Pictures\obj\Debug\Tut 14 Material Texture\rc.command.1.tlog
F:\modern_opengl_course\tut_visual_studio\Tutorial 0.3.8\Tut 14 Textures Are Not Pictures\obj\Debug\Tut 14 Material Texture\rc.read.1.tlog
F:\modern_opengl_course\tut_visual_studio\Tutorial 0.3.8\Tut 14 Textures Are Not Pictures\obj\Debug\Tut 14 Material Texture\rc.write.1.tlog
F:\MODERN_OPENGL_COURSE\TUT_VISUAL_STUDIO\TUTORIAL 0.3.8\TUT 14 TEXTURES ARE NOT PICTURES\OBJ\DEBUG\TUT 14 MATERIAL TEXTURE\TUT 14 MATERIAL TEXTURED.EXE.EMBED.MANIFEST
F:\MODERN_OPENGL_COURSE\TUT_VISUAL_STUDIO\TUTORIAL 0.3.8\TUT 14 TEXTURES ARE NOT PICTURES\OBJ\DEBUG\TUT 14 MATERIAL TEXTURE\TUT 14 MATERIAL TEXTURED.EXE.EMBED.MANIFEST.RES
F:\MODERN_OPENGL_COURSE\TUT_VISUAL_STUDIO\TUTORIAL 0.3.8\TUT 14 TEXTURES ARE NOT PICTURES\OBJ\DEBUG\TUT 14 MATERIAL TEXTURE\TUT 14 MATERIAL TEXTURED.EXE.INTERMEDIATE.MANIFEST
F:\modern_opengl_course\tut_visual_studio\Tutorial 0.3.8\Tut 14 Textures Are Not Pictures\obj\Debug\Tut 14 Material Texture\Tut 14 Material TextureD_manifest.rc
F:\modern_opengl_course\tut_visual_studio\Tutorial 0.3.8\Tut 14 Textures Are Not Pictures\obj\Debug\Tut 14 Material Texture\vc100.idb
F:\MODERN_OPENGL_COURSE\TUT_VISUAL_STUDIO\TUTORIAL 0.3.8\TUT 14 TEXTURES ARE NOT PICTURES\OBJ\DEBUG\TUT 14 MATERIAL TEXTURE\VC100.PDB
F:\MODERN_OPENGL_COURSE\TUT_VISUAL_STUDIO\TUTORIAL 0.3.8\TUT 14 TEXTURES ARE NOT PICTURES\TUT 14 MATERIAL TEXTURED.EXE
F:\MODERN_OPENGL_COURSE\TUT_VISUAL_STUDIO\TUTORIAL 0.3.8\TUT 14 TEXTURES ARE NOT PICTURES\TUT 14 MATERIAL TEXTURED.ILK
F:\MODERN_OPENGL_COURSE\TUT_VISUAL_STUDIO\TUTORIAL 0.3.8\TUT 14 TEXTURES ARE NOT PICTURES\TUT 14 MATERIAL TEXTURED.PDB
