.\Tut 06 RotationsD.ilk
.\Tut 06 RotationsD.pdb
F:\modern_opengl_course\tut_visual_studio\Tutorial 0.3.8\Tut 06 Objects in Motion\.\Tut 06 RotationsD.exe
F:\modern_opengl_course\tut_visual_studio\Tutorial 0.3.8\Tut 06 Objects in Motion\obj\Debug\Tut 06 Rotations\cl.command.1.tlog
F:\modern_opengl_course\tut_visual_studio\Tutorial 0.3.8\Tut 06 Objects in Motion\obj\Debug\Tut 06 Rotations\CL.read.1.tlog
F:\modern_opengl_course\tut_visual_studio\Tutorial 0.3.8\Tut 06 Objects in Motion\obj\Debug\Tut 06 Rotations\CL.write.1.tlog
F:\modern_opengl_course\tut_visual_studio\Tutorial 0.3.8\Tut 06 Objects in Motion\obj\Debug\Tut 06 Rotations\link.9464.read.1.tlog
F:\modern_opengl_course\tut_visual_studio\Tutorial 0.3.8\Tut 06 Objects in Motion\obj\Debug\Tut 06 Rotations\link.9464.read.2.tlog
F:\modern_opengl_course\tut_visual_studio\Tutorial 0.3.8\Tut 06 Objects in Motion\obj\Debug\Tut 06 Rotations\link.9464.write.1.tlog
F:\modern_opengl_course\tut_visual_studio\Tutorial 0.3.8\Tut 06 Objects in Motion\obj\Debug\Tut 06 Rotations\link.9464-cvtres.read.1.tlog
F:\modern_opengl_course\tut_visual_studio\Tutorial 0.3.8\Tut 06 Objects in Motion\obj\Debug\Tut 06 Rotations\link.9464-cvtres.write.1.tlog
F:\modern_opengl_course\tut_visual_studio\Tutorial 0.3.8\Tut 06 Objects in Motion\obj\Debug\Tut 06 Rotations\link.command.1.tlog
F:\modern_opengl_course\tut_visual_studio\Tutorial 0.3.8\Tut 06 Objects in Motion\obj\Debug\Tut 06 Rotations\link.read.1.tlog
F:\modern_opengl_course\tut_visual_studio\Tutorial 0.3.8\Tut 06 Objects in Motion\obj\Debug\Tut 06 Rotations\link.read.2.tlog
F:\modern_opengl_course\tut_visual_studio\Tutorial 0.3.8\Tut 06 Objects in Motion\obj\Debug\Tut 06 Rotations\link.write.1.tlog
F:\modern_opengl_course\tut_visual_studio\Tutorial 0.3.8\Tut 06 Objects in Motion\obj\Debug\Tut 06 Rotations\link-cvtres.read.1.tlog
F:\modern_opengl_course\tut_visual_studio\Tutorial 0.3.8\Tut 06 Objects in Motion\obj\Debug\Tut 06 Rotations\link-cvtres.write.1.tlog
F:\modern_opengl_course\tut_visual_studio\Tutorial 0.3.8\Tut 06 Objects in Motion\obj\Debug\Tut 06 Rotations\mt.command.1.tlog
F:\modern_opengl_course\tut_visual_studio\Tutorial 0.3.8\Tut 06 Objects in Motion\obj\Debug\Tut 06 Rotations\mt.read.1.tlog
F:\modern_opengl_course\tut_visual_studio\Tutorial 0.3.8\Tut 06 Objects in Motion\obj\Debug\Tut 06 Rotations\mt.write.1.tlog
F:\modern_opengl_course\tut_visual_studio\Tutorial 0.3.8\Tut 06 Objects in Motion\obj\Debug\Tut 06 Rotations\rc.command.1.tlog
F:\modern_opengl_course\tut_visual_studio\Tutorial 0.3.8\Tut 06 Objects in Motion\obj\Debug\Tut 06 Rotations\rc.read.1.tlog
F:\modern_opengl_course\tut_visual_studio\Tutorial 0.3.8\Tut 06 Objects in Motion\obj\Debug\Tut 06 Rotations\rc.write.1.tlog
F:\MODERN_OPENGL_COURSE\TUT_VISUAL_STUDIO\TUTORIAL 0.3.8\TUT 06 OBJECTS IN MOTION\OBJ\DEBUG\TUT 06 ROTATIONS\ROTATIONS.OBJ
F:\MODERN_OPENGL_COURSE\TUT_VISUAL_STUDIO\TUTORIAL 0.3.8\TUT 06 OBJECTS IN MOTION\OBJ\DEBUG\TUT 06 ROTATIONS\TUT 06 ROTATIONSD.EXE.EMBED.MANIFEST
F:\MODERN_OPENGL_COURSE\TUT_VISUAL_STUDIO\TUTORIAL 0.3.8\TUT 06 OBJECTS IN MOTION\OBJ\DEBUG\TUT 06 ROTATIONS\TUT 06 ROTATIONSD.EXE.EMBED.MANIFEST.RES
F:\MODERN_OPENGL_COURSE\TUT_VISUAL_STUDIO\TUTORIAL 0.3.8\TUT 06 OBJECTS IN MOTION\OBJ\DEBUG\TUT 06 ROTATIONS\TUT 06 ROTATIONSD.EXE.INTERMEDIATE.MANIFEST
F:\modern_opengl_course\tut_visual_studio\Tutorial 0.3.8\Tut 06 Objects in Motion\obj\Debug\Tut 06 Rotations\Tut 06 RotationsD_manifest.rc
F:\modern_opengl_course\tut_visual_studio\Tutorial 0.3.8\Tut 06 Objects in Motion\obj\Debug\Tut 06 Rotations\vc100.idb
F:\MODERN_OPENGL_COURSE\TUT_VISUAL_STUDIO\TUTORIAL 0.3.8\TUT 06 OBJECTS IN MOTION\OBJ\DEBUG\TUT 06 ROTATIONS\VC100.PDB
F:\MODERN_OPENGL_COURSE\TUT_VISUAL_STUDIO\TUTORIAL 0.3.8\TUT 06 OBJECTS IN MOTION\TUT 06 ROTATIONSD.EXE
F:\MODERN_OPENGL_COURSE\TUT_VISUAL_STUDIO\TUTORIAL 0.3.8\TUT 06 OBJECTS IN MOTION\TUT 06 ROTATIONSD.ILK
F:\MODERN_OPENGL_COURSE\TUT_VISUAL_STUDIO\TUTORIAL 0.3.8\TUT 06 OBJECTS IN MOTION\TUT 06 ROTATIONSD.PDB
