.\Tut 08 Quaternion YPRD.ilk
.\Tut 08 Quaternion YPRD.pdb
F:\modern_opengl_course\tut_visual_studio\Tutorial 0.3.8\Tut 08 Getting Oriented\.\Tut 08 Quaternion YPRD.exe
F:\modern_opengl_course\tut_visual_studio\Tutorial 0.3.8\Tut 08 Getting Oriented\obj\Debug\Tut 08 Quaternion YPR\cl.command.1.tlog
F:\modern_opengl_course\tut_visual_studio\Tutorial 0.3.8\Tut 08 Getting Oriented\obj\Debug\Tut 08 Quaternion YPR\CL.read.1.tlog
F:\modern_opengl_course\tut_visual_studio\Tutorial 0.3.8\Tut 08 Getting Oriented\obj\Debug\Tut 08 Quaternion YPR\CL.write.1.tlog
F:\modern_opengl_course\tut_visual_studio\Tutorial 0.3.8\Tut 08 Getting Oriented\obj\Debug\Tut 08 Quaternion YPR\link.8152.read.1.tlog
F:\modern_opengl_course\tut_visual_studio\Tutorial 0.3.8\Tut 08 Getting Oriented\obj\Debug\Tut 08 Quaternion YPR\link.8152.read.2.tlog
F:\modern_opengl_course\tut_visual_studio\Tutorial 0.3.8\Tut 08 Getting Oriented\obj\Debug\Tut 08 Quaternion YPR\link.8152.write.1.tlog
F:\modern_opengl_course\tut_visual_studio\Tutorial 0.3.8\Tut 08 Getting Oriented\obj\Debug\Tut 08 Quaternion YPR\link.8152-cvtres.read.1.tlog
F:\modern_opengl_course\tut_visual_studio\Tutorial 0.3.8\Tut 08 Getting Oriented\obj\Debug\Tut 08 Quaternion YPR\link.8152-cvtres.write.1.tlog
F:\modern_opengl_course\tut_visual_studio\Tutorial 0.3.8\Tut 08 Getting Oriented\obj\Debug\Tut 08 Quaternion YPR\link.command.1.tlog
F:\modern_opengl_course\tut_visual_studio\Tutorial 0.3.8\Tut 08 Getting Oriented\obj\Debug\Tut 08 Quaternion YPR\link.read.1.tlog
F:\modern_opengl_course\tut_visual_studio\Tutorial 0.3.8\Tut 08 Getting Oriented\obj\Debug\Tut 08 Quaternion YPR\link.read.2.tlog
F:\modern_opengl_course\tut_visual_studio\Tutorial 0.3.8\Tut 08 Getting Oriented\obj\Debug\Tut 08 Quaternion YPR\link.write.1.tlog
F:\modern_opengl_course\tut_visual_studio\Tutorial 0.3.8\Tut 08 Getting Oriented\obj\Debug\Tut 08 Quaternion YPR\link-cvtres.read.1.tlog
F:\modern_opengl_course\tut_visual_studio\Tutorial 0.3.8\Tut 08 Getting Oriented\obj\Debug\Tut 08 Quaternion YPR\link-cvtres.write.1.tlog
F:\modern_opengl_course\tut_visual_studio\Tutorial 0.3.8\Tut 08 Getting Oriented\obj\Debug\Tut 08 Quaternion YPR\mt.command.1.tlog
F:\modern_opengl_course\tut_visual_studio\Tutorial 0.3.8\Tut 08 Getting Oriented\obj\Debug\Tut 08 Quaternion YPR\mt.read.1.tlog
F:\modern_opengl_course\tut_visual_studio\Tutorial 0.3.8\Tut 08 Getting Oriented\obj\Debug\Tut 08 Quaternion YPR\mt.write.1.tlog
F:\MODERN_OPENGL_COURSE\TUT_VISUAL_STUDIO\TUTORIAL 0.3.8\TUT 08 GETTING ORIENTED\OBJ\DEBUG\TUT 08 QUATERNION YPR\QUATERNIONYPR.OBJ
F:\modern_opengl_course\tut_visual_studio\Tutorial 0.3.8\Tut 08 Getting Oriented\obj\Debug\Tut 08 Quaternion YPR\rc.command.1.tlog
F:\modern_opengl_course\tut_visual_studio\Tutorial 0.3.8\Tut 08 Getting Oriented\obj\Debug\Tut 08 Quaternion YPR\rc.read.1.tlog
F:\modern_opengl_course\tut_visual_studio\Tutorial 0.3.8\Tut 08 Getting Oriented\obj\Debug\Tut 08 Quaternion YPR\rc.write.1.tlog
F:\MODERN_OPENGL_COURSE\TUT_VISUAL_STUDIO\TUTORIAL 0.3.8\TUT 08 GETTING ORIENTED\OBJ\DEBUG\TUT 08 QUATERNION YPR\TUT 08 QUATERNION YPRD.EXE.EMBED.MANIFEST
F:\MODERN_OPENGL_COURSE\TUT_VISUAL_STUDIO\TUTORIAL 0.3.8\TUT 08 GETTING ORIENTED\OBJ\DEBUG\TUT 08 QUATERNION YPR\TUT 08 QUATERNION YPRD.EXE.EMBED.MANIFEST.RES
F:\MODERN_OPENGL_COURSE\TUT_VISUAL_STUDIO\TUTORIAL 0.3.8\TUT 08 GETTING ORIENTED\OBJ\DEBUG\TUT 08 QUATERNION YPR\TUT 08 QUATERNION YPRD.EXE.INTERMEDIATE.MANIFEST
F:\modern_opengl_course\tut_visual_studio\Tutorial 0.3.8\Tut 08 Getting Oriented\obj\Debug\Tut 08 Quaternion YPR\Tut 08 Quaternion YPRD_manifest.rc
F:\modern_opengl_course\tut_visual_studio\Tutorial 0.3.8\Tut 08 Getting Oriented\obj\Debug\Tut 08 Quaternion YPR\vc100.idb
F:\MODERN_OPENGL_COURSE\TUT_VISUAL_STUDIO\TUTORIAL 0.3.8\TUT 08 GETTING ORIENTED\OBJ\DEBUG\TUT 08 QUATERNION YPR\VC100.PDB
F:\MODERN_OPENGL_COURSE\TUT_VISUAL_STUDIO\TUTORIAL 0.3.8\TUT 08 GETTING ORIENTED\TUT 08 QUATERNION YPRD.EXE
F:\MODERN_OPENGL_COURSE\TUT_VISUAL_STUDIO\TUTORIAL 0.3.8\TUT 08 GETTING ORIENTED\TUT 08 QUATERNION YPRD.ILK
F:\MODERN_OPENGL_COURSE\TUT_VISUAL_STUDIO\TUTORIAL 0.3.8\TUT 08 GETTING ORIENTED\TUT 08 QUATERNION YPRD.PDB
