.\Tut 14 Perspective InterpolationD.ilk
.\Tut 14 Perspective InterpolationD.pdb
F:\modern_opengl_course\tut_visual_studio\Tutorial 0.3.8\Tut 14 Textures Are Not Pictures\.\Tut 14 Perspective InterpolationD.exe
F:\modern_opengl_course\tut_visual_studio\Tutorial 0.3.8\Tut 14 Textures Are Not Pictures\obj\Debug\Tut 14 Perspective Interpolation\cl.command.1.tlog
F:\modern_opengl_course\tut_visual_studio\Tutorial 0.3.8\Tut 14 Textures Are Not Pictures\obj\Debug\Tut 14 Perspective Interpolation\CL.read.1.tlog
F:\modern_opengl_course\tut_visual_studio\Tutorial 0.3.8\Tut 14 Textures Are Not Pictures\obj\Debug\Tut 14 Perspective Interpolation\CL.write.1.tlog
F:\modern_opengl_course\tut_visual_studio\Tutorial 0.3.8\Tut 14 Textures Are Not Pictures\obj\Debug\Tut 14 Perspective Interpolation\link.2624.read.1.tlog
F:\modern_opengl_course\tut_visual_studio\Tutorial 0.3.8\Tut 14 Textures Are Not Pictures\obj\Debug\Tut 14 Perspective Interpolation\link.2624.read.2.tlog
F:\modern_opengl_course\tut_visual_studio\Tutorial 0.3.8\Tut 14 Textures Are Not Pictures\obj\Debug\Tut 14 Perspective Interpolation\link.2624.write.1.tlog
F:\modern_opengl_course\tut_visual_studio\Tutorial 0.3.8\Tut 14 Textures Are Not Pictures\obj\Debug\Tut 14 Perspective Interpolation\link.2624-cvtres.read.1.tlog
F:\modern_opengl_course\tut_visual_studio\Tutorial 0.3.8\Tut 14 Textures Are Not Pictures\obj\Debug\Tut 14 Perspective Interpolation\link.2624-cvtres.write.1.tlog
F:\modern_opengl_course\tut_visual_studio\Tutorial 0.3.8\Tut 14 Textures Are Not Pictures\obj\Debug\Tut 14 Perspective Interpolation\link.command.1.tlog
F:\modern_opengl_course\tut_visual_studio\Tutorial 0.3.8\Tut 14 Textures Are Not Pictures\obj\Debug\Tut 14 Perspective Interpolation\link.read.1.tlog
F:\modern_opengl_course\tut_visual_studio\Tutorial 0.3.8\Tut 14 Textures Are Not Pictures\obj\Debug\Tut 14 Perspective Interpolation\link.read.2.tlog
F:\modern_opengl_course\tut_visual_studio\Tutorial 0.3.8\Tut 14 Textures Are Not Pictures\obj\Debug\Tut 14 Perspective Interpolation\link.write.1.tlog
F:\modern_opengl_course\tut_visual_studio\Tutorial 0.3.8\Tut 14 Textures Are Not Pictures\obj\Debug\Tut 14 Perspective Interpolation\link-cvtres.read.1.tlog
F:\modern_opengl_course\tut_visual_studio\Tutorial 0.3.8\Tut 14 Textures Are Not Pictures\obj\Debug\Tut 14 Perspective Interpolation\link-cvtres.write.1.tlog
F:\modern_opengl_course\tut_visual_studio\Tutorial 0.3.8\Tut 14 Textures Are Not Pictures\obj\Debug\Tut 14 Perspective Interpolation\mt.command.1.tlog
F:\modern_opengl_course\tut_visual_studio\Tutorial 0.3.8\Tut 14 Textures Are Not Pictures\obj\Debug\Tut 14 Perspective Interpolation\mt.read.1.tlog
F:\modern_opengl_course\tut_visual_studio\Tutorial 0.3.8\Tut 14 Textures Are Not Pictures\obj\Debug\Tut 14 Perspective Interpolation\mt.write.1.tlog
F:\MODERN_OPENGL_COURSE\TUT_VISUAL_STUDIO\TUTORIAL 0.3.8\TUT 14 TEXTURES ARE NOT PICTURES\OBJ\DEBUG\TUT 14 PERSPECTIVE INTERPOLATION\PERSPECTIVE INTERPOLATION.OBJ
F:\modern_opengl_course\tut_visual_studio\Tutorial 0.3.8\Tut 14 Textures Are Not Pictures\obj\Debug\Tut 14 Perspective Interpolation\rc.command.1.tlog
F:\modern_opengl_course\tut_visual_studio\Tutorial 0.3.8\Tut 14 Textures Are Not Pictures\obj\Debug\Tut 14 Perspective Interpolation\rc.read.1.tlog
F:\modern_opengl_course\tut_visual_studio\Tutorial 0.3.8\Tut 14 Textures Are Not Pictures\obj\Debug\Tut 14 Perspective Interpolation\rc.write.1.tlog
F:\MODERN_OPENGL_COURSE\TUT_VISUAL_STUDIO\TUTORIAL 0.3.8\TUT 14 TEXTURES ARE NOT PICTURES\OBJ\DEBUG\TUT 14 PERSPECTIVE INTERPOLATION\TUT 14 PERSPECTIVE INTERPOLATIOND.EXE.EMBED.MANIFEST
F:\MODERN_OPENGL_COURSE\TUT_VISUAL_STUDIO\TUTORIAL 0.3.8\TUT 14 TEXTURES ARE NOT PICTURES\OBJ\DEBUG\TUT 14 PERSPECTIVE INTERPOLATION\TUT 14 PERSPECTIVE INTERPOLATIOND.EXE.EMBED.MANIFEST.RES
F:\MODERN_OPENGL_COURSE\TUT_VISUAL_STUDIO\TUTORIAL 0.3.8\TUT 14 TEXTURES ARE NOT PICTURES\OBJ\DEBUG\TUT 14 PERSPECTIVE INTERPOLATION\TUT 14 PERSPECTIVE INTERPOLATIOND.EXE.INTERMEDIATE.MANIFEST
F:\modern_opengl_course\tut_visual_studio\Tutorial 0.3.8\Tut 14 Textures Are Not Pictures\obj\Debug\Tut 14 Perspective Interpolation\Tut 14 Perspective InterpolationD_manifest.rc
F:\modern_opengl_course\tut_visual_studio\Tutorial 0.3.8\Tut 14 Textures Are Not Pictures\obj\Debug\Tut 14 Perspective Interpolation\vc100.idb
F:\MODERN_OPENGL_COURSE\TUT_VISUAL_STUDIO\TUTORIAL 0.3.8\TUT 14 TEXTURES ARE NOT PICTURES\OBJ\DEBUG\TUT 14 PERSPECTIVE INTERPOLATION\VC100.PDB
F:\MODERN_OPENGL_COURSE\TUT_VISUAL_STUDIO\TUTORIAL 0.3.8\TUT 14 TEXTURES ARE NOT PICTURES\TUT 14 PERSPECTIVE INTERPOLATIOND.EXE
F:\MODERN_OPENGL_COURSE\TUT_VISUAL_STUDIO\TUTORIAL 0.3.8\TUT 14 TEXTURES ARE NOT PICTURES\TUT 14 PERSPECTIVE INTERPOLATIOND.ILK
F:\MODERN_OPENGL_COURSE\TUT_VISUAL_STUDIO\TUTORIAL 0.3.8\TUT 14 TEXTURES ARE NOT PICTURES\TUT 14 PERSPECTIVE INTERPOLATIOND.PDB
