.\Tut 08 InterpolationD.ilk
.\Tut 08 InterpolationD.pdb
F:\modern_opengl_course\tut_visual_studio\Tutorial 0.3.8\Tut 08 Getting Oriented\.\Tut 08 InterpolationD.exe
F:\modern_opengl_course\tut_visual_studio\Tutorial 0.3.8\Tut 08 Getting Oriented\obj\Debug\Tut 08 Interpolation\cl.command.1.tlog
F:\modern_opengl_course\tut_visual_studio\Tutorial 0.3.8\Tut 08 Getting Oriented\obj\Debug\Tut 08 Interpolation\CL.read.1.tlog
F:\modern_opengl_course\tut_visual_studio\Tutorial 0.3.8\Tut 08 Getting Oriented\obj\Debug\Tut 08 Interpolation\CL.write.1.tlog
F:\MODERN_OPENGL_COURSE\TUT_VISUAL_STUDIO\TUTORIAL 0.3.8\TUT 08 GETTING ORIENTED\OBJ\DEBUG\TUT 08 INTERPOLATION\INTERPOLATION.OBJ
F:\modern_opengl_course\tut_visual_studio\Tutorial 0.3.8\Tut 08 Getting Oriented\obj\Debug\Tut 08 Interpolation\link.8516.read.1.tlog
F:\modern_opengl_course\tut_visual_studio\Tutorial 0.3.8\Tut 08 Getting Oriented\obj\Debug\Tut 08 Interpolation\link.8516.read.2.tlog
F:\modern_opengl_course\tut_visual_studio\Tutorial 0.3.8\Tut 08 Getting Oriented\obj\Debug\Tut 08 Interpolation\link.8516.write.1.tlog
F:\modern_opengl_course\tut_visual_studio\Tutorial 0.3.8\Tut 08 Getting Oriented\obj\Debug\Tut 08 Interpolation\link.8516-cvtres.read.1.tlog
F:\modern_opengl_course\tut_visual_studio\Tutorial 0.3.8\Tut 08 Getting Oriented\obj\Debug\Tut 08 Interpolation\link.8516-cvtres.write.1.tlog
F:\modern_opengl_course\tut_visual_studio\Tutorial 0.3.8\Tut 08 Getting Oriented\obj\Debug\Tut 08 Interpolation\link.command.1.tlog
F:\modern_opengl_course\tut_visual_studio\Tutorial 0.3.8\Tut 08 Getting Oriented\obj\Debug\Tut 08 Interpolation\link.read.1.tlog
F:\modern_opengl_course\tut_visual_studio\Tutorial 0.3.8\Tut 08 Getting Oriented\obj\Debug\Tut 08 Interpolation\link.read.2.tlog
F:\modern_opengl_course\tut_visual_studio\Tutorial 0.3.8\Tut 08 Getting Oriented\obj\Debug\Tut 08 Interpolation\link.write.1.tlog
F:\modern_opengl_course\tut_visual_studio\Tutorial 0.3.8\Tut 08 Getting Oriented\obj\Debug\Tut 08 Interpolation\link-cvtres.read.1.tlog
F:\modern_opengl_course\tut_visual_studio\Tutorial 0.3.8\Tut 08 Getting Oriented\obj\Debug\Tut 08 Interpolation\link-cvtres.write.1.tlog
F:\modern_opengl_course\tut_visual_studio\Tutorial 0.3.8\Tut 08 Getting Oriented\obj\Debug\Tut 08 Interpolation\mt.command.1.tlog
F:\modern_opengl_course\tut_visual_studio\Tutorial 0.3.8\Tut 08 Getting Oriented\obj\Debug\Tut 08 Interpolation\mt.read.1.tlog
F:\modern_opengl_course\tut_visual_studio\Tutorial 0.3.8\Tut 08 Getting Oriented\obj\Debug\Tut 08 Interpolation\mt.write.1.tlog
F:\modern_opengl_course\tut_visual_studio\Tutorial 0.3.8\Tut 08 Getting Oriented\obj\Debug\Tut 08 Interpolation\rc.command.1.tlog
F:\modern_opengl_course\tut_visual_studio\Tutorial 0.3.8\Tut 08 Getting Oriented\obj\Debug\Tut 08 Interpolation\rc.read.1.tlog
F:\modern_opengl_course\tut_visual_studio\Tutorial 0.3.8\Tut 08 Getting Oriented\obj\Debug\Tut 08 Interpolation\rc.write.1.tlog
F:\MODERN_OPENGL_COURSE\TUT_VISUAL_STUDIO\TUTORIAL 0.3.8\TUT 08 GETTING ORIENTED\OBJ\DEBUG\TUT 08 INTERPOLATION\TUT 08 INTERPOLATIOND.EXE.EMBED.MANIFEST
F:\MODERN_OPENGL_COURSE\TUT_VISUAL_STUDIO\TUTORIAL 0.3.8\TUT 08 GETTING ORIENTED\OBJ\DEBUG\TUT 08 INTERPOLATION\TUT 08 INTERPOLATIOND.EXE.EMBED.MANIFEST.RES
F:\MODERN_OPENGL_COURSE\TUT_VISUAL_STUDIO\TUTORIAL 0.3.8\TUT 08 GETTING ORIENTED\OBJ\DEBUG\TUT 08 INTERPOLATION\TUT 08 INTERPOLATIOND.EXE.INTERMEDIATE.MANIFEST
F:\modern_opengl_course\tut_visual_studio\Tutorial 0.3.8\Tut 08 Getting Oriented\obj\Debug\Tut 08 Interpolation\Tut 08 InterpolationD_manifest.rc
F:\modern_opengl_course\tut_visual_studio\Tutorial 0.3.8\Tut 08 Getting Oriented\obj\Debug\Tut 08 Interpolation\vc100.idb
F:\MODERN_OPENGL_COURSE\TUT_VISUAL_STUDIO\TUTORIAL 0.3.8\TUT 08 GETTING ORIENTED\OBJ\DEBUG\TUT 08 INTERPOLATION\VC100.PDB
F:\MODERN_OPENGL_COURSE\TUT_VISUAL_STUDIO\TUTORIAL 0.3.8\TUT 08 GETTING ORIENTED\TUT 08 INTERPOLATIOND.EXE
F:\MODERN_OPENGL_COURSE\TUT_VISUAL_STUDIO\TUTORIAL 0.3.8\TUT 08 GETTING ORIENTED\TUT 08 INTERPOLATIOND.ILK
F:\MODERN_OPENGL_COURSE\TUT_VISUAL_STUDIO\TUTORIAL 0.3.8\TUT 08 GETTING ORIENTED\TUT 08 INTERPOLATIOND.PDB
