.\Tut 17 Double ProjectionD.ilk
.\Tut 17 Double ProjectionD.pdb
F:\modern_opengl_course\tut_visual_studio\Tutorial 0.3.8\Tut 17 Spotlight on Textures\.\Tut 17 Double ProjectionD.exe
F:\modern_opengl_course\tut_visual_studio\Tutorial 0.3.8\Tut 17 Spotlight on Textures\obj\Debug\Tut 17 Double Projection\cl.command.1.tlog
F:\modern_opengl_course\tut_visual_studio\Tutorial 0.3.8\Tut 17 Spotlight on Textures\obj\Debug\Tut 17 Double Projection\CL.read.1.tlog
F:\modern_opengl_course\tut_visual_studio\Tutorial 0.3.8\Tut 17 Spotlight on Textures\obj\Debug\Tut 17 Double Projection\CL.write.1.tlog
F:\MODERN_OPENGL_COURSE\TUT_VISUAL_STUDIO\TUTORIAL 0.3.8\TUT 17 SPOTLIGHT ON TEXTURES\OBJ\DEBUG\TUT 17 DOUBLE PROJECTION\DOUBLE PROJECTION.OBJ
F:\modern_opengl_course\tut_visual_studio\Tutorial 0.3.8\Tut 17 Spotlight on Textures\obj\Debug\Tut 17 Double Projection\link.7888.read.1.tlog
F:\modern_opengl_course\tut_visual_studio\Tutorial 0.3.8\Tut 17 Spotlight on Textures\obj\Debug\Tut 17 Double Projection\link.7888.read.2.tlog
F:\modern_opengl_course\tut_visual_studio\Tutorial 0.3.8\Tut 17 Spotlight on Textures\obj\Debug\Tut 17 Double Projection\link.7888.write.1.tlog
F:\modern_opengl_course\tut_visual_studio\Tutorial 0.3.8\Tut 17 Spotlight on Textures\obj\Debug\Tut 17 Double Projection\link.7888-cvtres.read.1.tlog
F:\modern_opengl_course\tut_visual_studio\Tutorial 0.3.8\Tut 17 Spotlight on Textures\obj\Debug\Tut 17 Double Projection\link.7888-cvtres.write.1.tlog
F:\modern_opengl_course\tut_visual_studio\Tutorial 0.3.8\Tut 17 Spotlight on Textures\obj\Debug\Tut 17 Double Projection\link.command.1.tlog
F:\modern_opengl_course\tut_visual_studio\Tutorial 0.3.8\Tut 17 Spotlight on Textures\obj\Debug\Tut 17 Double Projection\link.read.1.tlog
F:\modern_opengl_course\tut_visual_studio\Tutorial 0.3.8\Tut 17 Spotlight on Textures\obj\Debug\Tut 17 Double Projection\link.read.2.tlog
F:\modern_opengl_course\tut_visual_studio\Tutorial 0.3.8\Tut 17 Spotlight on Textures\obj\Debug\Tut 17 Double Projection\link.write.1.tlog
F:\modern_opengl_course\tut_visual_studio\Tutorial 0.3.8\Tut 17 Spotlight on Textures\obj\Debug\Tut 17 Double Projection\link-cvtres.read.1.tlog
F:\modern_opengl_course\tut_visual_studio\Tutorial 0.3.8\Tut 17 Spotlight on Textures\obj\Debug\Tut 17 Double Projection\link-cvtres.write.1.tlog
F:\modern_opengl_course\tut_visual_studio\Tutorial 0.3.8\Tut 17 Spotlight on Textures\obj\Debug\Tut 17 Double Projection\mt.command.1.tlog
F:\modern_opengl_course\tut_visual_studio\Tutorial 0.3.8\Tut 17 Spotlight on Textures\obj\Debug\Tut 17 Double Projection\mt.read.1.tlog
F:\modern_opengl_course\tut_visual_studio\Tutorial 0.3.8\Tut 17 Spotlight on Textures\obj\Debug\Tut 17 Double Projection\mt.write.1.tlog
F:\modern_opengl_course\tut_visual_studio\Tutorial 0.3.8\Tut 17 Spotlight on Textures\obj\Debug\Tut 17 Double Projection\rc.command.1.tlog
F:\modern_opengl_course\tut_visual_studio\Tutorial 0.3.8\Tut 17 Spotlight on Textures\obj\Debug\Tut 17 Double Projection\rc.read.1.tlog
F:\modern_opengl_course\tut_visual_studio\Tutorial 0.3.8\Tut 17 Spotlight on Textures\obj\Debug\Tut 17 Double Projection\rc.write.1.tlog
F:\MODERN_OPENGL_COURSE\TUT_VISUAL_STUDIO\TUTORIAL 0.3.8\TUT 17 SPOTLIGHT ON TEXTURES\OBJ\DEBUG\TUT 17 DOUBLE PROJECTION\TUT 17 DOUBLE PROJECTIOND.EXE.EMBED.MANIFEST
F:\MODERN_OPENGL_COURSE\TUT_VISUAL_STUDIO\TUTORIAL 0.3.8\TUT 17 SPOTLIGHT ON TEXTURES\OBJ\DEBUG\TUT 17 DOUBLE PROJECTION\TUT 17 DOUBLE PROJECTIOND.EXE.EMBED.MANIFEST.RES
F:\MODERN_OPENGL_COURSE\TUT_VISUAL_STUDIO\TUTORIAL 0.3.8\TUT 17 SPOTLIGHT ON TEXTURES\OBJ\DEBUG\TUT 17 DOUBLE PROJECTION\TUT 17 DOUBLE PROJECTIOND.EXE.INTERMEDIATE.MANIFEST
F:\modern_opengl_course\tut_visual_studio\Tutorial 0.3.8\Tut 17 Spotlight on Textures\obj\Debug\Tut 17 Double Projection\Tut 17 Double ProjectionD_manifest.rc
F:\modern_opengl_course\tut_visual_studio\Tutorial 0.3.8\Tut 17 Spotlight on Textures\obj\Debug\Tut 17 Double Projection\vc100.idb
F:\MODERN_OPENGL_COURSE\TUT_VISUAL_STUDIO\TUTORIAL 0.3.8\TUT 17 SPOTLIGHT ON TEXTURES\OBJ\DEBUG\TUT 17 DOUBLE PROJECTION\VC100.PDB
F:\MODERN_OPENGL_COURSE\TUT_VISUAL_STUDIO\TUTORIAL 0.3.8\TUT 17 SPOTLIGHT ON TEXTURES\TUT 17 DOUBLE PROJECTIOND.EXE
F:\MODERN_OPENGL_COURSE\TUT_VISUAL_STUDIO\TUTORIAL 0.3.8\TUT 17 SPOTLIGHT ON TEXTURES\TUT 17 DOUBLE PROJECTIOND.ILK
F:\MODERN_OPENGL_COURSE\TUT_VISUAL_STUDIO\TUTORIAL 0.3.8\TUT 17 SPOTLIGHT ON TEXTURES\TUT 17 DOUBLE PROJECTIOND.PDB
