.\Tut 12 Scene LightingD.ilk
.\Tut 12 Scene LightingD.pdb
F:\modern_opengl_course\tut_visual_studio\Tutorial 0.3.8\Tut 12 Dynamic Range\.\Tut 12 Scene LightingD.exe
F:\modern_opengl_course\tut_visual_studio\Tutorial 0.3.8\Tut 12 Dynamic Range\obj\Debug\Tut 12 Scene Lighting\cl.command.1.tlog
F:\modern_opengl_course\tut_visual_studio\Tutorial 0.3.8\Tut 12 Dynamic Range\obj\Debug\Tut 12 Scene Lighting\CL.read.1.tlog
F:\modern_opengl_course\tut_visual_studio\Tutorial 0.3.8\Tut 12 Dynamic Range\obj\Debug\Tut 12 Scene Lighting\CL.write.1.tlog
F:\MODERN_OPENGL_COURSE\TUT_VISUAL_STUDIO\TUTORIAL 0.3.8\TUT 12 DYNAMIC RANGE\OBJ\DEBUG\TUT 12 SCENE LIGHTING\LIGHTS.OBJ
F:\modern_opengl_course\tut_visual_studio\Tutorial 0.3.8\Tut 12 Dynamic Range\obj\Debug\Tut 12 Scene Lighting\link.4204.read.1.tlog
F:\modern_opengl_course\tut_visual_studio\Tutorial 0.3.8\Tut 12 Dynamic Range\obj\Debug\Tut 12 Scene Lighting\link.4204.read.2.tlog
F:\modern_opengl_course\tut_visual_studio\Tutorial 0.3.8\Tut 12 Dynamic Range\obj\Debug\Tut 12 Scene Lighting\link.4204.write.1.tlog
F:\modern_opengl_course\tut_visual_studio\Tutorial 0.3.8\Tut 12 Dynamic Range\obj\Debug\Tut 12 Scene Lighting\link.4204-cvtres.read.1.tlog
F:\modern_opengl_course\tut_visual_studio\Tutorial 0.3.8\Tut 12 Dynamic Range\obj\Debug\Tut 12 Scene Lighting\link.4204-cvtres.write.1.tlog
F:\modern_opengl_course\tut_visual_studio\Tutorial 0.3.8\Tut 12 Dynamic Range\obj\Debug\Tut 12 Scene Lighting\link.command.1.tlog
F:\modern_opengl_course\tut_visual_studio\Tutorial 0.3.8\Tut 12 Dynamic Range\obj\Debug\Tut 12 Scene Lighting\link.read.1.tlog
F:\modern_opengl_course\tut_visual_studio\Tutorial 0.3.8\Tut 12 Dynamic Range\obj\Debug\Tut 12 Scene Lighting\link.read.2.tlog
F:\modern_opengl_course\tut_visual_studio\Tutorial 0.3.8\Tut 12 Dynamic Range\obj\Debug\Tut 12 Scene Lighting\link.write.1.tlog
F:\modern_opengl_course\tut_visual_studio\Tutorial 0.3.8\Tut 12 Dynamic Range\obj\Debug\Tut 12 Scene Lighting\link-cvtres.read.1.tlog
F:\modern_opengl_course\tut_visual_studio\Tutorial 0.3.8\Tut 12 Dynamic Range\obj\Debug\Tut 12 Scene Lighting\link-cvtres.write.1.tlog
F:\modern_opengl_course\tut_visual_studio\Tutorial 0.3.8\Tut 12 Dynamic Range\obj\Debug\Tut 12 Scene Lighting\mt.command.1.tlog
F:\modern_opengl_course\tut_visual_studio\Tutorial 0.3.8\Tut 12 Dynamic Range\obj\Debug\Tut 12 Scene Lighting\mt.read.1.tlog
F:\modern_opengl_course\tut_visual_studio\Tutorial 0.3.8\Tut 12 Dynamic Range\obj\Debug\Tut 12 Scene Lighting\mt.write.1.tlog
F:\modern_opengl_course\tut_visual_studio\Tutorial 0.3.8\Tut 12 Dynamic Range\obj\Debug\Tut 12 Scene Lighting\rc.command.1.tlog
F:\modern_opengl_course\tut_visual_studio\Tutorial 0.3.8\Tut 12 Dynamic Range\obj\Debug\Tut 12 Scene Lighting\rc.read.1.tlog
F:\modern_opengl_course\tut_visual_studio\Tutorial 0.3.8\Tut 12 Dynamic Range\obj\Debug\Tut 12 Scene Lighting\rc.write.1.tlog
F:\MODERN_OPENGL_COURSE\TUT_VISUAL_STUDIO\TUTORIAL 0.3.8\TUT 12 DYNAMIC RANGE\OBJ\DEBUG\TUT 12 SCENE LIGHTING\SCENE LIGHTING.OBJ
F:\MODERN_OPENGL_COURSE\TUT_VISUAL_STUDIO\TUTORIAL 0.3.8\TUT 12 DYNAMIC RANGE\OBJ\DEBUG\TUT 12 SCENE LIGHTING\SCENE.OBJ
F:\MODERN_OPENGL_COURSE\TUT_VISUAL_STUDIO\TUTORIAL 0.3.8\TUT 12 DYNAMIC RANGE\OBJ\DEBUG\TUT 12 SCENE LIGHTING\TUT 12 SCENE LIGHTINGD.EXE.EMBED.MANIFEST
F:\MODERN_OPENGL_COURSE\TUT_VISUAL_STUDIO\TUTORIAL 0.3.8\TUT 12 DYNAMIC RANGE\OBJ\DEBUG\TUT 12 SCENE LIGHTING\TUT 12 SCENE LIGHTINGD.EXE.EMBED.MANIFEST.RES
F:\MODERN_OPENGL_COURSE\TUT_VISUAL_STUDIO\TUTORIAL 0.3.8\TUT 12 DYNAMIC RANGE\OBJ\DEBUG\TUT 12 SCENE LIGHTING\TUT 12 SCENE LIGHTINGD.EXE.INTERMEDIATE.MANIFEST
F:\modern_opengl_course\tut_visual_studio\Tutorial 0.3.8\Tut 12 Dynamic Range\obj\Debug\Tut 12 Scene Lighting\Tut 12 Scene LightingD_manifest.rc
F:\modern_opengl_course\tut_visual_studio\Tutorial 0.3.8\Tut 12 Dynamic Range\obj\Debug\Tut 12 Scene Lighting\vc100.idb
F:\MODERN_OPENGL_COURSE\TUT_VISUAL_STUDIO\TUTORIAL 0.3.8\TUT 12 DYNAMIC RANGE\OBJ\DEBUG\TUT 12 SCENE LIGHTING\VC100.PDB
F:\MODERN_OPENGL_COURSE\TUT_VISUAL_STUDIO\TUTORIAL 0.3.8\TUT 12 DYNAMIC RANGE\TUT 12 SCENE LIGHTINGD.EXE
F:\MODERN_OPENGL_COURSE\TUT_VISUAL_STUDIO\TUTORIAL 0.3.8\TUT 12 DYNAMIC RANGE\TUT 12 SCENE LIGHTINGD.ILK
F:\MODERN_OPENGL_COURSE\TUT_VISUAL_STUDIO\TUTORIAL 0.3.8\TUT 12 DYNAMIC RANGE\TUT 12 SCENE LIGHTINGD.PDB
