.\Tut 03 Shader Position OffsetD.ilk
.\Tut 03 Shader Position OffsetD.pdb
F:\modern_opengl_course\tut_visual_studio\Tutorial 0.3.8\Tut 03 OpenGLs Moving Triangle\.\Tut 03 Shader Position OffsetD.exe
F:\modern_opengl_course\tut_visual_studio\Tutorial 0.3.8\Tut 03 OpenGLs Moving Triangle\obj\Debug\Tut 03 Shader Position Offset\cl.command.1.tlog
F:\modern_opengl_course\tut_visual_studio\Tutorial 0.3.8\Tut 03 OpenGLs Moving Triangle\obj\Debug\Tut 03 Shader Position Offset\CL.read.1.tlog
F:\modern_opengl_course\tut_visual_studio\Tutorial 0.3.8\Tut 03 OpenGLs Moving Triangle\obj\Debug\Tut 03 Shader Position Offset\CL.write.1.tlog
F:\modern_opengl_course\tut_visual_studio\Tutorial 0.3.8\Tut 03 OpenGLs Moving Triangle\obj\Debug\Tut 03 Shader Position Offset\link.7896.read.1.tlog
F:\modern_opengl_course\tut_visual_studio\Tutorial 0.3.8\Tut 03 OpenGLs Moving Triangle\obj\Debug\Tut 03 Shader Position Offset\link.7896.read.2.tlog
F:\modern_opengl_course\tut_visual_studio\Tutorial 0.3.8\Tut 03 OpenGLs Moving Triangle\obj\Debug\Tut 03 Shader Position Offset\link.7896.write.1.tlog
F:\modern_opengl_course\tut_visual_studio\Tutorial 0.3.8\Tut 03 OpenGLs Moving Triangle\obj\Debug\Tut 03 Shader Position Offset\link.7896-cvtres.read.1.tlog
F:\modern_opengl_course\tut_visual_studio\Tutorial 0.3.8\Tut 03 OpenGLs Moving Triangle\obj\Debug\Tut 03 Shader Position Offset\link.7896-cvtres.write.1.tlog
F:\modern_opengl_course\tut_visual_studio\Tutorial 0.3.8\Tut 03 OpenGLs Moving Triangle\obj\Debug\Tut 03 Shader Position Offset\link.command.1.tlog
F:\modern_opengl_course\tut_visual_studio\Tutorial 0.3.8\Tut 03 OpenGLs Moving Triangle\obj\Debug\Tut 03 Shader Position Offset\link.read.1.tlog
F:\modern_opengl_course\tut_visual_studio\Tutorial 0.3.8\Tut 03 OpenGLs Moving Triangle\obj\Debug\Tut 03 Shader Position Offset\link.read.2.tlog
F:\modern_opengl_course\tut_visual_studio\Tutorial 0.3.8\Tut 03 OpenGLs Moving Triangle\obj\Debug\Tut 03 Shader Position Offset\link.write.1.tlog
F:\modern_opengl_course\tut_visual_studio\Tutorial 0.3.8\Tut 03 OpenGLs Moving Triangle\obj\Debug\Tut 03 Shader Position Offset\link-cvtres.read.1.tlog
F:\modern_opengl_course\tut_visual_studio\Tutorial 0.3.8\Tut 03 OpenGLs Moving Triangle\obj\Debug\Tut 03 Shader Position Offset\link-cvtres.write.1.tlog
F:\modern_opengl_course\tut_visual_studio\Tutorial 0.3.8\Tut 03 OpenGLs Moving Triangle\obj\Debug\Tut 03 Shader Position Offset\mt.command.1.tlog
F:\modern_opengl_course\tut_visual_studio\Tutorial 0.3.8\Tut 03 OpenGLs Moving Triangle\obj\Debug\Tut 03 Shader Position Offset\mt.read.1.tlog
F:\modern_opengl_course\tut_visual_studio\Tutorial 0.3.8\Tut 03 OpenGLs Moving Triangle\obj\Debug\Tut 03 Shader Position Offset\mt.write.1.tlog
F:\modern_opengl_course\tut_visual_studio\Tutorial 0.3.8\Tut 03 OpenGLs Moving Triangle\obj\Debug\Tut 03 Shader Position Offset\rc.command.1.tlog
F:\modern_opengl_course\tut_visual_studio\Tutorial 0.3.8\Tut 03 OpenGLs Moving Triangle\obj\Debug\Tut 03 Shader Position Offset\rc.read.1.tlog
F:\modern_opengl_course\tut_visual_studio\Tutorial 0.3.8\Tut 03 OpenGLs Moving Triangle\obj\Debug\Tut 03 Shader Position Offset\rc.write.1.tlog
F:\MODERN_OPENGL_COURSE\TUT_VISUAL_STUDIO\TUTORIAL 0.3.8\TUT 03 OPENGLS MOVING TRIANGLE\OBJ\DEBUG\TUT 03 SHADER POSITION OFFSET\TUT 03 SHADER POSITION OFFSETD.EXE.EMBED.MANIFEST
F:\MODERN_OPENGL_COURSE\TUT_VISUAL_STUDIO\TUTORIAL 0.3.8\TUT 03 OPENGLS MOVING TRIANGLE\OBJ\DEBUG\TUT 03 SHADER POSITION OFFSET\TUT 03 SHADER POSITION OFFSETD.EXE.EMBED.MANIFEST.RES
F:\MODERN_OPENGL_COURSE\TUT_VISUAL_STUDIO\TUTORIAL 0.3.8\TUT 03 OPENGLS MOVING TRIANGLE\OBJ\DEBUG\TUT 03 SHADER POSITION OFFSET\TUT 03 SHADER POSITION OFFSETD.EXE.INTERMEDIATE.MANIFEST
F:\modern_opengl_course\tut_visual_studio\Tutorial 0.3.8\Tut 03 OpenGLs Moving Triangle\obj\Debug\Tut 03 Shader Position Offset\Tut 03 Shader Position OffsetD_manifest.rc
F:\modern_opengl_course\tut_visual_studio\Tutorial 0.3.8\Tut 03 OpenGLs Moving Triangle\obj\Debug\Tut 03 Shader Position Offset\vc100.idb
F:\MODERN_OPENGL_COURSE\TUT_VISUAL_STUDIO\TUTORIAL 0.3.8\TUT 03 OPENGLS MOVING TRIANGLE\OBJ\DEBUG\TUT 03 SHADER POSITION OFFSET\VC100.PDB
F:\MODERN_OPENGL_COURSE\TUT_VISUAL_STUDIO\TUTORIAL 0.3.8\TUT 03 OPENGLS MOVING TRIANGLE\OBJ\DEBUG\TUT 03 SHADER POSITION OFFSET\VERTPOSITIONOFFSET.OBJ
F:\MODERN_OPENGL_COURSE\TUT_VISUAL_STUDIO\TUTORIAL 0.3.8\TUT 03 OPENGLS MOVING TRIANGLE\TUT 03 SHADER POSITION OFFSETD.EXE
F:\MODERN_OPENGL_COURSE\TUT_VISUAL_STUDIO\TUTORIAL 0.3.8\TUT 03 OPENGLS MOVING TRIANGLE\TUT 03 SHADER POSITION OFFSETD.ILK
F:\MODERN_OPENGL_COURSE\TUT_VISUAL_STUDIO\TUTORIAL 0.3.8\TUT 03 OPENGLS MOVING TRIANGLE\TUT 03 SHADER POSITION OFFSETD.PDB
