.\Tut 09 Ambient LightingD.ilk
.\Tut 09 Ambient LightingD.pdb
F:\modern_opengl_course\tut_visual_studio\Tutorial 0.3.8\Tut 09 Lights on\.\Tut 09 Ambient LightingD.exe
F:\MODERN_OPENGL_COURSE\TUT_VISUAL_STUDIO\TUTORIAL 0.3.8\TUT 09 LIGHTS ON\OBJ\DEBUG\TUT 09 AMBIENT LIGHTING\AMBIENT LIGHTING.OBJ
F:\modern_opengl_course\tut_visual_studio\Tutorial 0.3.8\Tut 09 Lights on\obj\Debug\Tut 09 Ambient Lighting\cl.command.1.tlog
F:\modern_opengl_course\tut_visual_studio\Tutorial 0.3.8\Tut 09 Lights on\obj\Debug\Tut 09 Ambient Lighting\CL.read.1.tlog
F:\modern_opengl_course\tut_visual_studio\Tutorial 0.3.8\Tut 09 Lights on\obj\Debug\Tut 09 Ambient Lighting\CL.write.1.tlog
F:\modern_opengl_course\tut_visual_studio\Tutorial 0.3.8\Tut 09 Lights on\obj\Debug\Tut 09 Ambient Lighting\link.9996.read.1.tlog
F:\modern_opengl_course\tut_visual_studio\Tutorial 0.3.8\Tut 09 Lights on\obj\Debug\Tut 09 Ambient Lighting\link.9996.read.2.tlog
F:\modern_opengl_course\tut_visual_studio\Tutorial 0.3.8\Tut 09 Lights on\obj\Debug\Tut 09 Ambient Lighting\link.9996.write.1.tlog
F:\modern_opengl_course\tut_visual_studio\Tutorial 0.3.8\Tut 09 Lights on\obj\Debug\Tut 09 Ambient Lighting\link.9996-cvtres.read.1.tlog
F:\modern_opengl_course\tut_visual_studio\Tutorial 0.3.8\Tut 09 Lights on\obj\Debug\Tut 09 Ambient Lighting\link.9996-cvtres.write.1.tlog
F:\modern_opengl_course\tut_visual_studio\Tutorial 0.3.8\Tut 09 Lights on\obj\Debug\Tut 09 Ambient Lighting\link.command.1.tlog
F:\modern_opengl_course\tut_visual_studio\Tutorial 0.3.8\Tut 09 Lights on\obj\Debug\Tut 09 Ambient Lighting\link.read.1.tlog
F:\modern_opengl_course\tut_visual_studio\Tutorial 0.3.8\Tut 09 Lights on\obj\Debug\Tut 09 Ambient Lighting\link.read.2.tlog
F:\modern_opengl_course\tut_visual_studio\Tutorial 0.3.8\Tut 09 Lights on\obj\Debug\Tut 09 Ambient Lighting\link.write.1.tlog
F:\modern_opengl_course\tut_visual_studio\Tutorial 0.3.8\Tut 09 Lights on\obj\Debug\Tut 09 Ambient Lighting\link-cvtres.read.1.tlog
F:\modern_opengl_course\tut_visual_studio\Tutorial 0.3.8\Tut 09 Lights on\obj\Debug\Tut 09 Ambient Lighting\link-cvtres.write.1.tlog
F:\modern_opengl_course\tut_visual_studio\Tutorial 0.3.8\Tut 09 Lights on\obj\Debug\Tut 09 Ambient Lighting\mt.command.1.tlog
F:\modern_opengl_course\tut_visual_studio\Tutorial 0.3.8\Tut 09 Lights on\obj\Debug\Tut 09 Ambient Lighting\mt.read.1.tlog
F:\modern_opengl_course\tut_visual_studio\Tutorial 0.3.8\Tut 09 Lights on\obj\Debug\Tut 09 Ambient Lighting\mt.write.1.tlog
F:\modern_opengl_course\tut_visual_studio\Tutorial 0.3.8\Tut 09 Lights on\obj\Debug\Tut 09 Ambient Lighting\rc.command.1.tlog
F:\modern_opengl_course\tut_visual_studio\Tutorial 0.3.8\Tut 09 Lights on\obj\Debug\Tut 09 Ambient Lighting\rc.read.1.tlog
F:\modern_opengl_course\tut_visual_studio\Tutorial 0.3.8\Tut 09 Lights on\obj\Debug\Tut 09 Ambient Lighting\rc.write.1.tlog
F:\MODERN_OPENGL_COURSE\TUT_VISUAL_STUDIO\TUTORIAL 0.3.8\TUT 09 LIGHTS ON\OBJ\DEBUG\TUT 09 AMBIENT LIGHTING\TUT 09 AMBIENT LIGHTINGD.EXE.EMBED.MANIFEST
F:\MODERN_OPENGL_COURSE\TUT_VISUAL_STUDIO\TUTORIAL 0.3.8\TUT 09 LIGHTS ON\OBJ\DEBUG\TUT 09 AMBIENT LIGHTING\TUT 09 AMBIENT LIGHTINGD.EXE.EMBED.MANIFEST.RES
F:\MODERN_OPENGL_COURSE\TUT_VISUAL_STUDIO\TUTORIAL 0.3.8\TUT 09 LIGHTS ON\OBJ\DEBUG\TUT 09 AMBIENT LIGHTING\TUT 09 AMBIENT LIGHTINGD.EXE.INTERMEDIATE.MANIFEST
F:\modern_opengl_course\tut_visual_studio\Tutorial 0.3.8\Tut 09 Lights on\obj\Debug\Tut 09 Ambient Lighting\Tut 09 Ambient LightingD_manifest.rc
F:\modern_opengl_course\tut_visual_studio\Tutorial 0.3.8\Tut 09 Lights on\obj\Debug\Tut 09 Ambient Lighting\vc100.idb
F:\MODERN_OPENGL_COURSE\TUT_VISUAL_STUDIO\TUTORIAL 0.3.8\TUT 09 LIGHTS ON\OBJ\DEBUG\TUT 09 AMBIENT LIGHTING\VC100.PDB
F:\MODERN_OPENGL_COURSE\TUT_VISUAL_STUDIO\TUTORIAL 0.3.8\TUT 09 LIGHTS ON\TUT 09 AMBIENT LIGHTINGD.EXE
F:\MODERN_OPENGL_COURSE\TUT_VISUAL_STUDIO\TUTORIAL 0.3.8\TUT 09 LIGHTS ON\TUT 09 AMBIENT LIGHTINGD.ILK
F:\MODERN_OPENGL_COURSE\TUT_VISUAL_STUDIO\TUTORIAL 0.3.8\TUT 09 LIGHTS ON\TUT 09 AMBIENT LIGHTINGD.PDB
